<?xml version="1.0" encoding="UTF-8"?>
<coverage generated="1768794108534" clover="3.2.0">
  <project timestamp="1768794108534" name="All files">
    <metrics statements="3273" coveredstatements="1616" conditionals="2157" coveredconditionals="912" methods="519" coveredmethods="270" elements="5949" coveredelements="2798" complexity="0" loc="3273" ncloc="3273" packages="1" files="24" classes="24"/>
    <file name="BOMExporter.ts" path="/mnt/AC74CC2974CBF3DC/другие проекты/базис-веб/services/BOMExporter.ts">
      <metrics statements="110" coveredstatements="0" conditionals="38" coveredconditionals="0" methods="8" coveredmethods="0"/>
      <line num="16" count="0" type="stmt"/>
      <line num="21" count="0" type="stmt"/>
      <line num="22" count="0" type="stmt"/>
      <line num="23" count="0" type="stmt"/>
      <line num="24" count="0" type="stmt"/>
      <line num="25" count="0" type="stmt"/>
      <line num="26" count="0" type="stmt"/>
      <line num="27" count="0" type="stmt"/>
      <line num="28" count="0" type="stmt"/>
      <line num="29" count="0" type="stmt"/>
      <line num="31" count="0" type="stmt"/>
      <line num="32" count="0" type="stmt"/>
      <line num="33" count="0" type="stmt"/>
      <line num="34" count="0" type="stmt"/>
      <line num="35" count="0" type="stmt"/>
      <line num="36" count="0" type="stmt"/>
      <line num="37" count="0" type="stmt"/>
      <line num="38" count="0" type="stmt"/>
      <line num="39" count="0" type="stmt"/>
      <line num="43" count="0" type="stmt"/>
      <line num="44" count="0" type="stmt"/>
      <line num="45" count="0" type="stmt"/>
      <line num="46" count="0" type="stmt"/>
      <line num="47" count="0" type="stmt"/>
      <line num="48" count="0" type="stmt"/>
      <line num="49" count="0" type="stmt"/>
      <line num="51" count="0" type="stmt"/>
      <line num="54" count="0" type="cond" truecount="0" falsecount="2"/>
      <line num="55" count="0" type="stmt"/>
      <line num="56" count="0" type="stmt"/>
      <line num="57" count="0" type="cond" truecount="0" falsecount="2"/>
      <line num="58" count="0" type="cond" truecount="0" falsecount="2"/>
      <line num="59" count="0" type="cond" truecount="0" falsecount="2"/>
      <line num="60" count="0" type="cond" truecount="0" falsecount="2"/>
      <line num="61" count="0" type="cond" truecount="0" falsecount="2"/>
      <line num="62" count="0" type="cond" truecount="0" falsecount="2"/>
      <line num="63" count="0" type="cond" truecount="0" falsecount="2"/>
      <line num="64" count="0" type="stmt"/>
      <line num="67" count="0" type="stmt"/>
      <line num="74" count="0" type="stmt"/>
      <line num="75" count="0" type="stmt"/>
      <line num="77" count="0" type="stmt"/>
      <line num="78" count="0" type="stmt"/>
      <line num="82" count="0" type="stmt"/>
      <line num="84" count="0" type="cond" truecount="0" falsecount="2"/>
      <line num="85" count="0" type="stmt"/>
      <line num="86" count="0" type="cond" truecount="0" falsecount="2"/>
      <line num="87" count="0" type="cond" truecount="0" falsecount="2"/>
      <line num="88" count="0" type="cond" truecount="0" falsecount="2"/>
      <line num="89" count="0" type="cond" truecount="0" falsecount="2"/>
      <line num="90" count="0" type="cond" truecount="0" falsecount="2"/>
      <line num="91" count="0" type="cond" truecount="0" falsecount="2"/>
      <line num="92" count="0" type="cond" truecount="0" falsecount="2"/>
      <line num="95" count="0" type="stmt"/>
      <line num="102" count="0" type="stmt"/>
      <line num="112" count="0" type="stmt"/>
      <line num="114" count="0" type="stmt"/>
      <line num="115" count="0" type="stmt"/>
      <line num="124" count="0" type="stmt"/>
      <line num="128" count="0" type="stmt"/>
      <line num="129" count="0" type="stmt"/>
      <line num="133" count="0" type="stmt"/>
      <line num="140" count="0" type="stmt"/>
      <line num="142" count="0" type="stmt"/>
      <line num="143" count="0" type="stmt"/>
      <line num="144" count="0" type="stmt"/>
      <line num="145" count="0" type="cond" truecount="0" falsecount="2"/>
      <line num="146" count="0" type="stmt"/>
      <line num="147" count="0" type="stmt"/>
      <line num="148" count="0" type="stmt"/>
      <line num="150" count="0" type="stmt"/>
      <line num="158" count="0" type="stmt"/>
      <line num="160" count="0" type="stmt"/>
      <line num="161" count="0" type="stmt"/>
      <line num="162" count="0" type="stmt"/>
      <line num="163" count="0" type="stmt"/>
      <line num="164" count="0" type="stmt"/>
      <line num="165" count="0" type="stmt"/>
      <line num="166" count="0" type="stmt"/>
      <line num="168" count="0" type="stmt"/>
      <line num="169" count="0" type="stmt"/>
      <line num="172" count="0" type="stmt"/>
      <line num="175" count="0" type="stmt"/>
      <line num="182" count="0" type="stmt"/>
      <line num="183" count="0" type="stmt"/>
      <line num="184" count="0" type="stmt"/>
      <line num="186" count="0" type="stmt"/>
      <line num="187" count="0" type="stmt"/>
      <line num="188" count="0" type="stmt"/>
      <line num="189" count="0" type="stmt"/>
      <line num="190" count="0" type="stmt"/>
      <line num="191" count="0" type="stmt"/>
      <line num="193" count="0" type="stmt"/>
      <line num="200" count="0" type="stmt"/>
      <line num="202" count="0" type="stmt"/>
      <line num="203" count="0" type="cond" truecount="0" falsecount="2"/>
      <line num="204" count="0" type="stmt"/>
      <line num="207" count="0" type="stmt"/>
      <line num="208" count="0" type="stmt"/>
      <line num="209" count="0" type="stmt"/>
      <line num="211" count="0" type="stmt"/>
      <line num="213" count="0" type="stmt"/>
      <line num="214" count="0" type="stmt"/>
      <line num="215" count="0" type="cond" truecount="0" falsecount="2"/>
      <line num="216" count="0" type="stmt"/>
      <line num="217" count="0" type="stmt"/>
      <line num="218" count="0" type="stmt"/>
      <line num="220" count="0" type="stmt"/>
      <line num="224" count="0" type="stmt"/>
      <line num="226" count="0" type="stmt"/>
    </file>
    <file name="BillOfMaterials.ts" path="/mnt/AC74CC2974CBF3DC/другие проекты/базис-веб/services/BillOfMaterials.ts">
      <metrics statements="163" coveredstatements="155" conditionals="99" coveredconditionals="74" methods="29" coveredmethods="28"/>
      <line num="6" count="3" type="stmt"/>
      <line num="99" count="3" type="stmt"/>
      <line num="100" count="69" type="stmt"/>
      <line num="101" count="69" type="stmt"/>
      <line num="102" count="69" type="stmt"/>
      <line num="103" count="69" type="stmt"/>
      <line num="106" count="69" type="cond" truecount="2" falsecount="0"/>
      <line num="107" count="39" type="cond" truecount="2" falsecount="0"/>
      <line num="109" count="18" type="stmt"/>
      <line num="110" count="18" type="stmt"/>
      <line num="111" count="18" type="cond" truecount="1" falsecount="1"/>
      <line num="113" count="18" type="stmt"/>
      <line num="114" count="21" type="cond" truecount="1" falsecount="1"/>
      <line num="115" count="21" type="stmt"/>
      <line num="118" count="69" type="cond" truecount="4" falsecount="0"/>
      <line num="119" count="20" type="stmt"/>
      <line num="124" count="61" type="stmt"/>
      <line num="128" count="1" type="stmt"/>
      <line num="129" count="1" type="stmt"/>
      <line num="130" count="1" type="cond" truecount="1" falsecount="1"/>
      <line num="132" count="1" type="stmt"/>
      <line num="136" count="1" type="cond" truecount="1" falsecount="1"/>
      <line num="140" count="35" type="stmt"/>
      <line num="142" count="35" type="stmt"/>
      <line num="143" count="52" type="stmt"/>
      <line num="144" count="52" type="cond" truecount="2" falsecount="0"/>
      <line num="145" count="51" type="stmt"/>
      <line num="149" count="35" type="stmt"/>
      <line num="150" count="35" type="stmt"/>
      <line num="151" count="35" type="stmt"/>
      <line num="153" count="35" type="stmt"/>
      <line num="154" count="51" type="stmt"/>
      <line num="155" count="51" type="stmt"/>
      <line num="156" count="51" type="stmt"/>
      <line num="160" count="35" type="stmt"/>
      <line num="161" count="35" type="stmt"/>
      <line num="162" count="51" type="stmt"/>
      <line num="163" count="51" type="cond" truecount="2" falsecount="0"/>
      <line num="164" count="37" type="stmt"/>
      <line num="175" count="51" type="stmt"/>
      <line num="176" count="51" type="stmt"/>
      <line num="177" count="51" type="stmt"/>
      <line num="178" count="51" type="stmt"/>
      <line num="179" count="51" type="stmt"/>
      <line num="180" count="51" type="stmt"/>
      <line num="181" count="51" type="stmt"/>
      <line num="184" count="35" type="stmt"/>
      <line num="187" count="35" type="stmt"/>
      <line num="190" count="51" type="stmt"/>
      <line num="200" count="35" type="stmt"/>
      <line num="211" count="35" type="stmt"/>
      <line num="216" count="35" type="stmt"/>
      <line num="220" count="52" type="cond" truecount="2" falsecount="0"/>
      <line num="221" count="1" type="stmt"/>
      <line num="224" count="51" type="stmt"/>
      <line num="225" count="51" type="stmt"/>
      <line num="226" count="51" type="stmt"/>
      <line num="228" count="51" type="stmt"/>
      <line num="229" count="51" type="stmt"/>
      <line num="231" count="51" type="cond" truecount="4" falsecount="0"/>
      <line num="232" count="50" type="cond" truecount="1" falsecount="1"/>
      <line num="233" count="50" type="stmt"/>
      <line num="234" count="50" type="cond" truecount="2" falsecount="0"/>
      <line num="235" count="50" type="stmt"/>
      <line num="238" count="51" type="stmt"/>
      <line num="240" count="51" type="stmt"/>
      <line num="258" count="153" type="stmt"/>
      <line num="259" count="153" type="stmt"/>
      <line num="260" count="153" type="stmt"/>
      <line num="262" count="153" type="cond" truecount="2" falsecount="0"/>
      <line num="263" count="69" type="cond" truecount="1" falsecount="1"/>
      <line num="264" count="69" type="cond" truecount="1" falsecount="1"/>
      <line num="265" count="69" type="cond" truecount="1" falsecount="1"/>
      <line num="268" count="153" type="cond" truecount="4" falsecount="0"/>
      <line num="269" count="81" type="stmt"/>
      <line num="270" count="81" type="cond" truecount="1" falsecount="1"/>
      <line num="271" count="81" type="stmt"/>
      <line num="273" count="81" type="cond" truecount="1" falsecount="1"/>
      <line num="274" count="81" type="stmt"/>
      <line num="276" count="81" type="cond" truecount="1" falsecount="1"/>
      <line num="277" count="81" type="stmt"/>
      <line num="281" count="153" type="stmt"/>
      <line num="285" count="51" type="stmt"/>
      <line num="286" count="51" type="stmt"/>
      <line num="287" count="51" type="stmt"/>
      <line num="288" count="51" type="stmt"/>
      <line num="290" count="51" type="stmt"/>
      <line num="294" count="51" type="stmt"/>
      <line num="296" count="51" type="cond" truecount="4" falsecount="0"/>
      <line num="297" count="50" type="cond" truecount="1" falsecount="1"/>
      <line num="300" count="51" type="stmt"/>
      <line num="304" count="51" type="stmt"/>
      <line num="305" count="51" type="stmt"/>
      <line num="306" count="51" type="stmt"/>
      <line num="308" count="51" type="stmt"/>
      <line num="309" count="51" type="cond" truecount="2" falsecount="0"/>
      <line num="310" count="51" type="stmt"/>
      <line num="312" count="51" type="stmt"/>
      <line num="316" count="38" type="stmt"/>
      <line num="317" count="38" type="stmt"/>
      <line num="319" count="38" type="stmt"/>
      <line num="320" count="54" type="cond" truecount="2" falsecount="0"/>
      <line num="321" count="54" type="stmt"/>
      <line num="327" count="38" type="stmt"/>
      <line num="328" count="38" type="stmt"/>
      <line num="329" count="38" type="cond" truecount="1" falsecount="1"/>
      <line num="330" count="38" type="stmt"/>
      <line num="331" count="40" type="stmt"/>
      <line num="335" count="38" type="stmt"/>
      <line num="336" count="38" type="stmt"/>
      <line num="337" count="38" type="stmt"/>
      <line num="338" count="38" type="stmt"/>
      <line num="339" count="38" type="stmt"/>
      <line num="340" count="38" type="stmt"/>
      <line num="342" count="38" type="stmt"/>
      <line num="346" count="51" type="stmt"/>
      <line num="360" count="51" type="stmt"/>
      <line num="361" count="38" type="cond" truecount="2" falsecount="0"/>
      <line num="362" count="26" type="stmt"/>
      <line num="366" count="25" type="stmt"/>
      <line num="370" count="3" type="stmt"/>
      <line num="374" count="2" type="stmt"/>
      <line num="389" count="2" type="stmt"/>
      <line num="423" count="2" type="stmt"/>
      <line num="451" count="2" type="stmt"/>
      <line num="473" count="2" type="stmt"/>
      <line num="477" count="2" type="stmt"/>
      <line num="478" count="2" type="stmt"/>
      <line num="479" count="2" type="stmt"/>
      <line num="481" count="2" type="stmt"/>
      <line num="496" count="2" type="stmt"/>
      <line num="498" count="2" type="cond" truecount="5" falsecount="0"/>
      <line num="499" count="1" type="stmt"/>
      <line num="500" count="1" type="stmt"/>
      <line num="503" count="1" type="cond" truecount="1" falsecount="1"/>
      <line num="504" count="0" type="stmt"/>
      <line num="507" count="1" type="cond" truecount="1" falsecount="1"/>
      <line num="508" count="0" type="stmt"/>
      <line num="511" count="1" type="stmt"/>
      <line num="512" count="1" type="cond" truecount="1" falsecount="1"/>
      <line num="513" count="0" type="stmt"/>
      <line num="515" count="1" type="cond" truecount="1" falsecount="1"/>
      <line num="516" count="0" type="stmt"/>
      <line num="520" count="1" type="stmt"/>
      <line num="533" count="1" type="stmt"/>
      <line num="534" count="2" type="stmt"/>
      <line num="536" count="1" type="stmt"/>
      <line num="537" count="1" type="stmt"/>
      <line num="538" count="1" type="stmt"/>
      <line num="540" count="1" type="stmt"/>
      <line num="541" count="2" type="cond" truecount="2" falsecount="0"/>
      <line num="542" count="1" type="stmt"/>
      <line num="543" count="2" type="stmt"/>
      <line num="544" count="1" type="cond" truecount="1" falsecount="1"/>
      <line num="545" count="1" type="stmt"/>
      <line num="555" count="1" type="stmt"/>
      <line num="556" count="1" type="cond" truecount="1" falsecount="1"/>
      <line num="557" count="0" type="stmt"/>
      <line num="558" count="0" type="stmt"/>
      <line num="559" count="0" type="cond" truecount="0" falsecount="2"/>
      <line num="560" count="0" type="stmt"/>
      <line num="570" count="1" type="stmt"/>
      <line num="580" count="3" type="stmt"/>
    </file>
    <file name="CADExporter.ts" path="/mnt/AC74CC2974CBF3DC/другие проекты/базис-веб/services/CADExporter.ts">
      <metrics statements="178" coveredstatements="162" conditionals="109" coveredconditionals="70" methods="16" coveredmethods="15"/>
      <line num="6" count="1" type="stmt"/>
      <line num="18" count="1" type="stmt"/>
      <line num="23" count="34" type="cond" truecount="8" falsecount="0"/>
      <line num="25" count="6" type="stmt"/>
      <line num="27" count="5" type="stmt"/>
      <line num="29" count="7" type="stmt"/>
      <line num="31" count="6" type="stmt"/>
      <line num="33" count="4" type="stmt"/>
      <line num="35" count="2" type="stmt"/>
      <line num="37" count="3" type="stmt"/>
      <line num="39" count="1" type="stmt"/>
      <line num="47" count="6" type="stmt"/>
      <line num="49" count="6" type="cond" truecount="1" falsecount="1"/>
      <line num="50" count="6" type="stmt"/>
      <line num="51" count="6" type="stmt"/>
      <line num="52" count="6" type="stmt"/>
      <line num="56" count="6" type="cond" truecount="1" falsecount="1"/>
      <line num="63" count="6" type="stmt"/>
      <line num="64" count="6" type="stmt"/>
      <line num="66" count="6" type="stmt"/>
      <line num="67" count="6" type="stmt"/>
      <line num="69" count="6" type="stmt"/>
      <line num="71" count="6" type="stmt"/>
      <line num="72" count="24" type="stmt"/>
      <line num="73" count="24" type="stmt"/>
      <line num="74" count="24" type="cond" truecount="2" falsecount="0"/>
      <line num="76" count="24" type="stmt"/>
      <line num="77" count="24" type="stmt"/>
      <line num="78" count="24" type="stmt"/>
      <line num="80" count="24" type="stmt"/>
      <line num="81" count="24" type="stmt"/>
      <line num="82" count="24" type="stmt"/>
      <line num="84" count="24" type="stmt"/>
      <line num="85" count="24" type="stmt"/>
      <line num="86" count="24" type="stmt"/>
      <line num="88" count="24" type="stmt"/>
      <line num="89" count="24" type="stmt"/>
      <line num="90" count="24" type="stmt"/>
      <line num="92" count="24" type="stmt"/>
      <line num="95" count="6" type="stmt"/>
      <line num="102" count="7" type="cond" truecount="2" falsecount="0"/>
      <line num="103" count="7" type="cond" truecount="1" falsecount="1"/>
      <line num="105" count="7" type="stmt"/>
      <line num="115" count="7" type="cond" truecount="1" falsecount="1"/>
      <line num="119" count="7" type="stmt"/>
      <line num="126" count="5" type="stmt"/>
      <line num="128" count="5" type="stmt"/>
      <line num="129" count="5" type="stmt"/>
      <line num="130" count="5" type="stmt"/>
      <line num="131" count="5" type="stmt"/>
      <line num="132" count="5" type="stmt"/>
      <line num="133" count="5" type="stmt"/>
      <line num="134" count="5" type="stmt"/>
      <line num="135" count="5" type="stmt"/>
      <line num="136" count="5" type="stmt"/>
      <line num="137" count="5" type="stmt"/>
      <line num="139" count="5" type="stmt"/>
      <line num="140" count="5" type="stmt"/>
      <line num="141" count="5" type="stmt"/>
      <line num="142" count="5" type="stmt"/>
      <line num="144" count="5" type="cond" truecount="1" falsecount="1"/>
      <line num="145" count="5" type="stmt"/>
      <line num="146" count="5" type="stmt"/>
      <line num="147" count="5" type="stmt"/>
      <line num="151" count="5" type="stmt"/>
      <line num="152" count="5" type="stmt"/>
      <line num="153" count="5" type="stmt"/>
      <line num="154" count="5" type="stmt"/>
      <line num="156" count="5" type="stmt"/>
      <line num="163" count="6" type="stmt"/>
      <line num="165" count="6" type="stmt"/>
      <line num="166" count="6" type="stmt"/>
      <line num="167" count="6" type="stmt"/>
      <line num="169" count="6" type="stmt"/>
      <line num="170" count="6" type="cond" truecount="2" falsecount="0"/>
      <line num="172" count="6" type="cond" truecount="1" falsecount="1"/>
      <line num="173" count="6" type="stmt"/>
      <line num="174" count="6" type="stmt"/>
      <line num="176" count="6" type="stmt"/>
      <line num="177" count="6" type="stmt"/>
      <line num="178" count="6" type="stmt"/>
      <line num="180" count="6" type="stmt"/>
      <line num="181" count="24" type="stmt"/>
      <line num="182" count="24" type="stmt"/>
      <line num="183" count="24" type="stmt"/>
      <line num="184" count="24" type="stmt"/>
      <line num="187" count="6" type="stmt"/>
      <line num="188" count="48" type="stmt"/>
      <line num="191" count="6" type="stmt"/>
      <line num="192" count="24" type="stmt"/>
      <line num="195" count="6" type="stmt"/>
      <line num="196" count="6" type="stmt"/>
      <line num="200" count="6" type="stmt"/>
      <line num="207" count="4" type="stmt"/>
      <line num="209" count="4" type="stmt"/>
      <line num="210" count="4" type="stmt"/>
      <line num="211" count="4" type="stmt"/>
      <line num="212" count="4" type="stmt"/>
      <line num="213" count="4" type="stmt"/>
      <line num="214" count="4" type="stmt"/>
      <line num="215" count="4" type="stmt"/>
      <line num="217" count="4" type="stmt"/>
      <line num="218" count="4" type="cond" truecount="1" falsecount="1"/>
      <line num="219" count="4" type="stmt"/>
      <line num="220" count="4" type="stmt"/>
      <line num="221" count="4" type="stmt"/>
      <line num="222" count="4" type="stmt"/>
      <line num="226" count="4" type="stmt"/>
      <line num="227" count="4" type="stmt"/>
      <line num="229" count="4" type="stmt"/>
      <line num="236" count="2" type="stmt"/>
      <line num="238" count="2" type="stmt"/>
      <line num="239" count="2" type="stmt"/>
      <line num="240" count="2" type="stmt"/>
      <line num="241" count="2" type="stmt"/>
      <line num="243" count="2" type="stmt"/>
      <line num="250" count="3" type="stmt"/>
      <line num="294" count="3" type="stmt"/>
      <line num="301" count="12" type="stmt"/>
      <line num="303" count="12" type="cond" truecount="1" falsecount="1"/>
      <line num="304" count="0" type="stmt"/>
      <line num="307" count="12" type="stmt"/>
      <line num="308" count="12" type="cond" truecount="4" falsecount="1"/>
      <line num="309" count="12" type="stmt"/>
      <line num="310" count="48" type="cond" truecount="3" falsecount="1"/>
      <line num="311" count="48" type="stmt"/>
      <line num="312" count="48" type="stmt"/>
      <line num="313" count="48" type="stmt"/>
      <line num="315" count="48" type="cond" truecount="4" falsecount="1"/>
      <line num="316" count="48" type="stmt"/>
      <line num="326" count="12" type="cond" truecount="1" falsecount="1"/>
      <line num="327" count="0" type="stmt"/>
      <line num="330" count="12" type="stmt"/>
      <line num="337" count="0" type="stmt"/>
      <line num="338" count="0" type="stmt"/>
      <line num="340" count="0" type="cond" truecount="0" falsecount="2"/>
      <line num="342" count="0" type="cond" truecount="0" falsecount="2"/>
      <line num="343" count="0" type="cond" truecount="0" falsecount="2"/>
      <line num="344" count="0" type="cond" truecount="0" falsecount="2"/>
      <line num="345" count="0" type="cond" truecount="0" falsecount="2"/>
      <line num="346" count="0" type="cond" truecount="0" falsecount="2"/>
      <line num="347" count="0" type="cond" truecount="0" falsecount="2"/>
      <line num="349" count="0" type="stmt"/>
      <line num="360" count="0" type="stmt"/>
      <line num="369" count="0" type="stmt"/>
      <line num="370" count="0" type="stmt"/>
      <line num="377" count="0" type="stmt"/>
      <line num="384" count="24" type="stmt"/>
      <line num="385" count="24" type="stmt"/>
      <line num="387" count="24" type="stmt"/>
      <line num="393" count="24" type="stmt"/>
      <line num="394" count="24" type="cond" truecount="1" falsecount="1"/>
      <line num="395" count="24" type="stmt"/>
      <line num="396" count="24" type="stmt"/>
      <line num="397" count="24" type="stmt"/>
      <line num="400" count="24" type="stmt"/>
      <line num="407" count="5" type="stmt"/>
      <line num="408" count="5" type="stmt"/>
      <line num="410" count="5" type="cond" truecount="1" falsecount="1"/>
      <line num="412" count="5" type="stmt"/>
      <line num="413" count="5" type="stmt"/>
      <line num="414" count="5" type="stmt"/>
      <line num="415" count="5" type="cond" truecount="1" falsecount="1"/>
      <line num="416" count="5" type="stmt"/>
      <line num="417" count="5" type="cond" truecount="1" falsecount="1"/>
      <line num="418" count="5" type="stmt"/>
      <line num="419" count="5" type="cond" truecount="1" falsecount="1"/>
      <line num="420" count="5" type="stmt"/>
      <line num="421" count="5" type="cond" truecount="1" falsecount="1"/>
      <line num="423" count="5" type="stmt"/>
      <line num="430" count="7" type="stmt"/>
      <line num="453" count="72" type="stmt"/>
      <line num="454" count="72" type="stmt"/>
      <line num="455" count="258" type="stmt"/>
      <line num="456" count="258" type="cond" truecount="5" falsecount="0"/>
      <line num="459" count="24" type="stmt"/>
      <line num="462" count="48" type="stmt"/>
      <line num="463" count="48" type="stmt"/>
    </file>
    <file name="CADImporter.ts" path="/mnt/AC74CC2974CBF3DC/другие проекты/базис-веб/services/CADImporter.ts">
      <metrics statements="138" coveredstatements="127" conditionals="97" coveredconditionals="76" methods="14" coveredmethods="14"/>
      <line num="6" count="1" type="stmt"/>
      <line num="18" count="1" type="stmt"/>
      <line num="19" count="42" type="stmt"/>
      <line num="33" count="7" type="cond" truecount="2" falsecount="0"/>
      <line num="35" count="7" type="cond" truecount="6" falsecount="0"/>
      <line num="37" count="2" type="stmt"/>
      <line num="39" count="1" type="stmt"/>
      <line num="42" count="2" type="stmt"/>
      <line num="44" count="1" type="stmt"/>
      <line num="46" count="1" type="stmt"/>
      <line num="59" count="11" type="stmt"/>
      <line num="60" count="11" type="stmt"/>
      <line num="62" count="11" type="stmt"/>
      <line num="63" count="11" type="stmt"/>
      <line num="66" count="9" type="cond" truecount="2" falsecount="0"/>
      <line num="67" count="6" type="stmt"/>
      <line num="68" count="3" type="cond" truecount="4" falsecount="0"/>
      <line num="69" count="1" type="stmt"/>
      <line num="71" count="2" type="stmt"/>
      <line num="74" count="7" type="stmt"/>
      <line num="75" count="7" type="cond" truecount="2" falsecount="0"/>
      <line num="76" count="1" type="stmt"/>
      <line num="84" count="6" type="stmt"/>
      <line num="91" count="4" type="cond" truecount="1" falsecount="1"/>
      <line num="92" count="4" type="stmt"/>
      <line num="105" count="7" type="stmt"/>
      <line num="106" count="7" type="stmt"/>
      <line num="107" count="7" type="stmt"/>
      <line num="109" count="7" type="stmt"/>
      <line num="110" count="7" type="stmt"/>
      <line num="111" count="7" type="stmt"/>
      <line num="112" count="7" type="stmt"/>
      <line num="113" count="7" type="stmt"/>
      <line num="115" count="7" type="stmt"/>
      <line num="116" count="55" type="stmt"/>
      <line num="118" count="55" type="cond" truecount="2" falsecount="0"/>
      <line num="119" count="24" type="cond" truecount="4" falsecount="0"/>
      <line num="120" count="18" type="stmt"/>
      <line num="121" count="18" type="stmt"/>
      <line num="123" count="24" type="stmt"/>
      <line num="124" count="24" type="cond" truecount="1" falsecount="1"/>
      <line num="125" count="24" type="stmt"/>
      <line num="126" count="24" type="stmt"/>
      <line num="127" count="31" type="cond" truecount="2" falsecount="3"/>
      <line num="128" count="0" type="stmt"/>
      <line num="129" count="31" type="cond" truecount="3" falsecount="1"/>
      <line num="130" count="0" type="cond" truecount="0" falsecount="4"/>
      <line num="131" count="0" type="stmt"/>
      <line num="132" count="0" type="stmt"/>
      <line num="134" count="0" type="stmt"/>
      <line num="136" count="31" type="cond" truecount="4" falsecount="0"/>
      <line num="137" count="30" type="stmt"/>
      <line num="138" count="30" type="stmt"/>
      <line num="139" count="30" type="cond" truecount="1" falsecount="1"/>
      <line num="140" count="30" type="stmt"/>
      <line num="141" count="30" type="stmt"/>
      <line num="144" count="31" type="stmt"/>
      <line num="148" count="7" type="cond" truecount="2" falsecount="0"/>
      <line num="149" count="1" type="stmt"/>
      <line num="152" count="7" type="stmt"/>
      <line num="159" count="7" type="stmt"/>
      <line num="166" count="0" type="cond" truecount="0" falsecount="2"/>
      <line num="167" count="0" type="stmt"/>
      <line num="180" count="7" type="stmt"/>
      <line num="181" count="7" type="stmt"/>
      <line num="182" count="7" type="stmt"/>
      <line num="184" count="7" type="stmt"/>
      <line num="185" count="7" type="stmt"/>
      <line num="186" count="7" type="stmt"/>
      <line num="188" count="7" type="stmt"/>
      <line num="189" count="45" type="cond" truecount="2" falsecount="0"/>
      <line num="190" count="5" type="stmt"/>
      <line num="191" count="5" type="cond" truecount="1" falsecount="1"/>
      <line num="192" count="5" type="stmt"/>
      <line num="210" count="5" type="stmt"/>
      <line num="213" count="45" type="cond" truecount="2" falsecount="0"/>
      <line num="214" count="6" type="stmt"/>
      <line num="218" count="7" type="cond" truecount="2" falsecount="0"/>
      <line num="219" count="3" type="stmt"/>
      <line num="222" count="7" type="stmt"/>
      <line num="229" count="7" type="stmt"/>
      <line num="236" count="0" type="cond" truecount="0" falsecount="2"/>
      <line num="237" count="0" type="stmt"/>
      <line num="250" count="10" type="stmt"/>
      <line num="251" count="10" type="stmt"/>
      <line num="253" count="10" type="stmt"/>
      <line num="254" count="10" type="stmt"/>
      <line num="255" count="10" type="stmt"/>
      <line num="256" count="10" type="stmt"/>
      <line num="257" count="10" type="stmt"/>
      <line num="259" count="10" type="stmt"/>
      <line num="260" count="44" type="stmt"/>
      <line num="262" count="44" type="cond" truecount="2" falsecount="0"/>
      <line num="263" count="27" type="stmt"/>
      <line num="264" count="27" type="cond" truecount="1" falsecount="1"/>
      <line num="265" count="27" type="stmt"/>
      <line num="267" count="17" type="cond" truecount="2" falsecount="0"/>
      <line num="268" count="11" type="stmt"/>
      <line num="269" count="11" type="stmt"/>
      <line num="270" count="11" type="stmt"/>
      <line num="271" count="33" type="stmt"/>
      <line num="272" count="33" type="cond" truecount="3" falsecount="1"/>
      <line num="273" count="33" type="stmt"/>
      <line num="276" count="11" type="cond" truecount="1" falsecount="1"/>
      <line num="277" count="11" type="stmt"/>
      <line num="279" count="6" type="cond" truecount="2" falsecount="0"/>
      <line num="280" count="2" type="stmt"/>
      <line num="284" count="10" type="cond" truecount="2" falsecount="0"/>
      <line num="285" count="3" type="stmt"/>
      <line num="288" count="27" type="stmt"/>
      <line num="289" count="27" type="stmt"/>
      <line num="290" count="27" type="stmt"/>
      <line num="291" count="27" type="stmt"/>
      <line num="292" count="27" type="stmt"/>
      <line num="293" count="27" type="stmt"/>
      <line num="295" count="10" type="stmt"/>
      <line num="314" count="10" type="stmt"/>
      <line num="321" count="10" type="stmt"/>
      <line num="328" count="0" type="cond" truecount="0" falsecount="2"/>
      <line num="329" count="0" type="stmt"/>
      <line num="345" count="13" type="stmt"/>
      <line num="347" count="13" type="cond" truecount="2" falsecount="0"/>
      <line num="348" count="1" type="stmt"/>
      <line num="350" count="13" type="cond" truecount="2" falsecount="0"/>
      <line num="351" count="1" type="stmt"/>
      <line num="353" count="13" type="cond" truecount="2" falsecount="0"/>
      <line num="354" count="1" type="stmt"/>
      <line num="357" count="13" type="cond" truecount="2" falsecount="0"/>
      <line num="358" count="21" type="stmt"/>
      <line num="359" count="21" type="cond" truecount="2" falsecount="0"/>
      <line num="360" count="14" type="stmt"/>
      <line num="362" count="21" type="cond" truecount="2" falsecount="0"/>
      <line num="363" count="13" type="stmt"/>
      <line num="367" count="13" type="stmt"/>
      <line num="377" count="18" type="cond" truecount="2" falsecount="0"/>
      <line num="378" count="18" type="cond" truecount="2" falsecount="0"/>
      <line num="379" count="18" type="cond" truecount="2" falsecount="0"/>
      <line num="381" count="18" type="stmt"/>
    </file>
    <file name="CabinetGenerator.ts" path="/mnt/AC74CC2974CBF3DC/другие проекты/базис-веб/services/CabinetGenerator.ts">
      <metrics statements="560" coveredstatements="389" conditionals="447" coveredconditionals="244" methods="71" coveredmethods="60"/>
      <line num="2" count="4" type="stmt"/>
      <line num="3" count="4" type="stmt"/>
      <line num="4" count="4" type="stmt"/>
      <line num="5" count="4" type="stmt"/>
      <line num="8" count="4" type="stmt"/>
      <line num="19" count="4" type="stmt"/>
      <line num="23" count="4" type="stmt"/>
      <line num="35" count="4" type="stmt"/>
      <line num="46" count="1964" type="stmt"/>
      <line num="54" count="71" type="stmt"/>
      <line num="55" count="71" type="stmt"/>
      <line num="56" count="71" type="stmt"/>
      <line num="59" count="106" type="cond" truecount="2" falsecount="0"/>
      <line num="60" count="102" type="stmt"/>
      <line num="61" count="102" type="stmt"/>
      <line num="63" count="4" type="stmt"/>
      <line num="64" count="4" type="stmt"/>
      <line num="68" count="4" type="stmt"/>
      <line num="72" count="1" type="stmt"/>
      <line num="73" count="1" type="stmt"/>
      <line num="74" count="1" type="stmt"/>
      <line num="78" count="4" type="stmt"/>
      <line num="79" count="4" type="cond" truecount="2" falsecount="0"/>
      <line num="80" count="4" type="stmt"/>
      <line num="89" count="4" type="stmt"/>
      <line num="94" count="71" type="stmt"/>
      <line num="95" count="71" type="stmt"/>
      <line num="98" count="71" type="stmt"/>
      <line num="100" count="71" type="cond" truecount="1" falsecount="1"/>
      <line num="101" count="0" type="stmt"/>
      <line num="104" count="71" type="cond" truecount="5" falsecount="0"/>
      <line num="105" count="1" type="stmt"/>
      <line num="108" count="70" type="cond" truecount="4" falsecount="1"/>
      <line num="109" count="0" type="stmt"/>
      <line num="112" count="70" type="stmt"/>
      <line num="113" count="70" type="cond" truecount="2" falsecount="0"/>
      <line num="114" count="1" type="stmt"/>
      <line num="115" count="1" type="stmt"/>
      <line num="118" count="69" type="cond" truecount="2" falsecount="0"/>
      <line num="119" count="69" type="stmt"/>
      <line num="120" count="69" type="cond" truecount="2" falsecount="0"/>
      <line num="121" count="1" type="stmt"/>
      <line num="124" count="68" type="stmt"/>
      <line num="125" count="68" type="stmt"/>
      <line num="126" count="68" type="stmt"/>
      <line num="127" count="68" type="stmt"/>
      <line num="138" count="24" type="stmt"/>
      <line num="141" count="24" type="stmt"/>
      <line num="144" count="24" type="stmt"/>
      <line num="145" count="24" type="stmt"/>
      <line num="148" count="24" type="stmt"/>
      <line num="149" count="24" type="stmt"/>
      <line num="150" count="24" type="stmt"/>
      <line num="153" count="24" type="stmt"/>
      <line num="155" count="24" type="stmt"/>
      <line num="167" count="27" type="stmt"/>
      <line num="168" count="27" type="stmt"/>
      <line num="177" count="13" type="stmt"/>
      <line num="178" count="13" type="stmt"/>
      <line num="187" count="4" type="stmt"/>
      <line num="190" count="4" type="stmt"/>
      <line num="191" count="24" type="stmt"/>
      <line num="195" count="4" type="stmt"/>
      <line num="196" count="4" type="stmt"/>
      <line num="199" count="4" type="stmt"/>
      <line num="202" count="4" type="stmt"/>
      <line num="211" count="4" type="stmt"/>
      <line num="212" count="24" type="cond" truecount="3" falsecount="1"/>
      <line num="213" count="24" type="stmt"/>
      <line num="216" count="108" type="cond" truecount="2" falsecount="0"/>
      <line num="217" count="108" type="cond" truecount="1" falsecount="1"/>
      <line num="229" count="24" type="cond" truecount="2" falsecount="0"/>
      <line num="231" count="4" type="cond" truecount="2" falsecount="0"/>
      <line num="232" count="2" type="stmt"/>
      <line num="233" count="4" type="cond" truecount="1" falsecount="1"/>
      <line num="237" count="2" type="stmt"/>
      <line num="238" count="24" type="cond" truecount="1" falsecount="1"/>
      <line num="239" count="24" type="stmt"/>
      <line num="240" count="108" type="cond" truecount="1" falsecount="1"/>
      <line num="242" count="0" type="stmt"/>
      <line num="254" count="482" type="stmt"/>
      <line num="279" count="51" type="stmt"/>
      <line num="297" count="37" type="stmt"/>
      <line num="298" count="350" type="stmt"/>
      <line num="301" count="350" type="cond" truecount="2" falsecount="0"/>
      <line num="302" count="350" type="cond" truecount="3" falsecount="0"/>
      <line num="303" count="350" type="stmt"/>
      <line num="305" count="37" type="stmt"/>
      <line num="308" count="37" type="cond" truecount="2" falsecount="0"/>
      <line num="309" count="35" type="stmt"/>
      <line num="318" count="37" type="cond" truecount="2" falsecount="0"/>
      <line num="319" count="35" type="stmt"/>
      <line num="320" count="35" type="stmt"/>
      <line num="331" count="37" type="stmt"/>
      <line num="332" count="70" type="cond" truecount="2" falsecount="0"/>
      <line num="337" count="70" type="stmt"/>
      <line num="348" count="37" type="cond" truecount="2" falsecount="0"/>
      <line num="349" count="35" type="stmt"/>
      <line num="359" count="37" type="stmt"/>
      <line num="366" count="24" type="stmt"/>
      <line num="367" count="24" type="stmt"/>
      <line num="368" count="218" type="stmt"/>
      <line num="370" count="24" type="stmt"/>
      <line num="377" count="28" type="stmt"/>
      <line num="378" count="242" type="stmt"/>
      <line num="379" count="242" type="cond" truecount="1" falsecount="1"/>
      <line num="380" count="242" type="stmt"/>
      <line num="388" count="0" type="stmt"/>
      <line num="397" count="39" type="stmt"/>
      <line num="398" count="39" type="stmt"/>
      <line num="399" count="39" type="stmt"/>
      <line num="402" count="39" type="cond" truecount="1" falsecount="1"/>
      <line num="405" count="39" type="cond" truecount="2" falsecount="0"/>
      <line num="408" count="37" type="cond" truecount="2" falsecount="0"/>
      <line num="411" count="3" type="stmt"/>
      <line num="416" count="157" type="cond" truecount="4" falsecount="1"/>
      <line num="417" count="0" type="stmt"/>
      <line num="421" count="157" type="cond" truecount="2" falsecount="0"/>
      <line num="422" count="4" type="stmt"/>
      <line num="425" count="153" type="cond" truecount="2" falsecount="0"/>
      <line num="427" count="39" type="stmt"/>
      <line num="432" count="114" type="cond" truecount="2" falsecount="0"/>
      <line num="433" count="38" type="stmt"/>
      <line num="437" count="76" type="cond" truecount="3" falsecount="1"/>
      <line num="438" count="76" type="stmt"/>
      <line num="441" count="0" type="stmt"/>
      <line num="451" count="106" type="stmt"/>
      <line num="452" count="106" type="stmt"/>
      <line num="454" count="106" type="cond" truecount="2" falsecount="0"/>
      <line num="455" count="4" type="stmt"/>
      <line num="456" count="4" type="cond" truecount="1" falsecount="1"/>
      <line num="457" count="4" type="cond" truecount="1" falsecount="1"/>
      <line num="459" count="4" type="cond" truecount="1" falsecount="1"/>
      <line num="460" count="4" type="stmt"/>
      <line num="462" count="4" type="stmt"/>
      <line num="469" count="4" type="stmt"/>
      <line num="472" count="106" type="stmt"/>
      <line num="497" count="54" type="cond" truecount="1" falsecount="1"/>
      <line num="501" count="54" type="stmt"/>
      <line num="504" count="54" type="stmt"/>
      <line num="505" count="54" type="stmt"/>
      <line num="510" count="54" type="stmt"/>
      <line num="513" count="54" type="stmt"/>
      <line num="514" count="54" type="stmt"/>
      <line num="518" count="54" type="stmt"/>
      <line num="523" count="54" type="stmt"/>
      <line num="524" count="54" type="stmt"/>
      <line num="525" count="54" type="stmt"/>
      <line num="529" count="54" type="cond" truecount="2" falsecount="0"/>
      <line num="530" count="54" type="cond" truecount="2" falsecount="0"/>
      <line num="531" count="54" type="stmt"/>
      <line num="532" count="54" type="stmt"/>
      <line num="534" count="54" type="stmt"/>
      <line num="537" count="54" type="stmt"/>
      <line num="538" count="54" type="cond" truecount="2" falsecount="0"/>
      <line num="539" count="54" type="cond" truecount="2" falsecount="0"/>
      <line num="540" count="54" type="cond" truecount="1" falsecount="1"/>
      <line num="541" count="54" type="cond" truecount="1" falsecount="1"/>
      <line num="543" count="54" type="stmt"/>
      <line num="556" count="5" type="cond" truecount="1" falsecount="1"/>
      <line num="558" count="5" type="stmt"/>
      <line num="565" count="7" type="stmt"/>
      <line num="567" count="7" type="stmt"/>
      <line num="568" count="7" type="stmt"/>
      <line num="569" count="12" type="cond" truecount="2" falsecount="0"/>
      <line num="572" count="5" type="stmt"/>
      <line num="573" count="8" type="stmt"/>
      <line num="574" count="7" type="cond" truecount="1" falsecount="1"/>
      <line num="576" count="8" type="cond" truecount="2" falsecount="0"/>
      <line num="577" count="1" type="stmt"/>
      <line num="581" count="5" type="cond" truecount="1" falsecount="1"/>
      <line num="582" count="5" type="cond" truecount="2" falsecount="0"/>
      <line num="583" count="1" type="stmt"/>
      <line num="587" count="5" type="cond" truecount="1" falsecount="1"/>
      <line num="588" count="0" type="stmt"/>
      <line num="592" count="15" type="cond" truecount="1" falsecount="1"/>
      <line num="593" count="5" type="stmt"/>
      <line num="594" count="5" type="stmt"/>
      <line num="596" count="5" type="cond" truecount="1" falsecount="1"/>
      <line num="597" count="5" type="stmt"/>
      <line num="602" count="7" type="stmt"/>
      <line num="613" count="4" type="stmt"/>
      <line num="616" count="4" type="stmt"/>
      <line num="619" count="4" type="stmt"/>
      <line num="620" count="4" type="stmt"/>
      <line num="623" count="4" type="stmt"/>
      <line num="625" count="4" type="stmt"/>
      <line num="632" count="8" type="stmt"/>
      <line num="634" count="8" type="stmt"/>
      <line num="635" count="12" type="cond" truecount="2" falsecount="0"/>
      <line num="637" count="4" type="stmt"/>
      <line num="638" count="4" type="stmt"/>
      <line num="639" count="4" type="stmt"/>
      <line num="640" count="4" type="stmt"/>
      <line num="641" count="4" type="stmt"/>
      <line num="644" count="4" type="cond" truecount="2" falsecount="0"/>
      <line num="645" count="1" type="stmt"/>
      <line num="649" count="4" type="cond" truecount="2" falsecount="0"/>
      <line num="650" count="2" type="stmt"/>
      <line num="654" count="4" type="cond" truecount="2" falsecount="0"/>
      <line num="655" count="1" type="stmt"/>
      <line num="659" count="8" type="stmt"/>
      <line num="666" count="11" type="stmt"/>
      <line num="673" count="0" type="stmt"/>
      <line num="680" count="2" type="stmt"/>
      <line num="687" count="3" type="stmt"/>
      <line num="691" count="5" type="stmt"/>
      <line num="695" count="5" type="cond" truecount="2" falsecount="0"/>
      <line num="696" count="5" type="cond" truecount="2" falsecount="0"/>
      <line num="697" count="5" type="cond" truecount="1" falsecount="1"/>
      <line num="700" count="5" type="cond" truecount="2" falsecount="0"/>
      <line num="701" count="5" type="cond" truecount="2" falsecount="0"/>
      <line num="704" count="5" type="stmt"/>
      <line num="706" count="5" type="cond" truecount="2" falsecount="0"/>
      <line num="707" count="1" type="stmt"/>
      <line num="711" count="5" type="cond" truecount="1" falsecount="1"/>
      <line num="712" count="0" type="stmt"/>
      <line num="716" count="8" type="cond" truecount="2" falsecount="0"/>
      <line num="718" count="2" type="cond" truecount="1" falsecount="1"/>
      <line num="719" count="0" type="stmt"/>
      <line num="722" count="2" type="cond" truecount="2" falsecount="0"/>
      <line num="723" count="1" type="stmt"/>
      <line num="728" count="6" type="cond" truecount="2" falsecount="0"/>
      <line num="729" count="3" type="cond" truecount="1" falsecount="1"/>
      <line num="730" count="3" type="stmt"/>
      <line num="731" count="3" type="cond" truecount="2" falsecount="0"/>
      <line num="732" count="1" type="stmt"/>
      <line num="738" count="5" type="cond" truecount="1" falsecount="1"/>
      <line num="739" count="5" type="cond" truecount="2" falsecount="2"/>
      <line num="740" count="0" type="stmt"/>
      <line num="744" count="5" type="cond" truecount="1" falsecount="1"/>
      <line num="745" count="5" type="stmt"/>
      <line num="746" count="5" type="cond" truecount="1" falsecount="1"/>
      <line num="747" count="5" type="cond" truecount="1" falsecount="1"/>
      <line num="748" count="5" type="stmt"/>
      <line num="751" count="5" type="cond" truecount="2" falsecount="0"/>
      <line num="752" count="1" type="stmt"/>
      <line num="756" count="5" type="cond" truecount="2" falsecount="0"/>
      <line num="757" count="2" type="stmt"/>
      <line num="759" count="0" type="cond" truecount="0" falsecount="2"/>
      <line num="760" count="0" type="stmt"/>
      <line num="761" count="0" type="cond" truecount="0" falsecount="2"/>
      <line num="762" count="0" type="stmt"/>
      <line num="768" count="5" type="stmt"/>
      <line num="769" count="5" type="stmt"/>
      <line num="771" count="5" type="stmt"/>
      <line num="775" count="39" type="stmt"/>
      <line num="777" count="39" type="stmt"/>
      <line num="778" count="39" type="stmt"/>
      <line num="779" count="39" type="stmt"/>
      <line num="780" count="39" type="cond" truecount="2" falsecount="0"/>
      <line num="783" count="39" type="stmt"/>
      <line num="784" count="39" type="cond" truecount="2" falsecount="0"/>
      <line num="787" count="39" type="cond" truecount="3" falsecount="1"/>
      <line num="790" count="39" type="cond" truecount="2" falsecount="0"/>
      <line num="793" count="39" type="stmt"/>
      <line num="795" count="39" type="stmt"/>
      <line num="798" count="39" type="stmt"/>
      <line num="799" count="39" type="stmt"/>
      <line num="800" count="39" type="cond" truecount="2" falsecount="0"/>
      <line num="801" count="39" type="cond" truecount="2" falsecount="0"/>
      <line num="804" count="39" type="stmt"/>
      <line num="806" count="39" type="stmt"/>
      <line num="815" count="39" type="stmt"/>
      <line num="816" count="39" type="stmt"/>
      <line num="818" count="39" type="stmt"/>
      <line num="819" count="39" type="stmt"/>
      <line num="821" count="39" type="stmt"/>
      <line num="822" count="39" type="stmt"/>
      <line num="824" count="39" type="stmt"/>
      <line num="827" count="39" type="cond" truecount="2" falsecount="0"/>
      <line num="828" count="3" type="stmt"/>
      <line num="829" count="3" type="stmt"/>
      <line num="830" count="3" type="stmt"/>
      <line num="834" count="39" type="cond" truecount="2" falsecount="0"/>
      <line num="835" count="39" type="cond" truecount="2" falsecount="0"/>
      <line num="837" count="39" type="stmt"/>
      <line num="839" count="39" type="cond" truecount="2" falsecount="0"/>
      <line num="845" count="39" type="cond" truecount="1" falsecount="1"/>
      <line num="846" count="0" type="stmt"/>
      <line num="849" count="39" type="cond" truecount="4" falsecount="0"/>
      <line num="850" count="38" type="stmt"/>
      <line num="851" count="38" type="stmt"/>
      <line num="852" count="38" type="stmt"/>
      <line num="853" count="38" type="stmt"/>
      <line num="855" count="38" type="stmt"/>
      <line num="856" count="38" type="stmt"/>
      <line num="858" count="39" type="stmt"/>
      <line num="861" count="39" type="stmt"/>
      <line num="863" count="39" type="stmt"/>
      <line num="870" count="39" type="cond" truecount="1" falsecount="1"/>
      <line num="871" count="0" type="stmt"/>
      <line num="874" count="39" type="cond" truecount="1" falsecount="1"/>
      <line num="875" count="39" type="stmt"/>
      <line num="876" count="39" type="stmt"/>
      <line num="877" count="39" type="stmt"/>
      <line num="878" count="39" type="stmt"/>
      <line num="880" count="39" type="stmt"/>
      <line num="881" count="39" type="stmt"/>
      <line num="882" count="39" type="stmt"/>
      <line num="883" count="39" type="stmt"/>
      <line num="884" count="39" type="stmt"/>
      <line num="886" count="39" type="stmt"/>
      <line num="889" count="39" type="cond" truecount="2" falsecount="0"/>
      <line num="890" count="14" type="cond" truecount="2" falsecount="2"/>
      <line num="891" count="14" type="cond" truecount="2" falsecount="2"/>
      <line num="893" count="14" type="cond" truecount="1" falsecount="1"/>
      <line num="894" count="14" type="stmt"/>
      <line num="895" count="14" type="stmt"/>
      <line num="896" count="14" type="cond" truecount="2" falsecount="0"/>
      <line num="898" count="14" type="stmt"/>
      <line num="899" count="14" type="stmt"/>
      <line num="900" count="14" type="cond" truecount="2" falsecount="0"/>
      <line num="903" count="14" type="stmt"/>
      <line num="907" count="39" type="stmt"/>
      <line num="908" count="39" type="stmt"/>
      <line num="909" count="39" type="stmt"/>
      <line num="911" count="39" type="stmt"/>
      <line num="913" count="39" type="cond" truecount="2" falsecount="0"/>
      <line num="914" count="38" type="stmt"/>
      <line num="915" count="38" type="stmt"/>
      <line num="926" count="38" type="cond" truecount="1" falsecount="1"/>
      <line num="928" count="38" type="stmt"/>
      <line num="929" count="38" type="stmt"/>
      <line num="930" count="38" type="stmt"/>
      <line num="931" count="38" type="stmt"/>
      <line num="934" count="38" type="stmt"/>
      <line num="935" count="38" type="stmt"/>
      <line num="938" count="38" type="stmt"/>
      <line num="939" count="38" type="cond" truecount="1" falsecount="1"/>
      <line num="940" count="38" type="stmt"/>
      <line num="941" count="38" type="stmt"/>
      <line num="944" count="38" type="stmt"/>
      <line num="948" count="39" type="stmt"/>
      <line num="950" count="39" type="cond" truecount="1" falsecount="1"/>
      <line num="951" count="0" type="cond" truecount="0" falsecount="4"/>
      <line num="953" count="0" type="cond" truecount="0" falsecount="2"/>
      <line num="954" count="0" type="stmt"/>
      <line num="955" count="0" type="stmt"/>
      <line num="956" count="0" type="stmt"/>
      <line num="957" count="0" type="stmt"/>
      <line num="958" count="0" type="stmt"/>
      <line num="959" count="0" type="stmt"/>
      <line num="962" count="0" type="stmt"/>
      <line num="964" count="0" type="cond" truecount="0" falsecount="2"/>
      <line num="966" count="0" type="stmt"/>
      <line num="967" count="0" type="stmt"/>
      <line num="968" count="0" type="stmt"/>
      <line num="970" count="0" type="cond" truecount="0" falsecount="2"/>
      <line num="971" count="0" type="stmt"/>
      <line num="978" count="0" type="cond" truecount="0" falsecount="2"/>
      <line num="979" count="0" type="stmt"/>
      <line num="980" count="0" type="stmt"/>
      <line num="982" count="0" type="stmt"/>
      <line num="987" count="39" type="stmt"/>
      <line num="988" count="40" type="cond" truecount="1" falsecount="1"/>
      <line num="989" count="40" type="stmt"/>
      <line num="990" count="40" type="stmt"/>
      <line num="991" count="40" type="cond" truecount="2" falsecount="2"/>
      <line num="992" count="40" type="stmt"/>
      <line num="994" count="40" type="cond" truecount="1" falsecount="1"/>
      <line num="995" count="0" type="stmt"/>
      <line num="996" count="0" type="stmt"/>
      <line num="1000" count="40" type="cond" truecount="2" falsecount="0"/>
      <line num="1001" count="40" type="stmt"/>
      <line num="1003" count="40" type="cond" truecount="2" falsecount="2"/>
      <line num="1004" count="0" type="stmt"/>
      <line num="1005" count="0" type="stmt"/>
      <line num="1016" count="0" type="stmt"/>
      <line num="1019" count="0" type="cond" truecount="0" falsecount="2"/>
      <line num="1020" count="0" type="stmt"/>
      <line num="1021" count="0" type="stmt"/>
      <line num="1022" count="0" type="cond" truecount="0" falsecount="2"/>
      <line num="1023" count="0" type="cond" truecount="0" falsecount="2"/>
      <line num="1024" count="0" type="stmt"/>
      <line num="1025" count="0" type="stmt"/>
      <line num="1027" count="0" type="stmt"/>
      <line num="1028" count="0" type="stmt"/>
      <line num="1029" count="0" type="stmt"/>
      <line num="1031" count="0" type="cond" truecount="0" falsecount="5"/>
      <line num="1032" count="0" type="cond" truecount="0" falsecount="3"/>
      <line num="1033" count="0" type="cond" truecount="0" falsecount="3"/>
      <line num="1035" count="0" type="cond" truecount="0" falsecount="2"/>
      <line num="1036" count="0" type="cond" truecount="0" falsecount="2"/>
      <line num="1038" count="0" type="cond" truecount="0" falsecount="2"/>
      <line num="1039" count="0" type="cond" truecount="0" falsecount="2"/>
      <line num="1040" count="0" type="stmt"/>
      <line num="1041" count="0" type="cond" truecount="0" falsecount="4"/>
      <line num="1042" count="0" type="stmt"/>
      <line num="1045" count="39" type="stmt"/>
      <line num="1050" count="39" type="stmt"/>
      <line num="1052" count="39" type="cond" truecount="2" falsecount="0"/>
      <line num="1053" count="38" type="stmt"/>
      <line num="1054" count="38" type="cond" truecount="2" falsecount="0"/>
      <line num="1056" count="38" type="cond" truecount="2" falsecount="0"/>
      <line num="1057" count="16" type="stmt"/>
      <line num="1058" count="16" type="stmt"/>
      <line num="1059" count="16" type="stmt"/>
      <line num="1060" count="16" type="stmt"/>
      <line num="1061" count="32" type="stmt"/>
      <line num="1062" count="32" type="stmt"/>
      <line num="1065" count="22" type="stmt"/>
      <line num="1068" count="1" type="stmt"/>
      <line num="1069" count="1" type="stmt"/>
      <line num="1070" count="1" type="stmt"/>
      <line num="1074" count="39" type="stmt"/>
      <line num="1076" count="39" type="stmt"/>
      <line num="1080" count="39" type="cond" truecount="2" falsecount="0"/>
      <line num="1082" count="37" type="cond" truecount="1" falsecount="1"/>
      <line num="1083" count="37" type="stmt"/>
      <line num="1084" count="37" type="stmt"/>
      <line num="1086" count="37" type="cond" truecount="2" falsecount="0"/>
      <line num="1087" count="37" type="cond" truecount="2" falsecount="0"/>
      <line num="1089" count="37" type="cond" truecount="1" falsecount="1"/>
      <line num="1090" count="0" type="stmt"/>
      <line num="1091" count="0" type="stmt"/>
      <line num="1092" count="0" type="stmt"/>
      <line num="1093" count="0" type="stmt"/>
      <line num="1094" count="0" type="stmt"/>
      <line num="1095" count="0" type="stmt"/>
      <line num="1096" count="0" type="stmt"/>
      <line num="1097" count="0" type="stmt"/>
      <line num="1098" count="0" type="stmt"/>
      <line num="1099" count="0" type="stmt"/>
      <line num="1101" count="37" type="stmt"/>
      <line num="1102" count="37" type="cond" truecount="2" falsecount="0"/>
      <line num="1103" count="37" type="stmt"/>
      <line num="1104" count="37" type="stmt"/>
      <line num="1105" count="37" type="stmt"/>
      <line num="1106" count="37" type="stmt"/>
      <line num="1107" count="37" type="stmt"/>
      <line num="1108" count="74" type="stmt"/>
      <line num="1111" count="37" type="stmt"/>
      <line num="1112" count="74" type="cond" truecount="1" falsecount="3"/>
      <line num="1113" count="74" type="stmt"/>
      <line num="1115" count="74" type="stmt"/>
      <line num="1117" count="74" type="cond" truecount="1" falsecount="1"/>
      <line num="1118" count="0" type="stmt"/>
      <line num="1119" count="0" type="stmt"/>
      <line num="1120" count="0" type="stmt"/>
      <line num="1121" count="0" type="stmt"/>
      <line num="1123" count="74" type="stmt"/>
      <line num="1126" count="74" type="stmt"/>
      <line num="1136" count="74" type="cond" truecount="1" falsecount="1"/>
      <line num="1137" count="74" type="cond" truecount="7" falsecount="1"/>
      <line num="1138" count="74" type="stmt"/>
      <line num="1140" count="74" type="stmt"/>
      <line num="1141" count="302" type="stmt"/>
      <line num="1142" count="302" type="stmt"/>
      <line num="1144" count="302" type="cond" truecount="1" falsecount="1"/>
      <line num="1145" count="302" type="cond" truecount="2" falsecount="0"/>
      <line num="1146" count="151" type="stmt"/>
      <line num="1147" count="151" type="stmt"/>
      <line num="1148" count="151" type="cond" truecount="1" falsecount="1"/>
      <line num="1149" count="302" type="stmt"/>
      <line num="1150" count="151" type="stmt"/>
      <line num="1154" count="74" type="stmt"/>
      <line num="1159" count="0" type="stmt"/>
      <line num="1160" count="0" type="cond" truecount="0" falsecount="2"/>
      <line num="1161" count="0" type="stmt"/>
      <line num="1162" count="0" type="cond" truecount="0" falsecount="2"/>
      <line num="1164" count="0" type="cond" truecount="0" falsecount="2"/>
      <line num="1166" count="0" type="stmt"/>
      <line num="1169" count="0" type="stmt"/>
      <line num="1171" count="0" type="stmt"/>
      <line num="1172" count="0" type="cond" truecount="0" falsecount="5"/>
      <line num="1173" count="0" type="stmt"/>
      <line num="1179" count="0" type="cond" truecount="0" falsecount="2"/>
      <line num="1180" count="0" type="cond" truecount="0" falsecount="2"/>
      <line num="1182" count="0" type="stmt"/>
      <line num="1183" count="0" type="stmt"/>
      <line num="1196" count="0" type="stmt"/>
      <line num="1199" count="0" type="stmt"/>
      <line num="1200" count="0" type="stmt"/>
      <line num="1201" count="0" type="stmt"/>
      <line num="1203" count="0" type="stmt"/>
      <line num="1211" count="0" type="stmt"/>
      <line num="1212" count="0" type="stmt"/>
      <line num="1214" count="0" type="stmt"/>
      <line num="1215" count="0" type="stmt"/>
      <line num="1217" count="0" type="stmt"/>
      <line num="1218" count="0" type="stmt"/>
      <line num="1219" count="0" type="stmt"/>
      <line num="1220" count="0" type="stmt"/>
      <line num="1221" count="0" type="stmt"/>
      <line num="1223" count="0" type="stmt"/>
      <line num="1225" count="0" type="stmt"/>
      <line num="1226" count="0" type="stmt"/>
      <line num="1227" count="0" type="stmt"/>
      <line num="1229" count="0" type="stmt"/>
      <line num="1236" count="0" type="stmt"/>
      <line num="1241" count="78" type="stmt"/>
      <line num="1242" count="78" type="stmt"/>
      <line num="1244" count="78" type="cond" truecount="3" falsecount="1"/>
      <line num="1245" count="0" type="stmt"/>
      <line num="1248" count="0" type="stmt"/>
      <line num="1250" count="0" type="stmt"/>
      <line num="1253" count="0" type="stmt"/>
      <line num="1255" count="0" type="stmt"/>
      <line num="1261" count="0" type="stmt"/>
      <line num="1262" count="0" type="stmt"/>
      <line num="1264" count="0" type="stmt"/>
      <line num="1265" count="0" type="stmt"/>
      <line num="1267" count="0" type="stmt"/>
      <line num="1268" count="0" type="stmt"/>
      <line num="1270" count="0" type="cond" truecount="0" falsecount="2"/>
      <line num="1271" count="0" type="stmt"/>
      <line num="1272" count="0" type="stmt"/>
      <line num="1275" count="0" type="stmt"/>
      <line num="1276" count="0" type="stmt"/>
      <line num="1279" count="0" type="stmt"/>
      <line num="1281" count="0" type="stmt"/>
      <line num="1282" count="0" type="stmt"/>
      <line num="1283" count="0" type="stmt"/>
      <line num="1286" count="0" type="cond" truecount="0" falsecount="2"/>
      <line num="1288" count="0" type="stmt"/>
      <line num="1289" count="0" type="stmt"/>
      <line num="1291" count="0" type="stmt"/>
      <line num="1293" count="0" type="cond" truecount="0" falsecount="2"/>
      <line num="1294" count="0" type="stmt"/>
      <line num="1295" count="0" type="stmt"/>
      <line num="1296" count="0" type="stmt"/>
      <line num="1301" count="38" type="stmt"/>
      <line num="1302" count="38" type="cond" truecount="1" falsecount="1"/>
      <line num="1303" count="38" type="cond" truecount="2" falsecount="0"/>
      <line num="1308" count="4" type="stmt"/>
      <line num="1309" count="0" type="stmt"/>
      <line num="1310" count="0" type="stmt"/>
      <line num="1311" count="0" type="stmt"/>
      <line num="1312" count="0" type="cond" truecount="0" falsecount="2"/>
      <line num="1313" count="0" type="cond" truecount="0" falsecount="2"/>
      <line num="1314" count="0" type="stmt"/>
      <line num="1316" count="0" type="stmt"/>
      <line num="1327" count="0" type="stmt"/>
      <line num="1329" count="0" type="stmt"/>
      <line num="1330" count="0" type="stmt"/>
      <line num="1331" count="0" type="stmt"/>
      <line num="1332" count="0" type="stmt"/>
      <line num="1333" count="0" type="stmt"/>
      <line num="1335" count="0" type="cond" truecount="0" falsecount="2"/>
      <line num="1336" count="0" type="cond" truecount="0" falsecount="2"/>
      <line num="1337" count="0" type="cond" truecount="0" falsecount="2"/>
      <line num="1339" count="0" type="cond" truecount="0" falsecount="5"/>
      <line num="1343" count="0" type="stmt"/>
      <line num="1344" count="0" type="stmt"/>
      <line num="1345" count="0" type="stmt"/>
      <line num="1346" count="0" type="stmt"/>
      <line num="1348" count="0" type="cond" truecount="0" falsecount="4"/>
      <line num="1349" count="0" type="cond" truecount="0" falsecount="4"/>
      <line num="1352" count="0" type="stmt"/>
      <line num="1353" count="0" type="stmt"/>
      <line num="1354" count="0" type="cond" truecount="0" falsecount="4"/>
      <line num="1355" count="0" type="cond" truecount="0" falsecount="4"/>
      <line num="1359" count="0" type="stmt"/>
      <line num="1360" count="0" type="stmt"/>
      <line num="1361" count="0" type="cond" truecount="0" falsecount="6"/>
      <line num="1363" count="0" type="stmt"/>
      <line num="1364" count="0" type="cond" truecount="0" falsecount="2"/>
      <line num="1367" count="0" type="stmt"/>
      <line num="1371" count="0" type="stmt"/>
    </file>
    <file name="CabinetOptimizer.ts" path="/mnt/AC74CC2974CBF3DC/другие проекты/базис-веб/services/CabinetOptimizer.ts">
      <metrics statements="97" coveredstatements="93" conditionals="74" coveredconditionals="66" methods="11" coveredmethods="11"/>
      <line num="9" count="1" type="stmt"/>
      <line num="10" count="1" type="stmt"/>
      <line num="11" count="1" type="stmt"/>
      <line num="12" count="1" type="stmt"/>
      <line num="41" count="1" type="stmt"/>
      <line num="45" count="30" type="stmt"/>
      <line num="48" count="30" type="stmt"/>
      <line num="49" count="30" type="stmt"/>
      <line num="50" count="30" type="stmt"/>
      <line num="62" count="28" type="stmt"/>
      <line num="64" count="28" type="cond" truecount="2" falsecount="0"/>
      <line num="65" count="28" type="cond" truecount="2" falsecount="0"/>
      <line num="66" count="28" type="cond" truecount="2" falsecount="0"/>
      <line num="67" count="28" type="cond" truecount="2" falsecount="0"/>
      <line num="69" count="28" type="stmt"/>
      <line num="70" count="28" type="stmt"/>
      <line num="72" count="28" type="stmt"/>
      <line num="73" count="362" type="cond" truecount="1" falsecount="1"/>
      <line num="75" count="28" type="stmt"/>
      <line num="77" count="28" type="stmt"/>
      <line num="78" count="241" type="stmt"/>
      <line num="80" count="241" type="stmt"/>
      <line num="81" count="2604" type="stmt"/>
      <line num="82" count="2604" type="stmt"/>
      <line num="84" count="2604" type="stmt"/>
      <line num="85" count="2604" type="stmt"/>
      <line num="87" count="2604" type="cond" truecount="2" falsecount="0"/>
      <line num="88" count="1320" type="stmt"/>
      <line num="91" count="2604" type="cond" truecount="2" falsecount="0"/>
      <line num="92" count="1146" type="stmt"/>
      <line num="94" count="2604" type="cond" truecount="2" falsecount="0"/>
      <line num="95" count="1165" type="stmt"/>
      <line num="98" count="2604" type="stmt"/>
      <line num="99" count="2604" type="stmt"/>
      <line num="101" count="2604" type="stmt"/>
      <line num="102" count="2604" type="cond" truecount="2" falsecount="0"/>
      <line num="103" count="2596" type="stmt"/>
      <line num="107" count="4959" type="stmt"/>
      <line num="109" count="241" type="stmt"/>
      <line num="110" count="241" type="cond" truecount="2" falsecount="0"/>
      <line num="111" count="1" type="stmt"/>
      <line num="114" count="241" type="stmt"/>
      <line num="117" count="28" type="stmt"/>
      <line num="118" count="28" type="stmt"/>
      <line num="119" count="28" type="stmt"/>
      <line num="121" count="28" type="stmt"/>
      <line num="143" count="28" type="stmt"/>
      <line num="145" count="28" type="stmt"/>
      <line num="146" count="390" type="stmt"/>
      <line num="155" count="390" type="stmt"/>
      <line num="163" count="390" type="stmt"/>
      <line num="164" count="390" type="stmt"/>
      <line num="166" count="390" type="stmt"/>
      <line num="176" count="28" type="stmt"/>
      <line num="183" count="5208" type="stmt"/>
      <line num="184" count="5208" type="stmt"/>
      <line num="186" count="5208" type="stmt"/>
      <line num="187" count="20060" type="stmt"/>
      <line num="188" count="20060" type="cond" truecount="1" falsecount="1"/>
      <line num="189" count="0" type="stmt"/>
      <line num="193" count="5208" type="stmt"/>
      <line num="200" count="1320" type="stmt"/>
      <line num="209" count="1320" type="stmt"/>
      <line num="218" count="1320" type="stmt"/>
      <line num="225" count="2311" type="stmt"/>
      <line num="226" count="2311" type="cond" truecount="2" falsecount="0"/>
      <line num="227" count="2311" type="cond" truecount="2" falsecount="0"/>
      <line num="229" count="2311" type="stmt"/>
      <line num="252" count="5626" type="stmt"/>
      <line num="253" count="5626" type="stmt"/>
      <line num="255" count="5626" type="stmt"/>
      <line num="256" count="5626" type="stmt"/>
      <line num="257" count="5626" type="stmt"/>
      <line num="259" count="5626" type="stmt"/>
      <line num="260" count="5626" type="stmt"/>
      <line num="262" count="5626" type="cond" truecount="3" falsecount="1"/>
      <line num="263" count="0" type="stmt"/>
      <line num="264" count="0" type="stmt"/>
      <line num="267" count="5626" type="cond" truecount="4" falsecount="0"/>
      <line num="269" count="4054" type="stmt"/>
      <line num="270" count="4054" type="stmt"/>
      <line num="272" count="51" type="stmt"/>
      <line num="273" count="51" type="stmt"/>
      <line num="275" count="51" type="stmt"/>
      <line num="276" count="51" type="stmt"/>
      <line num="278" count="1470" type="stmt"/>
      <line num="279" count="1470" type="stmt"/>
      <line num="282" count="5626" type="stmt"/>
      <line num="284" count="0" type="stmt"/>
      <line num="292" count="28" type="stmt"/>
      <line num="306" count="5654" type="stmt"/>
      <line num="308" count="5654" type="cond" truecount="1" falsecount="1"/>
      <line num="309" count="5654" type="cond" truecount="2" falsecount="0"/>
      <line num="310" count="1258" type="stmt"/>
      <line num="312" count="5654" type="cond" truecount="2" falsecount="0"/>
      <line num="313" count="1258" type="stmt"/>
      <line num="317" count="5654" type="stmt"/>
    </file>
    <file name="ConstraintSolver.ts" path="/mnt/AC74CC2974CBF3DC/другие проекты/базис-веб/services/ConstraintSolver.ts">
      <metrics statements="185" coveredstatements="128" conditionals="141" coveredconditionals="85" methods="13" coveredmethods="12"/>
      <line num="11" count="7" type="stmt"/>
      <line num="56" count="7" type="stmt"/>
      <line num="57" count="121" type="stmt"/>
      <line num="58" count="121" type="stmt"/>
      <line num="59" count="121" type="stmt"/>
      <line num="60" count="121" type="stmt"/>
      <line num="82" count="76" type="cond" truecount="2" falsecount="0"/>
      <line num="83" count="4" type="cond" truecount="1" falsecount="1"/>
      <line num="84" count="4" type="cond" truecount="1" falsecount="1"/>
      <line num="85" count="4" type="cond" truecount="2" falsecount="0"/>
      <line num="88" count="76" type="stmt"/>
      <line num="89" count="76" type="cond" truecount="1" falsecount="1"/>
      <line num="92" count="76" type="cond" truecount="2" falsecount="0"/>
      <line num="93" count="3" type="stmt"/>
      <line num="105" count="73" type="stmt"/>
      <line num="106" count="73" type="stmt"/>
      <line num="107" count="73" type="stmt"/>
      <line num="108" count="73" type="stmt"/>
      <line num="111" count="73" type="stmt"/>
      <line num="112" count="73" type="cond" truecount="2" falsecount="0"/>
      <line num="114" count="73" type="stmt"/>
      <line num="117" count="73" type="stmt"/>
      <line num="118" count="73" type="stmt"/>
      <line num="119" count="373" type="cond" truecount="1" falsecount="1"/>
      <line num="120" count="373" type="stmt"/>
      <line num="121" count="373" type="cond" truecount="1" falsecount="1"/>
      <line num="122" count="373" type="stmt"/>
      <line num="126" count="73" type="stmt"/>
      <line num="128" count="73" type="cond" truecount="1" falsecount="1"/>
      <line num="129" count="0" type="stmt"/>
      <line num="133" count="73" type="cond" truecount="2" falsecount="0"/>
      <line num="134" count="27" type="stmt"/>
      <line num="138" count="46" type="cond" truecount="1" falsecount="1"/>
      <line num="139" count="0" type="stmt"/>
      <line num="140" count="0" type="stmt"/>
      <line num="144" count="46" type="stmt"/>
      <line num="147" count="237" type="stmt"/>
      <line num="149" count="46" type="cond" truecount="1" falsecount="1"/>
      <line num="151" count="46" type="stmt"/>
      <line num="155" count="0" type="stmt"/>
      <line num="156" count="0" type="stmt"/>
      <line num="157" count="0" type="cond" truecount="0" falsecount="2"/>
      <line num="158" count="0" type="cond" truecount="0" falsecount="2"/>
      <line num="159" count="0" type="cond" truecount="0" falsecount="2"/>
      <line num="162" count="0" type="cond" truecount="0" falsecount="5"/>
      <line num="163" count="0" type="stmt"/>
      <line num="166" count="0" type="cond" truecount="0" falsecount="2"/>
      <line num="167" count="0" type="stmt"/>
      <line num="173" count="0" type="stmt"/>
      <line num="176" count="0" type="stmt"/>
      <line num="180" count="73" type="stmt"/>
      <line num="181" count="373" type="stmt"/>
      <line num="182" count="373" type="cond" truecount="1" falsecount="1"/>
      <line num="186" count="73" type="cond" truecount="1" falsecount="1"/>
      <line num="187" count="73" type="cond" truecount="2" falsecount="0"/>
      <line num="189" count="73" type="cond" truecount="2" falsecount="0"/>
      <line num="193" count="73" type="stmt"/>
      <line num="210" count="11" type="cond" truecount="1" falsecount="1"/>
      <line num="211" count="11" type="cond" truecount="1" falsecount="1"/>
      <line num="212" count="11" type="stmt"/>
      <line num="213" count="11" type="stmt"/>
      <line num="215" count="11" type="cond" truecount="2" falsecount="0"/>
      <line num="216" count="1" type="stmt"/>
      <line num="219" count="11" type="cond" truecount="2" falsecount="0"/>
      <line num="220" count="4" type="stmt"/>
      <line num="224" count="11" type="stmt"/>
      <line num="225" count="35" type="cond" truecount="4" falsecount="0"/>
      <line num="226" count="1" type="stmt"/>
      <line num="228" count="67" type="cond" truecount="4" falsecount="0"/>
      <line num="229" count="2" type="stmt"/>
      <line num="235" count="11" type="stmt"/>
      <line num="236" count="11" type="stmt"/>
      <line num="237" count="11" type="stmt"/>
      <line num="239" count="11" type="stmt"/>
      <line num="240" count="24" type="cond" truecount="2" falsecount="0"/>
      <line num="241" count="5" type="stmt"/>
      <line num="243" count="19" type="stmt"/>
      <line num="248" count="11" type="stmt"/>
      <line num="250" count="11" type="stmt"/>
      <line num="253" count="11" type="cond" truecount="4" falsecount="0"/>
      <line num="254" count="2" type="stmt"/>
      <line num="259" count="11" type="cond" truecount="4" falsecount="0"/>
      <line num="260" count="1" type="stmt"/>
      <line num="263" count="11" type="cond" truecount="4" falsecount="0"/>
      <line num="264" count="5" type="stmt"/>
      <line num="267" count="11" type="stmt"/>
      <line num="280" count="2" type="cond" truecount="1" falsecount="1"/>
      <line num="281" count="7" type="stmt"/>
      <line num="282" count="7" type="stmt"/>
      <line num="300" count="73" type="stmt"/>
      <line num="302" count="73" type="stmt"/>
      <line num="303" count="373" type="stmt"/>
      <line num="304" count="373" type="cond" truecount="1" falsecount="1"/>
      <line num="307" count="73" type="stmt"/>
      <line num="319" count="25305" type="cond" truecount="2" falsecount="0"/>
      <line num="321" count="25305" type="cond" truecount="7" falsecount="0"/>
      <line num="324" count="2142" type="stmt"/>
      <line num="325" count="2142" type="stmt"/>
      <line num="326" count="2142" type="stmt"/>
      <line num="327" count="2142" type="stmt"/>
      <line num="330" count="23119" type="cond" truecount="1" falsecount="1"/>
      <line num="331" count="23119" type="stmt"/>
      <line num="332" count="23119" type="stmt"/>
      <line num="333" count="23119" type="stmt"/>
      <line num="334" count="23119" type="stmt"/>
      <line num="335" count="23119" type="cond" truecount="1" falsecount="1"/>
      <line num="339" count="38" type="cond" truecount="2" falsecount="0"/>
      <line num="340" count="38" type="stmt"/>
      <line num="341" count="38" type="stmt"/>
      <line num="342" count="38" type="stmt"/>
      <line num="343" count="38" type="stmt"/>
      <line num="350" count="6" type="stmt"/>
      <line num="363" count="46" type="stmt"/>
      <line num="364" count="46" type="stmt"/>
      <line num="365" count="46" type="stmt"/>
      <line num="367" count="46" type="stmt"/>
      <line num="370" count="46" type="stmt"/>
      <line num="371" count="237" type="stmt"/>
      <line num="374" count="237" type="stmt"/>
      <line num="375" count="12276" type="stmt"/>
      <line num="376" count="12276" type="stmt"/>
      <line num="379" count="12276" type="stmt"/>
      <line num="380" count="12276" type="cond" truecount="1" falsecount="1"/>
      <line num="382" count="12276" type="cond" truecount="4" falsecount="1"/>
      <line num="383" count="0" type="stmt"/>
      <line num="391" count="12276" type="stmt"/>
      <line num="392" count="12276" type="cond" truecount="2" falsecount="0"/>
      <line num="393" count="8184" type="cond" truecount="2" falsecount="0"/>
      <line num="394" count="4092" type="stmt"/>
      <line num="396" count="12276" type="stmt"/>
      <line num="397" count="12276" type="stmt"/>
      <line num="399" count="12276" type="stmt"/>
      <line num="400" count="12276" type="stmt"/>
      <line num="402" count="12276" type="cond" truecount="3" falsecount="1"/>
      <line num="403" count="0" type="stmt"/>
      <line num="410" count="12276" type="stmt"/>
      <line num="411" count="12276" type="cond" truecount="1" falsecount="1"/>
      <line num="412" count="0" type="stmt"/>
      <line num="417" count="12276" type="stmt"/>
      <line num="421" count="46" type="stmt"/>
      <line num="429" count="46" type="stmt"/>
      <line num="430" count="46" type="cond" truecount="1" falsecount="1"/>
      <line num="433" count="46" type="stmt"/>
      <line num="434" count="46" type="cond" truecount="1" falsecount="1"/>
      <line num="435" count="46" type="stmt"/>
      <line num="437" count="0" type="stmt"/>
      <line num="438" count="0" type="cond" truecount="0" falsecount="2"/>
      <line num="439" count="0" type="stmt"/>
      <line num="442" count="0" type="cond" truecount="0" falsecount="2"/>
      <line num="443" count="0" type="stmt"/>
      <line num="448" count="0" type="stmt"/>
      <line num="449" count="0" type="stmt"/>
      <line num="452" count="0" type="stmt"/>
      <line num="454" count="0" type="stmt"/>
      <line num="455" count="0" type="stmt"/>
      <line num="456" count="0" type="cond" truecount="0" falsecount="2"/>
      <line num="457" count="0" type="stmt"/>
      <line num="462" count="0" type="stmt"/>
      <line num="463" count="0" type="stmt"/>
      <line num="466" count="0" type="cond" truecount="0" falsecount="2"/>
      <line num="467" count="0" type="stmt"/>
      <line num="471" count="0" type="stmt"/>
      <line num="472" count="0" type="stmt"/>
      <line num="474" count="0" type="cond" truecount="0" falsecount="2"/>
      <line num="475" count="0" type="stmt"/>
      <line num="478" count="0" type="stmt"/>
      <line num="479" count="0" type="stmt"/>
      <line num="481" count="0" type="cond" truecount="0" falsecount="2"/>
      <line num="482" count="0" type="stmt"/>
      <line num="486" count="0" type="stmt"/>
      <line num="488" count="0" type="cond" truecount="0" falsecount="2"/>
      <line num="489" count="0" type="stmt"/>
      <line num="495" count="0" type="stmt"/>
      <line num="496" count="0" type="stmt"/>
      <line num="497" count="0" type="stmt"/>
      <line num="498" count="0" type="stmt"/>
      <line num="499" count="0" type="stmt"/>
      <line num="501" count="0" type="cond" truecount="0" falsecount="2"/>
      <line num="502" count="0" type="stmt"/>
      <line num="506" count="0" type="cond" truecount="0" falsecount="2"/>
      <line num="507" count="0" type="stmt"/>
      <line num="510" count="0" type="stmt"/>
      <line num="512" count="0" type="cond" truecount="0" falsecount="2"/>
      <line num="513" count="0" type="stmt"/>
      <line num="517" count="0" type="stmt"/>
    </file>
    <file name="DFMValidator.ts" path="/mnt/AC74CC2974CBF3DC/другие проекты/базис-веб/services/DFMValidator.ts">
      <metrics statements="164" coveredstatements="160" conditionals="194" coveredconditionals="140" methods="55" coveredmethods="54"/>
      <line num="6" count="2" type="stmt"/>
      <line num="50" count="2" type="stmt"/>
      <line num="51" count="66" type="stmt"/>
      <line num="56" count="6" type="stmt"/>
      <line num="68" count="66" type="stmt"/>
      <line num="83" count="66" type="stmt"/>
[...]
      <line num="616" count="0" type="stmt"/>
      <line num="617" count="0" type="stmt"/>
      <line num="618" count="0" type="cond" truecount="0" falsecount="2"/>
      <line num="619" count="0" type="cond" truecount="0" falsecount="2"/>
      <line num="620" count="0" type="stmt"/>
      <line num="621" count="0" type="stmt"/>
      <line num="625" count="0" type="cond" truecount="0" falsecount="2"/>
      <line num="634" count="0" type="stmt"/>
      <line num="637" count="0" type="stmt"/>
      <line num="638" count="0" type="cond" truecount="0" falsecount="2"/>
      <line num="640" count="0" type="stmt"/>
      <line num="641" count="0" type="stmt"/>
      <line num="644" count="0" type="stmt"/>
      <line num="649" count="0" type="stmt"/>
      <line num="650" count="0" type="stmt"/>
      <line num="652" count="0" type="cond" truecount="0" falsecount="2"/>
      <line num="653" count="0" type="cond" truecount="0" falsecount="3"/>
      <line num="656" count="0" type="stmt"/>
      <line num="657" count="0" type="stmt"/>
      <line num="658" count="0" type="cond" truecount="0" falsecount="2"/>
      <line num="661" count="0" type="stmt"/>
      <line num="662" count="0" type="stmt"/>
      <line num="663" count="0" type="stmt"/>
      <line num="665" count="0" type="cond" truecount="0" falsecount="2"/>
      <line num="668" count="0" type="cond" truecount="0" falsecount="2"/>
      <line num="669" count="0" type="cond" truecount="0" falsecount="2"/>
      <line num="672" count="0" type="stmt"/>
      <line num="673" count="0" type="stmt"/>
      <line num="675" count="0" type="cond" truecount="0" falsecount="4"/>
      <line num="676" count="0" type="stmt"/>
      <line num="681" count="0" type="stmt"/>
      <line num="689" count="0" type="stmt"/>
      <line num="690" count="0" type="stmt"/>
      <line num="692" count="0" type="stmt"/>
      <line num="693" count="0" type="stmt"/>
      <line num="694" count="0" type="stmt"/>
      <line num="697" count="0" type="cond" truecount="0" falsecount="2"/>
      <line num="698" count="0" type="stmt"/>
      <line num="699" count="0" type="stmt"/>
      <line num="700" count="0" type="cond" truecount="0" falsecount="2"/>
      <line num="701" count="0" type="stmt"/>
      <line num="702" count="0" type="stmt"/>
      <line num="703" count="0" type="stmt"/>
      <line num="704" count="0" type="stmt"/>
      <line num="708" count="0" type="stmt"/>
      <line num="709" count="0" type="stmt"/>
      <line num="712" count="0" type="cond" truecount="0" falsecount="2"/>
      <line num="714" count="0" type="cond" truecount="0" falsecount="2"/>
      <line num="715" count="0" type="stmt"/>
      <line num="716" count="0" type="stmt"/>
      <line num="717" count="0" type="cond" truecount="0" falsecount="2"/>
      <line num="719" count="0" type="cond" truecount="0" falsecount="2"/>
      <line num="720" count="0" type="stmt"/>
      <line num="721" count="0" type="stmt"/>
      <line num="723" count="0" type="stmt"/>
      <line num="724" count="0" type="stmt"/>
      <line num="729" count="0" type="cond" truecount="0" falsecount="3"/>
      <line num="730" count="0" type="cond" truecount="0" falsecount="2"/>
      <line num="732" count="0" type="stmt"/>
      <line num="738" count="0" type="stmt"/>
      <line num="742" count="0" type="stmt"/>
      <line num="771" count="0" type="stmt"/>
      <line num="772" count="0" type="stmt"/>
      <line num="773" count="0" type="stmt"/>
      <line num="775" count="0" type="stmt"/>
      <line num="776" count="0" type="stmt"/>
      <line num="777" count="0" type="stmt"/>
      <line num="779" count="0" type="cond" truecount="0" falsecount="2"/>
      <line num="780" count="0" type="stmt"/>
      <line num="784" count="0" type="cond" truecount="0" falsecount="2"/>
      <line num="785" count="0" type="stmt"/>
      <line num="789" count="0" type="cond" truecount="0" falsecount="2"/>
      <line num="790" count="0" type="stmt"/>
      <line num="795" count="0" type="stmt"/>
      <line num="796" count="0" type="stmt"/>
      <line num="797" count="0" type="stmt"/>
      <line num="799" count="0" type="stmt"/>
      <line num="802" count="0" type="stmt"/>
      <line num="810" count="0" type="stmt"/>
      <line num="817" count="0" type="stmt"/>
      <line num="818" count="0" type="cond" truecount="0" falsecount="5"/>
      <line num="819" count="0" type="stmt"/>
      <line num="820" count="0" type="stmt"/>
      <line num="823" count="0" type="cond" truecount="0" falsecount="5"/>
      <line num="824" count="0" type="stmt"/>
      <line num="825" count="0" type="stmt"/>
      <line num="828" count="0" type="stmt"/>
      <line num="829" count="0" type="stmt"/>
      <line num="830" count="0" type="stmt"/>
      <line num="831" count="0" type="stmt"/>
      <line num="833" count="0" type="stmt"/>
      <line num="834" count="0" type="stmt"/>
      <line num="838" count="0" type="stmt"/>
      <line num="839" count="0" type="cond" truecount="0" falsecount="2"/>
      <line num="840" count="0" type="stmt"/>
      <line num="843" count="0" type="stmt"/>
      <line num="844" count="0" type="stmt"/>
      <line num="847" count="0" type="stmt"/>
      <line num="848" count="0" type="stmt"/>
      <line num="851" count="0" type="stmt"/>
      <line num="855" count="0" type="stmt"/>
      <line num="858" count="0" type="stmt"/>
      <line num="859" count="0" type="stmt"/>
      <line num="862" count="0" type="stmt"/>
      <line num="863" count="0" type="stmt"/>
      <line num="866" count="0" type="stmt"/>
      <line num="867" count="0" type="stmt"/>
      <line num="870" count="0" type="cond" truecount="0" falsecount="1"/>
      <line num="871" count="0" type="cond" truecount="0" falsecount="2"/>
      <line num="873" count="0" type="stmt"/>
      <line num="876" count="0" type="stmt"/>
    </file>
    <file name="hardwareUtils.ts" path="/mnt/AC74CC2974CBF3DC/другие проекты/базис-веб/services/hardwareUtils.ts">
      <metrics statements="102" coveredstatements="0" conditionals="94" coveredconditionals="0" methods="17" coveredmethods="0"/>
      <line num="59" count="0" type="stmt"/>
      <line num="120" count="0" type="stmt"/>
      <line num="124" count="0" type="stmt"/>
      <line num="126" count="0" type="stmt"/>
      <line num="127" count="0" type="stmt"/>
      <line num="128" count="0" type="cond" truecount="0" falsecount="4"/>
      <line num="130" count="0" type="cond" truecount="0" falsecount="2"/>
      <line num="131" count="0" type="cond" truecount="0" falsecount="2"/>
      <line num="134" count="0" type="stmt"/>
      <line num="141" count="0" type="cond" truecount="0" falsecount="2"/>
      <line num="142" count="0" type="stmt"/>
      <line num="151" count="0" type="stmt"/>
      <line num="152" count="0" type="cond" truecount="0" falsecount="2"/>
      <line num="154" count="0" type="stmt"/>
      <line num="155" count="0" type="cond" truecount="0" falsecount="2"/>
      <line num="156" count="0" type="stmt"/>
      <line num="166" count="0" type="cond" truecount="0" falsecount="6"/>
      <line num="167" count="0" type="stmt"/>
      <line num="176" count="0" type="stmt"/>
      <line num="190" count="0" type="stmt"/>
      <line num="192" count="0" type="cond" truecount="0" falsecount="2"/>
      <line num="193" count="0" type="cond" truecount="0" falsecount="2"/>
      <line num="194" count="0" type="cond" truecount="0" falsecount="2"/>
      <line num="195" count="0" type="stmt"/>
      <line num="199" count="0" type="cond" truecount="0" falsecount="2"/>
      <line num="200" count="0" type="cond" truecount="0" falsecount="2"/>
      <line num="201" count="0" type="cond" truecount="0" falsecount="2"/>
      <line num="202" count="0" type="stmt"/>
      <line num="205" count="0" type="stmt"/>
      <line num="211" count="0" type="stmt"/>
      <line num="217" count="0" type="cond" truecount="0" falsecount="4"/>
      <line num="220" count="0" type="cond" truecount="0" falsecount="4"/>
      <line num="223" count="0" type="cond" truecount="0" falsecount="2"/>
      <line num="226" count="0" type="stmt"/>
      <line num="234" count="0" type="stmt"/>
      <line num="240" count="0" type="stmt"/>
      <line num="241" count="0" type="cond" truecount="0" falsecount="4"/>
      <line num="243" count="0" type="cond" truecount="0" falsecount="3"/>
      <line num="244" count="0" type="stmt"/>
      <line num="246" count="0" type="stmt"/>
      <line num="254" count="0" type="cond" truecount="0" falsecount="4"/>
      <line num="255" count="0" type="stmt"/>
      <line num="261" count="0" type="stmt"/>
      <line num="262" count="0" type="cond" truecount="0" falsecount="4"/>
      <line num="270" count="0" type="stmt"/>
      <line num="275" count="0" type="stmt"/>
      <line num="277" count="0" type="cond" truecount="0" falsecount="2"/>
      <line num="279" count="0" type="cond" truecount="0" falsecount="2"/>
      <line num="281" count="0" type="stmt"/>
      <line num="282" count="0" type="stmt"/>
      <line num="283" count="0" type="stmt"/>
      <line num="284" count="0" type="cond" truecount="0" falsecount="2"/>
      <line num="286" count="0" type="stmt"/>
      <line num="287" count="0" type="stmt"/>
      <line num="290" count="0" type="stmt"/>
      <line num="293" count="0" type="stmt"/>
      <line num="308" count="0" type="stmt"/>
      <line num="309" count="0" type="stmt"/>
      <line num="317" count="0" type="stmt"/>
      <line num="326" count="0" type="stmt"/>
      <line num="327" count="0" type="stmt"/>
      <line num="328" count="0" type="stmt"/>
      <line num="329" count="0" type="stmt"/>
      <line num="331" count="0" type="stmt"/>
      <line num="332" count="0" type="cond" truecount="0" falsecount="2"/>
      <line num="333" count="0" type="cond" truecount="0" falsecount="2"/>
      <line num="337" count="0" type="stmt"/>
      <line num="345" count="0" type="stmt"/>
      <line num="346" count="0" type="stmt"/>
      <line num="347" count="0" type="cond" truecount="0" falsecount="2"/>
      <line num="353" count="0" type="stmt"/>
      <line num="354" count="0" type="stmt"/>
      <line num="356" count="0" type="cond" truecount="0" falsecount="7"/>
      <line num="358" count="0" type="stmt"/>
      <line num="361" count="0" type="stmt"/>
      <line num="363" count="0" type="stmt"/>
      <line num="365" count="0" type="stmt"/>
      <line num="367" count="0" type="stmt"/>
      <line num="369" count="0" type="stmt"/>
      <line num="376" count="0" type="stmt"/>
      <line num="377" count="0" type="stmt"/>
      <line num="387" count="0" type="cond" truecount="0" falsecount="2"/>
      <line num="395" count="0" type="stmt"/>
      <line num="399" count="0" type="stmt"/>
      <line num="402" count="0" type="stmt"/>
      <line num="404" count="0" type="cond" truecount="0" falsecount="3"/>
      <line num="406" count="0" type="stmt"/>
      <line num="408" count="0" type="stmt"/>
      <line num="410" count="0" type="stmt"/>
      <line num="417" count="0" type="stmt"/>
      <line num="421" count="0" type="stmt"/>
      <line num="422" count="0" type="stmt"/>
      <line num="424" count="0" type="stmt"/>
      <line num="425" count="0" type="cond" truecount="0" falsecount="2"/>
      <line num="426" count="0" type="stmt"/>
      <line num="429" count="0" type="stmt"/>
      <line num="430" count="0" type="stmt"/>
      <line num="432" count="0" type="cond" truecount="0" falsecount="2"/>
      <line num="433" count="0" type="stmt"/>
      <line num="438" count="0" type="cond" truecount="0" falsecount="6"/>
      <line num="439" count="0" type="stmt"/>
      <line num="442" count="0" type="stmt"/>
    </file>
    <file name="localModelService.ts" path="/mnt/AC74CC2974CBF3DC/другие проекты/базис-веб/services/localModelService.ts">
      <metrics statements="68" coveredstatements="0" conditionals="42" coveredconditionals="0" methods="9" coveredmethods="0"/>
      <line num="19" count="0" type="stmt"/>
      <line num="20" count="0" type="stmt"/>
      <line num="21" count="0" type="stmt"/>
      <line num="24" count="0" type="cond" truecount="0" falsecount="2"/>
      <line num="26" count="0" type="stmt"/>
      <line num="27" count="0" type="stmt"/>
      <line num="28" count="0" type="stmt"/>
      <line num="30" count="0" type="stmt"/>
      <line num="34" count="0" type="stmt"/>
      <line num="36" count="0" type="stmt"/>
      <line num="37" count="0" type="stmt"/>
      <line num="38" count="0" type="stmt"/>
      <line num="39" count="0" type="stmt"/>
      <line num="41" count="0" type="stmt"/>
      <line num="42" count="0" type="stmt"/>
      <line num="43" count="0" type="stmt"/>
      <line num="48" count="0" type="cond" truecount="0" falsecount="2"/>
      <line num="49" count="0" type="stmt"/>
      <line num="51" count="0" type="stmt"/>
      <line num="62" count="0" type="cond" truecount="0" falsecount="2"/>
      <line num="63" count="0" type="stmt"/>
      <line num="66" count="0" type="stmt"/>
      <line num="67" count="0" type="stmt"/>
      <line num="79" count="0" type="cond" truecount="0" falsecount="2"/>
      <line num="80" count="0" type="stmt"/>
      <line num="82" count="0" type="stmt"/>
      <line num="83" count="0" type="stmt"/>
      <line num="97" count="0" type="cond" truecount="0" falsecount="2"/>
      <line num="98" count="0" type="stmt"/>
      <line num="101" count="0" type="stmt"/>
      <line num="102" count="0" type="stmt"/>
      <line num="120" count="0" type="cond" truecount="0" falsecount="2"/>
      <line num="121" count="0" type="stmt"/>
      <line num="123" count="0" type="stmt"/>
      <line num="124" count="0" type="stmt"/>
      <line num="138" count="0" type="cond" truecount="0" falsecount="2"/>
      <line num="139" count="0" type="stmt"/>
      <line num="142" count="0" type="stmt"/>
      <line num="143" count="0" type="stmt"/>
      <line num="154" count="0" type="stmt"/>
      <line num="157" count="0" type="cond" truecount="0" falsecount="4"/>
      <line num="158" count="0" type="stmt"/>
      <line num="159" count="0" type="stmt"/>
      <line num="162" count="0" type="cond" truecount="0" falsecount="2"/>
      <line num="163" count="0" type="stmt"/>
      <line num="166" count="0" type="cond" truecount="0" falsecount="2"/>
      <line num="167" count="0" type="stmt"/>
      <line num="170" count="0" type="cond" truecount="0" falsecount="4"/>
      <line num="171" count="0" type="stmt"/>
      <line num="174" count="0" type="stmt"/>
      <line num="181" count="0" type="stmt"/>
      <line num="182" count="0" type="stmt"/>
      <line num="190" count="0" type="cond" truecount="0" falsecount="2"/>
      <line num="191" count="0" type="stmt"/>
      <line num="194" count="0" type="stmt"/>
      <line num="195" count="0" type="stmt"/>
      <line num="196" count="0" type="cond" truecount="0" falsecount="2"/>
      <line num="197" count="0" type="stmt"/>
      <line num="199" count="0" type="stmt"/>
      <line num="200" count="0" type="stmt"/>
      <line num="212" count="0" type="stmt"/>
      <line num="214" count="0" type="cond" truecount="0" falsecount="2"/>
      <line num="216" count="0" type="cond" truecount="0" falsecount="2"/>
      <line num="217" count="0" type="stmt"/>
      <line num="220" count="0" type="cond" truecount="0" falsecount="4"/>
      <line num="221" count="0" type="stmt"/>
      <line num="224" count="0" type="stmt"/>
      <line num="228" count="0" type="stmt"/>
    </file>
    <file name="storageService.ts" path="/mnt/AC74CC2974CBF3DC/другие проекты/базис-веб/services/storageService.ts">
      <metrics statements="86" coveredstatements="0" conditionals="26" coveredconditionals="0" methods="28" coveredmethods="0"/>
      <line num="4" count="0" type="stmt"/>
      <line num="5" count="0" type="stmt"/>
      <line num="6" count="0" type="stmt"/>
      <line num="14" count="0" type="stmt"/>
      <line num="15" count="0" type="stmt"/>
      <line num="17" count="0" type="stmt"/>
      <line num="18" count="0" type="stmt"/>
      <line num="23" count="0" type="stmt"/>
      <line num="26" count="0" type="cond" truecount="0" falsecount="2"/>
      <line num="28" count="0" type="stmt"/>
      <line num="29" count="0" type="stmt"/>
      <line num="31" count="0" type="stmt"/>
      <line num="32" count="0" type="stmt"/>
      <line num="33" count="0" type="stmt"/>
      <line num="40" count="0" type="stmt"/>
      <line num="41" count="0" type="stmt"/>
      <line num="42" count="0" type="stmt"/>
      <line num="45" count="0" type="stmt"/>
      <line num="46" count="0" type="stmt"/>
      <line num="47" count="0" type="stmt"/>
      <line num="48" count="0" type="cond" truecount="0" falsecount="2"/>
      <line num="49" count="0" type="stmt"/>
      <line num="50" count="0" type="stmt"/>
      <line num="53" count="0" type="stmt"/>
      <line num="64" count="0" type="stmt"/>
      <line num="65" count="0" type="stmt"/>
      <line num="66" count="0" type="cond" truecount="0" falsecount="2"/>
      <line num="67" count="0" type="stmt"/>
      <line num="70" count="0" type="stmt"/>
      <line num="71" count="0" type="stmt"/>
      <line num="72" count="0" type="stmt"/>
      <line num="73" count="0" type="stmt"/>
      <line num="75" count="0" type="stmt"/>
      <line num="76" count="0" type="stmt"/>
      <line num="77" count="0" type="stmt"/>
      <line num="84" count="0" type="stmt"/>
      <line num="85" count="0" type="stmt"/>
      <line num="92" count="0" type="stmt"/>
      <line num="102" count="0" type="stmt"/>
      <line num="103" count="0" type="stmt"/>
      <line num="104" count="0" type="cond" truecount="0" falsecount="2"/>
      <line num="105" count="0" type="stmt"/>
      <line num="108" count="0" type="stmt"/>
      <line num="109" count="0" type="stmt"/>
      <line num="110" count="0" type="stmt"/>
      <line num="111" count="0" type="stmt"/>
      <line num="113" count="0" type="stmt"/>
      <line num="114" count="0" type="stmt"/>
      <line num="115" count="0" type="stmt"/>
      <line num="116" count="0" type="stmt"/>
      <line num="117" count="0" type="stmt"/>
      <line num="119" count="0" type="stmt"/>
      <line num="127" count="0" type="stmt"/>
      <line num="128" count="0" type="stmt"/>
      <line num="135" count="0" type="stmt"/>
      <line num="136" count="0" type="stmt"/>
      <line num="143" count="0" type="stmt"/>
      <line num="153" count="0" type="stmt"/>
      <line num="154" count="0" type="stmt"/>
      <line num="155" count="0" type="cond" truecount="0" falsecount="2"/>
      <line num="156" count="0" type="stmt"/>
      <line num="159" count="0" type="stmt"/>
      <line num="160" count="0" type="stmt"/>
      <line num="161" count="0" type="stmt"/>
      <line num="162" count="0" type="stmt"/>
      <line num="164" count="0" type="stmt"/>
      <line num="165" count="0" type="stmt"/>
      <line num="166" count="0" type="stmt"/>
      <line num="173" count="0" type="stmt"/>
      <line num="174" count="0" type="stmt"/>
      <line num="181" count="0" type="stmt"/>
      <line num="191" count="0" type="stmt"/>
      <line num="192" count="0" type="stmt"/>
      <line num="193" count="0" type="cond" truecount="0" falsecount="2"/>
      <line num="194" count="0" type="stmt"/>
      <line num="197" count="0" type="stmt"/>
      <line num="198" count="0" type="stmt"/>
      <line num="199" count="0" type="stmt"/>
      <line num="200" count="0" type="stmt"/>
      <line num="202" count="0" type="stmt"/>
      <line num="203" count="0" type="stmt"/>
      <line num="204" count="0" type="stmt"/>
      <line num="211" count="0" type="stmt"/>
      <line num="212" count="0" type="stmt"/>
      <line num="219" count="0" type="stmt"/>
      <line num="229" count="0" type="stmt"/>
    </file>
  </project>
</coverage>
