{"/mnt/AC74CC2974CBF3DC/другие проекты/базис-веб/services/BOMExporter.ts": {"path":"/mnt/AC74CC2974CBF3DC/другие проекты/базис-веб/services/BOMExporter.ts","statementMap":{"0":{"start":{"line":21,"column":15},"end":{"line":21,"column":68}},"1":{"start":{"line":22,"column":4},"end":{"line":22,"column":26}},"2":{"start":{"line":23,"column":4},"end":{"line":23,"column":37}},"3":{"start":{"line":24,"column":4},"end":{"line":24,"column":32}},"4":{"start":{"line":25,"column":4},"end":{"line":25,"column":30}},"5":{"start":{"line":26,"column":4},"end":{"line":26,"column":34}},"6":{"start":{"line":27,"column":4},"end":{"line":27,"column":39}},"7":{"start":{"line":28,"column":4},"end":{"line":28,"column":33}},"8":{"start":{"line":29,"column":4},"end":{"line":29,"column":35}},"9":{"start":{"line":31,"column":4},"end":{"line":40,"column":5}},"10":{"start":{"line":32,"column":6},"end":{"line":32,"column":21}},"11":{"start":{"line":33,"column":6},"end":{"line":33,"column":45}},"12":{"start":{"line":34,"column":6},"end":{"line":34,"column":42}},"13":{"start":{"line":35,"column":6},"end":{"line":35,"column":42}},"14":{"start":{"line":36,"column":6},"end":{"line":36,"column":49}},"15":{"start":{"line":37,"column":6},"end":{"line":37,"column":57}},"16":{"start":{"line":38,"column":6},"end":{"line":38,"column":59}},"17":{"start":{"line":39,"column":6},"end":{"line":39,"column":22}},"18":{"start":{"line":43,"column":4},"end":{"line":43,"column":73}},"19":{"start":{"line":44,"column":4},"end":{"line":44,"column":41}},"20":{"start":{"line":45,"column":4},"end":{"line":45,"column":50}},"21":{"start":{"line":46,"column":4},"end":{"line":46,"column":57}},"22":{"start":{"line":47,"column":4},"end":{"line":47,"column":65}},"23":{"start":{"line":48,"column":4},"end":{"line":48,"column":67}},"24":{"start":{"line":49,"column":4},"end":{"line":49,"column":20}},"25":{"start":{"line":51,"column":4},"end":{"line":51,"column":31}},"26":{"start":{"line":54,"column":4},"end":{"line":65,"column":5}},"27":{"start":{"line":55,"column":6},"end":{"line":55,"column":36}},"28":{"start":{"line":56,"column":6},"end":{"line":56,"column":21}},"29":{"start":{"line":57,"column":6},"end":{"line":57,"column":80}},"30":{"start":{"line":58,"column":6},"end":{"line":58,"column":72}},"31":{"start":{"line":59,"column":6},"end":{"line":59,"column":78}},"32":{"start":{"line":60,"column":6},"end":{"line":60,"column":91}},"33":{"start":{"line":61,"column":6},"end":{"line":61,"column":98}},"34":{"start":{"line":62,"column":6},"end":{"line":62,"column":83}},"35":{"start":{"line":63,"column":6},"end":{"line":63,"column":93}},"36":{"start":{"line":64,"column":6},"end":{"line":64,"column":22}},"37":{"start":{"line":67,"column":4},"end":{"line":67,"column":16}},"38":{"start":{"line":74,"column":13},"end":{"line":74,"column":97}},"39":{"start":{"line":75,"column":4},"end":{"line":75,"column":40}},"40":{"start":{"line":77,"column":4},"end":{"line":79,"column":5}},"41":{"start":{"line":78,"column":6},"end":{"line":78,"column":174}},"42":{"start":{"line":82,"column":4},"end":{"line":82,"column":201}},"43":{"start":{"line":84,"column":4},"end":{"line":93,"column":5}},"44":{"start":{"line":85,"column":6},"end":{"line":85,"column":34}},"45":{"start":{"line":86,"column":6},"end":{"line":86,"column":77}},"46":{"start":{"line":87,"column":6},"end":{"line":87,"column":69}},"47":{"start":{"line":88,"column":6},"end":{"line":88,"column":75}},"48":{"start":{"line":89,"column":6},"end":{"line":89,"column":88}},"49":{"start":{"line":90,"column":6},"end":{"line":90,"column":95}},"50":{"start":{"line":91,"column":6},"end":{"line":91,"column":80}},"51":{"start":{"line":92,"column":6},"end":{"line":92,"column":90}},"52":{"start":{"line":95,"column":4},"end":{"line":95,"column":14}},"53":{"start":{"line":102,"column":20},"end":{"line":110,"column":6}},"54":{"start":{"line":112,"column":27},"end":{"line":112,"column":47}},"55":{"start":{"line":114,"column":4},"end":{"line":125,"column":5}},"56":{"start":{"line":115,"column":18},"end":{"line":123,"column":8}},"57":{"start":{"line":124,"column":6},"end":{"line":124,"column":32}},"58":{"start":{"line":128,"column":4},"end":{"line":128,"column":18}},"59":{"start":{"line":129,"column":4},"end":{"line":131,"column":6}},"60":{"start":{"line":133,"column":4},"end":{"line":133,"column":27}},"61":{"start":{"line":140,"column":24},"end":{"line":140,"column":101}},"62":{"start":{"line":142,"column":4},"end":{"line":156,"column":5}},"63":{"start":{"line":143,"column":26},"end":{"line":143,"column":39}},"64":{"start":{"line":144,"column":23},"end":{"line":144,"column":51}},"65":{"start":{"line":145,"column":6},"end":{"line":155,"column":7}},"66":{"start":{"line":146,"column":8},"end":{"line":146,"column":34}},"67":{"start":{"line":147,"column":8},"end":{"line":147,"column":40}},"68":{"start":{"line":148,"column":8},"end":{"line":148,"column":48}},"69":{"start":{"line":150,"column":8},"end":{"line":154,"column":11}},"70":{"start":{"line":158,"column":17},"end":{"line":158,"column":51}},"71":{"start":{"line":160,"column":4},"end":{"line":173,"column":5}},"72":{"start":{"line":161,"column":6},"end":{"line":161,"column":46}},"73":{"start":{"line":162,"column":6},"end":{"line":162,"column":56}},"74":{"start":{"line":163,"column":6},"end":{"line":163,"column":94}},"75":{"start":{"line":163,"column":69},"end":{"line":163,"column":85}},"76":{"start":{"line":164,"column":6},"end":{"line":164,"column":67}},"77":{"start":{"line":165,"column":6},"end":{"line":165,"column":72}},"78":{"start":{"line":166,"column":6},"end":{"line":166,"column":34}},"79":{"start":{"line":168,"column":6},"end":{"line":170,"column":7}},"80":{"start":{"line":169,"column":8},"end":{"line":169,"column":75}},"81":{"start":{"line":172,"column":6},"end":{"line":172,"column":21}},"82":{"start":{"line":175,"column":4},"end":{"line":175,"column":18}},"83":{"start":{"line":182,"column":22},"end":{"line":182,"column":69}},"84":{"start":{"line":183,"column":28},"end":{"line":183,"column":75}},"85":{"start":{"line":184,"column":33},"end":{"line":184,"column":70}},"86":{"start":{"line":186,"column":17},"end":{"line":186,"column":47}},"87":{"start":{"line":187,"column":4},"end":{"line":187,"column":119}},"88":{"start":{"line":188,"column":4},"end":{"line":188,"column":116}},"89":{"start":{"line":189,"column":4},"end":{"line":189,"column":63}},"90":{"start":{"line":190,"column":4},"end":{"line":190,"column":108}},"91":{"start":{"line":191,"column":4},"end":{"line":191,"column":98}},"92":{"start":{"line":193,"column":4},"end":{"line":193,"column":18}},"93":{"start":{"line":200,"column":24},"end":{"line":200,"column":49}},"94":{"start":{"line":202,"column":4},"end":{"line":205,"column":5}},"95":{"start":{"line":203,"column":23},"end":{"line":203,"column":58}},"96":{"start":{"line":204,"column":6},"end":{"line":204,"column":59}},"97":{"start":{"line":207,"column":17},"end":{"line":207,"column":45}},"98":{"start":{"line":208,"column":4},"end":{"line":208,"column":64}},"99":{"start":{"line":209,"column":4},"end":{"line":209,"column":37}},"100":{"start":{"line":211,"column":28},"end":{"line":211,"column":29}},"101":{"start":{"line":213,"column":4},"end":{"line":222,"column":5}},"102":{"start":{"line":214,"column":19},"end":{"line":214,"column":73}},"103":{"start":{"line":214,"column":45},"end":{"line":214,"column":72}},"104":{"start":{"line":215,"column":6},"end":{"line":221,"column":7}},"105":{"start":{"line":216,"column":27},"end":{"line":216,"column":56}},"106":{"start":{"line":217,"column":21},"end":{"line":217,"column":38}},"107":{"start":{"line":218,"column":8},"end":{"line":218,"column":34}},"108":{"start":{"line":220,"column":8},"end":{"line":220,"column":104}},"109":{"start":{"line":224,"column":4},"end":{"line":224,"column":77}},"110":{"start":{"line":226,"column":4},"end":{"line":226,"column":18}},"111":{"start":{"line":16,"column":0},"end":{"line":16,"column":13}}},"fnMap":{"0":{"name":"(anonymous_0)","decl":{"start":{"line":20,"column":2},"end":{"line":20,"column":8}},"loc":{"start":{"line":20,"column":54},"end":{"line":68,"column":3}}},"1":{"name":"(anonymous_1)","decl":{"start":{"line":73,"column":2},"end":{"line":73,"column":8}},"loc":{"start":{"line":73,"column":58},"end":{"line":96,"column":3}}},"2":{"name":"(anonymous_2)","decl":{"start":{"line":101,"column":2},"end":{"line":101,"column":8}},"loc":{"start":{"line":101,"column":35},"end":{"line":134,"column":3}}},"3":{"name":"(anonymous_3)","decl":{"start":{"line":139,"column":2},"end":{"line":139,"column":8}},"loc":{"start":{"line":139,"column":47},"end":{"line":176,"column":3}}},"4":{"name":"(anonymous_4)","decl":{"start":{"line":163,"column":57},"end":{"line":163,"column":58}},"loc":{"start":{"line":163,"column":69},"end":{"line":163,"column":85}}},"5":{"name":"(anonymous_5)","decl":{"start":{"line":181,"column":2},"end":{"line":181,"column":8}},"loc":{"start":{"line":181,"column":72},"end":{"line":194,"column":3}}},"6":{"name":"(anonymous_6)","decl":{"start":{"line":199,"column":2},"end":{"line":199,"column":8}},"loc":{"start":{"line":199,"column":44},"end":{"line":227,"column":3}}},"7":{"name":"(anonymous_7)","decl":{"start":{"line":214,"column":40},"end":{"line":214,"column":41}},"loc":{"start":{"line":214,"column":45},"end":{"line":214,"column":72}}}},"branchMap":{"0":{"loc":{"start":{"line":54,"column":4},"end":{"line":65,"column":5}},"type":"if","locations":[{"start":{"line":54,"column":4},"end":{"line":65,"column":5}},{"start":{},"end":{}}]},"1":{"loc":{"start":{"line":57,"column":44},"end":{"line":57,"column":72}},"type":"binary-expr","locations":[{"start":{"line":57,"column":44},"end":{"line":57,"column":66}},{"start":{"line":57,"column":70},"end":{"line":57,"column":72}}]},"2":{"loc":{"start":{"line":58,"column":39},"end":{"line":58,"column":64}},"type":"binary-expr","locations":[{"start":{"line":58,"column":39},"end":{"line":58,"column":58}},{"start":{"line":58,"column":62},"end":{"line":58,"column":64}}]},"3":{"loc":{"start":{"line":59,"column":35},"end":{"line":59,"column":55}},"type":"binary-expr","locations":[{"start":{"line":59,"column":35},"end":{"line":59,"column":50}},{"start":{"line":59,"column":54},"end":{"line":59,"column":55}}]},"4":{"loc":{"start":{"line":60,"column":44},"end":{"line":60,"column":67}},"type":"binary-expr","locations":[{"start":{"line":60,"column":44},"end":{"line":60,"column":62}},{"start":{"line":60,"column":66},"end":{"line":60,"column":67}}]},"5":{"loc":{"start":{"line":61,"column":46},"end":{"line":61,"column":74}},"type":"binary-expr","locations":[{"start":{"line":61,"column":46},"end":{"line":61,"column":69}},{"start":{"line":61,"column":73},"end":{"line":61,"column":74}}]},"6":{"loc":{"start":{"line":62,"column":39},"end":{"line":62,"column":59}},"type":"binary-expr","locations":[{"start":{"line":62,"column":39},"end":{"line":62,"column":54}},{"start":{"line":62,"column":58},"end":{"line":62,"column":59}}]},"7":{"loc":{"start":{"line":63,"column":42},"end":{"line":63,"column":67}},"type":"binary-expr","locations":[{"start":{"line":63,"column":42},"end":{"line":63,"column":62}},{"start":{"line":63,"column":66},"end":{"line":63,"column":67}}]},"8":{"loc":{"start":{"line":84,"column":4},"end":{"line":93,"column":5}},"type":"if","locations":[{"start":{"line":84,"column":4},"end":{"line":93,"column":5}},{"start":{},"end":{}}]},"9":{"loc":{"start":{"line":86,"column":44},"end":{"line":86,"column":72}},"type":"binary-expr","locations":[{"start":{"line":86,"column":44},"end":{"line":86,"column":66}},{"start":{"line":86,"column":70},"end":{"line":86,"column":72}}]},"10":{"loc":{"start":{"line":87,"column":39},"end":{"line":87,"column":64}},"type":"binary-expr","locations":[{"start":{"line":87,"column":39},"end":{"line":87,"column":58}},{"start":{"line":87,"column":62},"end":{"line":87,"column":64}}]},"11":{"loc":{"start":{"line":88,"column":35},"end":{"line":88,"column":55}},"type":"binary-expr","locations":[{"start":{"line":88,"column":35},"end":{"line":88,"column":50}},{"start":{"line":88,"column":54},"end":{"line":88,"column":55}}]},"12":{"loc":{"start":{"line":89,"column":44},"end":{"line":89,"column":67}},"type":"binary-expr","locations":[{"start":{"line":89,"column":44},"end":{"line":89,"column":62}},{"start":{"line":89,"column":66},"end":{"line":89,"column":67}}]},"13":{"loc":{"start":{"line":90,"column":46},"end":{"line":90,"column":74}},"type":"binary-expr","locations":[{"start":{"line":90,"column":46},"end":{"line":90,"column":69}},{"start":{"line":90,"column":73},"end":{"line":90,"column":74}}]},"14":{"loc":{"start":{"line":91,"column":39},"end":{"line":91,"column":59}},"type":"binary-expr","locations":[{"start":{"line":91,"column":39},"end":{"line":91,"column":54}},{"start":{"line":91,"column":58},"end":{"line":91,"column":59}}]},"15":{"loc":{"start":{"line":92,"column":42},"end":{"line":92,"column":67}},"type":"binary-expr","locations":[{"start":{"line":92,"column":42},"end":{"line":92,"column":62}},{"start":{"line":92,"column":66},"end":{"line":92,"column":67}}]},"16":{"loc":{"start":{"line":145,"column":6},"end":{"line":155,"column":7}},"type":"if","locations":[{"start":{"line":145,"column":6},"end":{"line":155,"column":7}},{"start":{"line":149,"column":13},"end":{"line":155,"column":7}}]},"17":{"loc":{"start":{"line":203,"column":23},"end":{"line":203,"column":58}},"type":"binary-expr","locations":[{"start":{"line":203,"column":23},"end":{"line":203,"column":53}},{"start":{"line":203,"column":57},"end":{"line":203,"column":58}}]},"18":{"loc":{"start":{"line":215,"column":6},"end":{"line":221,"column":7}},"type":"if","locations":[{"start":{"line":215,"column":6},"end":{"line":221,"column":7}},{"start":{},"end":{}}]}},"s":{"0":0,"1":0,"2":0,"3":0,"4":0,"5":0,"6":0,"7":0,"8":0,"9":0,"10":0,"11":0,"12":0,"13":0,"14":0,"15":0,"16":0,"17":0,"18":0,"19":0,"20":0,"21":0,"22":0,"23":0,"24":0,"25":0,"26":0,"27":0,"28":0,"29":0,"30":0,"31":0,"32":0,"33":0,"34":0,"35":0,"36":0,"37":0,"38":0,"39":0,"40":0,"41":0,"42":0,"43":0,"44":0,"45":0,"46":0,"47":0,"48":0,"49":0,"50":0,"51":0,"52":0,"53":0,"54":0,"55":0,"56":0,"57":0,"58":0,"59":0,"60":0,"61":0,"62":0,"63":0,"64":0,"65":0,"66":0,"67":0,"68":0,"69":0,"70":0,"71":0,"72":0,"73":0,"74":0,"75":0,"76":0,"77":0,"78":0,"79":0,"80":0,"81":0,"82":0,"83":0,"84":0,"85":0,"86":0,"87":0,"88":0,"89":0,"90":0,"91":0,"92":0,"93":0,"94":0,"95":0,"96":0,"97":0,"98":0,"99":0,"100":0,"101":0,"102":0,"103":0,"104":0,"105":0,"106":0,"107":0,"108":0,"109":0,"110":0,"111":0},"f":{"0":0,"1":0,"2":0,"3":0,"4":0,"5":0,"6":0,"7":0},"b":{"0":[0,0],"1":[0,0],"2":[0,0],"3":[0,0],"4":[0,0],"5":[0,0],"6":[0,0],"7":[0,0],"8":[0,0],"9":[0,0],"10":[0,0],"11":[0,0],"12":[0,0],"13":[0,0],"14":[0,0],"15":[0,0],"16":[0,0],"17":[0,0],"18":[0,0]}}
,"/mnt/AC74CC2974CBF3DC/другие проекты/базис-веб/services/BillOfMaterials.ts": {"path":"/mnt/AC74CC2974CBF3DC/другие проекты/базис-веб/services/BillOfMaterials.ts","statementMap":{"0":{"start":{"line":6,"column":0},"end":{"line":6,"column":null}},"1":{"start":{"line":100,"column":10},"end":{"line":100,"column":46}},"2":{"start":{"line":101,"column":10},"end":{"line":101,"column":57}},"3":{"start":{"line":102,"column":10},"end":{"line":102,"column":65}},"4":{"start":{"line":103,"column":19},"end":{"line":103,"column":46}},"5":{"start":{"line":106,"column":4},"end":{"line":117,"column":5}},"6":{"start":{"line":107,"column":6},"end":{"line":116,"column":7}},"7":{"start":{"line":109,"column":41},"end":{"line":109,"column":43}},"8":{"start":{"line":110,"column":8},"end":{"line":112,"column":11}},"9":{"start":{"line":111,"column":10},"end":{"line":111,"column":55}},"10":{"start":{"line":113,"column":8},"end":{"line":113,"column":39}},"11":{"start":{"line":114,"column":13},"end":{"line":116,"column":7}},"12":{"start":{"line":115,"column":8},"end":{"line":115,"column":45}},"13":{"start":{"line":118,"column":4},"end":{"line":120,"column":5}},"14":{"start":{"line":119,"column":6},"end":{"line":119,"column":47}},"15":{"start":{"line":124,"column":4},"end":{"line":124,"column":56}},"16":{"start":{"line":128,"column":37},"end":{"line":128,"column":39}},"17":{"start":{"line":129,"column":4},"end":{"line":131,"column":7}},"18":{"start":{"line":130,"column":6},"end":{"line":130,"column":51}},"19":{"start":{"line":132,"column":4},"end":{"line":132,"column":35}},"20":{"start":{"line":136,"column":4},"end":{"line":136,"column":64}},"21":{"start":{"line":140,"column":29},"end":{"line":140,"column":31}},"22":{"start":{"line":142,"column":4},"end":{"line":147,"column":5}},"23":{"start":{"line":143,"column":19},"end":{"line":143,"column":48}},"24":{"start":{"line":144,"column":6},"end":{"line":146,"column":7}},"25":{"start":{"line":145,"column":8},"end":{"line":145,"column":25}},"26":{"start":{"line":149,"column":20},"end":{"line":149,"column":21}},"27":{"start":{"line":150,"column":28},"end":{"line":150,"column":29}},"28":{"start":{"line":151,"column":30},"end":{"line":151,"column":31}},"29":{"start":{"line":153,"column":4},"end":{"line":157,"column":5}},"30":{"start":{"line":154,"column":6},"end":{"line":154,"column":29}},"31":{"start":{"line":155,"column":6},"end":{"line":155,"column":37}},"32":{"start":{"line":156,"column":6},"end":{"line":156,"column":49}},"33":{"start":{"line":160,"column":25},"end":{"line":160,"column":55}},"34":{"start":{"line":161,"column":4},"end":{"line":182,"column":5}},"35":{"start":{"line":162,"column":20},"end":{"line":162,"column":59}},"36":{"start":{"line":163,"column":6},"end":{"line":174,"column":7}},"37":{"start":{"line":164,"column":8},"end":{"line":173,"column":11}},"38":{"start":{"line":175,"column":18},"end":{"line":175,"column":42}},"39":{"start":{"line":176,"column":6},"end":{"line":176,"column":36}},"40":{"start":{"line":177,"column":6},"end":{"line":177,"column":37}},"41":{"start":{"line":178,"column":6},"end":{"line":178,"column":33}},"42":{"start":{"line":179,"column":6},"end":{"line":179,"column":33}},"43":{"start":{"line":180,"column":6},"end":{"line":180,"column":48}},"44":{"start":{"line":181,"column":6},"end":{"line":181,"column":44}},"45":{"start":{"line":184,"column":22},"end":{"line":184,"column":55}},"46":{"start":{"line":187,"column":26},"end":{"line":198,"column":6}},"47":{"start":{"line":190,"column":47},"end":{"line":190,"column":64}},"48":{"start":{"line":200,"column":30},"end":{"line":209,"column":6}},"49":{"start":{"line":211,"column":4},"end":{"line":214,"column":6}},"50":{"start":{"line":216,"column":4},"end":{"line":216,"column":18}},"51":{"start":{"line":220,"column":4},"end":{"line":222,"column":5}},"52":{"start":{"line":221,"column":6},"end":{"line":221,"column":18}},"53":{"start":{"line":224,"column":17},"end":{"line":224,"column":50}},"54":{"start":{"line":225,"column":19},"end":{"line":225,"column":50}},"55":{"start":{"line":226,"column":17},"end":{"line":226,"column":54}},"56":{"start":{"line":228,"column":23},"end":{"line":228,"column":32}},"57":{"start":{"line":229,"column":23},"end":{"line":229,"column":24}},"58":{"start":{"line":231,"column":4},"end":{"line":236,"column":5}},"59":{"start":{"line":232,"column":6},"end":{"line":232,"column":58}},"60":{"start":{"line":233,"column":20},"end":{"line":233,"column":41}},"61":{"start":{"line":234,"column":25},"end":{"line":234,"column":122}},"62":{"start":{"line":235,"column":6},"end":{"line":235,"column":39}},"63":{"start":{"line":238,"column":27},"end":{"line":238,"column":73}},"64":{"start":{"line":240,"column":4},"end":{"line":254,"column":6}},"65":{"start":{"line":258,"column":16},"end":{"line":258,"column":17}},"66":{"start":{"line":259,"column":17},"end":{"line":259,"column":18}},"67":{"start":{"line":260,"column":16},"end":{"line":260,"column":17}},"68":{"start":{"line":262,"column":4},"end":{"line":266,"column":5}},"69":{"start":{"line":263,"column":6},"end":{"line":263,"column":57}},"70":{"start":{"line":264,"column":6},"end":{"line":264,"column":59}},"71":{"start":{"line":265,"column":6},"end":{"line":265,"column":57}},"72":{"start":{"line":268,"column":4},"end":{"line":279,"column":5}},"73":{"start":{"line":269,"column":17},"end":{"line":269,"column":47}},"74":{"start":{"line":270,"column":6},"end":{"line":272,"column":7}},"75":{"start":{"line":271,"column":8},"end":{"line":271,"column":27}},"76":{"start":{"line":273,"column":6},"end":{"line":275,"column":7}},"77":{"start":{"line":274,"column":8},"end":{"line":274,"column":29}},"78":{"start":{"line":276,"column":6},"end":{"line":278,"column":7}},"79":{"start":{"line":277,"column":8},"end":{"line":277,"column":27}},"80":{"start":{"line":281,"column":4},"end":{"line":281,"column":36}},"81":{"start":{"line":285,"column":17},"end":{"line":285,"column":50}},"82":{"start":{"line":286,"column":14},"end":{"line":286,"column":31}},"83":{"start":{"line":287,"column":14},"end":{"line":287,"column":32}},"84":{"start":{"line":288,"column":14},"end":{"line":288,"column":31}},"85":{"start":{"line":290,"column":4},"end":{"line":290,"column":31}},"86":{"start":{"line":294,"column":18},"end":{"line":294,"column":21}},"87":{"start":{"line":296,"column":4},"end":{"line":298,"column":5}},"88":{"start":{"line":297,"column":6},"end":{"line":297,"column":50}},"89":{"start":{"line":300,"column":4},"end":{"line":300,"column":28}},"90":{"start":{"line":304,"column":17},"end":{"line":304,"column":50}},"91":{"start":{"line":305,"column":22},"end":{"line":305,"column":32}},"92":{"start":{"line":306,"column":17},"end":{"line":306,"column":53}},"93":{"start":{"line":308,"column":15},"end":{"line":308,"column":58}},"94":{"start":{"line":309,"column":21},"end":{"line":309,"column":65}},"95":{"start":{"line":310,"column":4},"end":{"line":310,"column":25}},"96":{"start":{"line":312,"column":4},"end":{"line":312,"column":51}},"97":{"start":{"line":316,"column":28},"end":{"line":316,"column":30}},"98":{"start":{"line":317,"column":4},"end":{"line":317,"column":146}},"99":{"start":{"line":319,"column":4},"end":{"line":325,"column":5}},"100":{"start":{"line":320,"column":19},"end":{"line":320,"column":63}},"101":{"start":{"line":321,"column":6},"end":{"line":324,"column":8}},"102":{"start":{"line":327,"column":4},"end":{"line":327,"column":19}},"103":{"start":{"line":328,"column":4},"end":{"line":328,"column":92}},"104":{"start":{"line":329,"column":4},"end":{"line":333,"column":5}},"105":{"start":{"line":330,"column":6},"end":{"line":332,"column":7}},"106":{"start":{"line":331,"column":8},"end":{"line":331,"column":144}},"107":{"start":{"line":335,"column":4},"end":{"line":335,"column":19}},"108":{"start":{"line":336,"column":4},"end":{"line":336,"column":24}},"109":{"start":{"line":337,"column":4},"end":{"line":337,"column":57}},"110":{"start":{"line":338,"column":4},"end":{"line":338,"column":66}},"111":{"start":{"line":339,"column":4},"end":{"line":339,"column":88}},"112":{"start":{"line":340,"column":4},"end":{"line":340,"column":90}},"113":{"start":{"line":342,"column":4},"end":{"line":342,"column":28}},"114":{"start":{"line":346,"column":4},"end":{"line":356,"column":8}},"115":{"start":{"line":346,"column":37},"end":{"line":356,"column":6}},"116":{"start":{"line":360,"column":4},"end":{"line":364,"column":5}},"117":{"start":{"line":361,"column":6},"end":{"line":363,"column":7}},"118":{"start":{"line":362,"column":8},"end":{"line":362,"column":18}},"119":{"start":{"line":366,"column":4},"end":{"line":366,"column":86}},"120":{"start":{"line":370,"column":4},"end":{"line":370,"column":36}},"121":{"start":{"line":374,"column":4},"end":{"line":385,"column":16}},"122":{"start":{"line":389,"column":17},"end":{"line":472,"column":9}},"123":{"start":{"line":423,"column":39},"end":{"line":434,"column":14}},"124":{"start":{"line":451,"column":42},"end":{"line":459,"column":14}},"125":{"start":{"line":473,"column":4},"end":{"line":473,"column":16}},"126":{"start":{"line":477,"column":25},"end":{"line":477,"column":49}},"127":{"start":{"line":478,"column":30},"end":{"line":478,"column":61}},"128":{"start":{"line":479,"column":22},"end":{"line":479,"column":54}},"129":{"start":{"line":481,"column":4},"end":{"line":492,"column":6}},"130":{"start":{"line":496,"column":29},"end":{"line":496,"column":31}},"131":{"start":{"line":498,"column":4},"end":{"line":501,"column":5}},"132":{"start":{"line":499,"column":6},"end":{"line":499,"column":49}},"133":{"start":{"line":500,"column":6},"end":{"line":500,"column":38}},"134":{"start":{"line":503,"column":4},"end":{"line":505,"column":5}},"135":{"start":{"line":504,"column":6},"end":{"line":504,"column":70}},"136":{"start":{"line":507,"column":4},"end":{"line":509,"column":5}},"137":{"start":{"line":508,"column":6},"end":{"line":508,"column":55}},"138":{"start":{"line":511,"column":4},"end":{"line":518,"column":5}},"139":{"start":{"line":512,"column":6},"end":{"line":514,"column":7}},"140":{"start":{"line":513,"column":8},"end":{"line":513,"column":74}},"141":{"start":{"line":515,"column":6},"end":{"line":517,"column":7}},"142":{"start":{"line":516,"column":8},"end":{"line":516,"column":76}},"143":{"start":{"line":520,"column":4},"end":{"line":523,"column":6}},"144":{"start":{"line":533,"column":17},"end":{"line":533,"column":60}},"145":{"start":{"line":533,"column":45},"end":{"line":533,"column":58}},"146":{"start":{"line":534,"column":17},"end":{"line":534,"column":60}},"147":{"start":{"line":534,"column":45},"end":{"line":534,"column":58}},"148":{"start":{"line":536,"column":21},"end":{"line":536,"column":22}},"149":{"start":{"line":537,"column":23},"end":{"line":537,"column":24}},"150":{"start":{"line":538,"column":31},"end":{"line":538,"column":33}},"151":{"start":{"line":540,"column":4},"end":{"line":553,"column":5}},"152":{"start":{"line":541,"column":6},"end":{"line":552,"column":7}},"153":{"start":{"line":542,"column":8},"end":{"line":542,"column":21}},"154":{"start":{"line":543,"column":21},"end":{"line":543,"column":63}},"155":{"start":{"line":543,"column":42},"end":{"line":543,"column":62}},"156":{"start":{"line":544,"column":8},"end":{"line":551,"column":9}},"157":{"start":{"line":545,"column":10},"end":{"line":550,"column":13}},"158":{"start":{"line":555,"column":4},"end":{"line":568,"column":5}},"159":{"start":{"line":556,"column":6},"end":{"line":567,"column":7}},"160":{"start":{"line":557,"column":8},"end":{"line":557,"column":23}},"161":{"start":{"line":558,"column":21},"end":{"line":558,"column":63}},"162":{"start":{"line":558,"column":42},"end":{"line":558,"column":62}},"163":{"start":{"line":559,"column":8},"end":{"line":566,"column":9}},"164":{"start":{"line":560,"column":10},"end":{"line":565,"column":13}},"165":{"start":{"line":570,"column":4},"end":{"line":576,"column":6}},"166":{"start":{"line":99,"column":0},"end":{"line":99,"column":13}},"167":{"start":{"line":580,"column":28},"end":{"line":580,"column":52}}},"fnMap":{"0":{"name":"(anonymous_0)","decl":{"start":{"line":105,"column":2},"end":{"line":105,"column":14}},"loc":{"start":{"line":105,"column":112},"end":{"line":121,"column":3}}},"1":{"name":"(anonymous_1)","decl":{"start":{"line":110,"column":31},"end":{"line":110,"column":33}},"loc":{"start":{"line":110,"column":36},"end":{"line":112,"column":9}}},"2":{"name":"(anonymous_2)","decl":{"start":{"line":123,"column":9},"end":{"line":123,"column":25}},"loc":{"start":{"line":123,"column":44},"end":{"line":125,"column":3}}},"3":{"name":"(anonymous_3)","decl":{"start":{"line":127,"column":9},"end":{"line":127,"column":25}},"loc":{"start":{"line":127,"column":47},"end":{"line":133,"column":3}}},"4":{"name":"(anonymous_4)","decl":{"start":{"line":129,"column":18},"end":{"line":129,"column":20}},"loc":{"start":{"line":129,"column":23},"end":{"line":131,"column":5}}},"5":{"name":"(anonymous_5)","decl":{"start":{"line":135,"column":9},"end":{"line":135,"column":24}},"loc":{"start":{"line":135,"column":43},"end":{"line":137,"column":3}}},"6":{"name":"(anonymous_6)","decl":{"start":{"line":139,"column":9},"end":{"line":139,"column":20}},"loc":{"start":{"line":139,"column":39},"end":{"line":217,"column":3}}},"7":{"name":"(anonymous_7)","decl":{"start":{"line":190,"column":32},"end":{"line":190,"column":33}},"loc":{"start":{"line":190,"column":47},"end":{"line":190,"column":64}}},"8":{"name":"(anonymous_8)","decl":{"start":{"line":219,"column":10},"end":{"line":219,"column":23}},"loc":{"start":{"line":219,"column":44},"end":{"line":255,"column":3}}},"9":{"name":"(anonymous_9)","decl":{"start":{"line":257,"column":10},"end":{"line":257,"column":27}},"loc":{"start":{"line":257,"column":48},"end":{"line":282,"column":3}}},"10":{"name":"(anonymous_10)","decl":{"start":{"line":284,"column":10},"end":{"line":284,"column":25}},"loc":{"start":{"line":284,"column":46},"end":{"line":291,"column":3}}},"11":{"name":"(anonymous_11)","decl":{"start":{"line":293,"column":10},"end":{"line":293,"column":23}},"loc":{"start":{"line":293,"column":60},"end":{"line":301,"column":3}}},"12":{"name":"(anonymous_12)","decl":{"start":{"line":303,"column":10},"end":{"line":303,"column":32}},"loc":{"start":{"line":303,"column":69},"end":{"line":313,"column":3}}},"13":{"name":"(anonymous_13)","decl":{"start":{"line":315,"column":10},"end":{"line":315,"column":21}},"loc":{"start":{"line":315,"column":39},"end":{"line":343,"column":3}}},"14":{"name":"(anonymous_14)","decl":{"start":{"line":345,"column":10},"end":{"line":345,"column":22}},"loc":{"start":{"line":345,"column":40},"end":{"line":357,"column":3}}},"15":{"name":"(anonymous_15)","decl":{"start":{"line":346,"column":28},"end":{"line":346,"column":32}},"loc":{"start":{"line":346,"column":37},"end":{"line":356,"column":6}}},"16":{"name":"(anonymous_16)","decl":{"start":{"line":359,"column":10},"end":{"line":359,"column":29}},"loc":{"start":{"line":359,"column":50},"end":{"line":367,"column":3}}},"17":{"name":"(anonymous_17)","decl":{"start":{"line":369,"column":9},"end":{"line":369,"column":20}},"loc":{"start":{"line":369,"column":38},"end":{"line":371,"column":3}}},"18":{"name":"(anonymous_18)","decl":{"start":{"line":373,"column":9},"end":{"line":373,"column":21}},"loc":{"start":{"line":373,"column":39},"end":{"line":386,"column":3}}},"19":{"name":"(anonymous_19)","decl":{"start":{"line":388,"column":9},"end":{"line":388,"column":21}},"loc":{"start":{"line":388,"column":39},"end":{"line":474,"column":3}}},"20":{"name":"(anonymous_20)","decl":{"start":{"line":423,"column":31},"end":{"line":423,"column":35}},"loc":{"start":{"line":423,"column":39},"end":{"line":434,"column":14}}},"21":{"name":"(anonymous_21)","decl":{"start":{"line":451,"column":35},"end":{"line":451,"column":38}},"loc":{"start":{"line":451,"column":42},"end":{"line":459,"column":14}}},"22":{"name":"(anonymous_22)","decl":{"start":{"line":476,"column":9},"end":{"line":476,"column":26}},"loc":{"start":{"line":476,"column":44},"end":{"line":493,"column":3}}},"23":{"name":"(anonymous_23)","decl":{"start":{"line":495,"column":9},"end":{"line":495,"column":20}},"loc":{"start":{"line":495,"column":44},"end":{"line":524,"column":3}}},"24":{"name":"(anonymous_24)","decl":{"start":{"line":526,"column":9},"end":{"line":526,"column":20}},"loc":{"start":{"line":526,"column":53},"end":{"line":577,"column":3}}},"25":{"name":"(anonymous_25)","decl":{"start":{"line":533,"column":40},"end":{"line":533,"column":41}},"loc":{"start":{"line":533,"column":45},"end":{"line":533,"column":58}}},"26":{"name":"(anonymous_26)","decl":{"start":{"line":534,"column":40},"end":{"line":534,"column":41}},"loc":{"start":{"line":534,"column":45},"end":{"line":534,"column":58}}},"27":{"name":"(anonymous_27)","decl":{"start":{"line":543,"column":37},"end":{"line":543,"column":38}},"loc":{"start":{"line":543,"column":42},"end":{"line":543,"column":62}}},"28":{"name":"(anonymous_28)","decl":{"start":{"line":558,"column":37},"end":{"line":558,"column":38}},"loc":{"start":{"line":558,"column":42},"end":{"line":558,"column":62}}}},"branchMap":{"0":{"loc":{"start":{"line":106,"column":4},"end":{"line":117,"column":5}},"type":"if","locations":[{"start":{"line":106,"column":4},"end":{"line":117,"column":5}},{"start":{},"end":{}}]},"1":{"loc":{"start":{"line":107,"column":6},"end":{"line":116,"column":7}},"type":"if","locations":[{"start":{"line":107,"column":6},"end":{"line":116,"column":7}},{"start":{"line":114,"column":13},"end":{"line":116,"column":7}}]},"2":{"loc":{"start":{"line":111,"column":36},"end":{"line":111,"column":54}},"type":"binary-expr","locations":[{"start":{"line":111,"column":36},"end":{"line":111,"column":49}},{"start":{"line":111,"column":53},"end":{"line":111,"column":54}}]},"3":{"loc":{"start":{"line":114,"column":13},"end":{"line":116,"column":7}},"type":"if","locations":[{"start":{"line":114,"column":13},"end":{"line":116,"column":7}},{"start":{},"end":{}}]},"4":{"loc":{"start":{"line":118,"column":4},"end":{"line":120,"column":5}},"type":"if","locations":[{"start":{"line":118,"column":4},"end":{"line":120,"column":5}},{"start":{},"end":{}}]},"5":{"loc":{"start":{"line":118,"column":8},"end":{"line":118,"column":64}},"type":"binary-expr","locations":[{"start":{"line":118,"column":8},"end":{"line":118,"column":24}},{"start":{"line":118,"column":28},"end":{"line":118,"column":64}}]},"6":{"loc":{"start":{"line":130,"column":32},"end":{"line":130,"column":50}},"type":"binary-expr","locations":[{"start":{"line":130,"column":32},"end":{"line":130,"column":45}},{"start":{"line":130,"column":49},"end":{"line":130,"column":50}}]},"7":{"loc":{"start":{"line":136,"column":43},"end":{"line":136,"column":63}},"type":"binary-expr","locations":[{"start":{"line":136,"column":43},"end":{"line":136,"column":58}},{"start":{"line":136,"column":62},"end":{"line":136,"column":63}}]},"8":{"loc":{"start":{"line":144,"column":6},"end":{"line":146,"column":7}},"type":"if","locations":[{"start":{"line":144,"column":6},"end":{"line":146,"column":7}},{"start":{},"end":{}}]},"9":{"loc":{"start":{"line":163,"column":6},"end":{"line":174,"column":7}},"type":"if","locations":[{"start":{"line":163,"column":6},"end":{"line":174,"column":7}},{"start":{},"end":{}}]},"10":{"loc":{"start":{"line":194,"column":26},"end":{"line":194,"column":81}},"type":"cond-expr","locations":[{"start":{"line":194,"column":45},"end":{"line":194,"column":77}},{"start":{"line":194,"column":80},"end":{"line":194,"column":81}}]},"11":{"loc":{"start":{"line":195,"column":26},"end":{"line":195,"column":73}},"type":"cond-expr","locations":[{"start":{"line":195,"column":45},"end":{"line":195,"column":69}},{"start":{"line":195,"column":72},"end":{"line":195,"column":73}}]},"12":{"loc":{"start":{"line":220,"column":4},"end":{"line":222,"column":5}},"type":"if","locations":[{"start":{"line":220,"column":4},"end":{"line":222,"column":5}},{"start":{},"end":{}}]},"13":{"loc":{"start":{"line":231,"column":4},"end":{"line":236,"column":5}},"type":"if","locations":[{"start":{"line":231,"column":4},"end":{"line":236,"column":5}},{"start":{},"end":{}}]},"14":{"loc":{"start":{"line":231,"column":8},"end":{"line":231,"column":77}},"type":"binary-expr","locations":[{"start":{"line":231,"column":8},"end":{"line":231,"column":46}},{"start":{"line":231,"column":50},"end":{"line":231,"column":77}}]},"15":{"loc":{"start":{"line":232,"column":21},"end":{"line":232,"column":57}},"type":"binary-expr","locations":[{"start":{"line":232,"column":21},"end":{"line":232,"column":44}},{"start":{"line":232,"column":48},"end":{"line":232,"column":57}}]},"16":{"loc":{"start":{"line":234,"column":25},"end":{"line":234,"column":122}},"type":"cond-expr","locations":[{"start":{"line":234,"column":68},"end":{"line":234,"column":94}},{"start":{"line":234,"column":97},"end":{"line":234,"column":122}}]},"17":{"loc":{"start":{"line":252,"column":20},"end":{"line":252,"column":55}},"type":"binary-expr","locations":[{"start":{"line":252,"column":20},"end":{"line":252,"column":49}},{"start":{"line":252,"column":53},"end":{"line":252,"column":55}}]},"18":{"loc":{"start":{"line":262,"column":4},"end":{"line":266,"column":5}},"type":"if","locations":[{"start":{"line":262,"column":4},"end":{"line":266,"column":5}},{"start":{},"end":{}}]},"19":{"loc":{"start":{"line":263,"column":14},"end":{"line":263,"column":56}},"type":"binary-expr","locations":[{"start":{"line":263,"column":14},"end":{"line":263,"column":51}},{"start":{"line":263,"column":55},"end":{"line":263,"column":56}}]},"20":{"loc":{"start":{"line":264,"column":15},"end":{"line":264,"column":58}},"type":"binary-expr","locations":[{"start":{"line":264,"column":15},"end":{"line":264,"column":53}},{"start":{"line":264,"column":57},"end":{"line":264,"column":58}}]},"21":{"loc":{"start":{"line":265,"column":14},"end":{"line":265,"column":56}},"type":"binary-expr","locations":[{"start":{"line":265,"column":14},"end":{"line":265,"column":51}},{"start":{"line":265,"column":55},"end":{"line":265,"column":56}}]},"22":{"loc":{"start":{"line":268,"column":4},"end":{"line":279,"column":5}},"type":"if","locations":[{"start":{"line":268,"column":4},"end":{"line":279,"column":5}},{"start":{},"end":{}}]},"23":{"loc":{"start":{"line":268,"column":8},"end":{"line":268,"column":60}},"type":"binary-expr","locations":[{"start":{"line":268,"column":8},"end":{"line":268,"column":26}},{"start":{"line":268,"column":30},"end":{"line":268,"column":60}}]},"24":{"loc":{"start":{"line":270,"column":6},"end":{"line":272,"column":7}},"type":"if","locations":[{"start":{"line":270,"column":6},"end":{"line":272,"column":7}},{"start":{},"end":{}}]},"25":{"loc":{"start":{"line":273,"column":6},"end":{"line":275,"column":7}},"type":"if","locations":[{"start":{"line":273,"column":6},"end":{"line":275,"column":7}},{"start":{},"end":{}}]},"26":{"loc":{"start":{"line":276,"column":6},"end":{"line":278,"column":7}},"type":"if","locations":[{"start":{"line":276,"column":6},"end":{"line":278,"column":7}},{"start":{},"end":{}}]},"27":{"loc":{"start":{"line":296,"column":4},"end":{"line":298,"column":5}},"type":"if","locations":[{"start":{"line":296,"column":4},"end":{"line":298,"column":5}},{"start":{},"end":{}}]},"28":{"loc":{"start":{"line":296,"column":8},"end":{"line":296,"column":77}},"type":"binary-expr","locations":[{"start":{"line":296,"column":8},"end":{"line":296,"column":46}},{"start":{"line":296,"column":50},"end":{"line":296,"column":77}}]},"29":{"loc":{"start":{"line":297,"column":16},"end":{"line":297,"column":49}},"type":"binary-expr","locations":[{"start":{"line":297,"column":16},"end":{"line":297,"column":42}},{"start":{"line":297,"column":46},"end":{"line":297,"column":49}}]},"30":{"loc":{"start":{"line":309,"column":28},"end":{"line":309,"column":64}},"type":"binary-expr","locations":[{"start":{"line":309,"column":28},"end":{"line":309,"column":59}},{"start":{"line":309,"column":63},"end":{"line":309,"column":64}}]},"31":{"loc":{"start":{"line":320,"column":20},"end":{"line":320,"column":42}},"type":"binary-expr","locations":[{"start":{"line":320,"column":20},"end":{"line":320,"column":36}},{"start":{"line":320,"column":40},"end":{"line":320,"column":42}}]},"32":{"loc":{"start":{"line":329,"column":4},"end":{"line":333,"column":5}},"type":"if","locations":[{"start":{"line":329,"column":4},"end":{"line":333,"column":5}},{"start":{},"end":{}}]},"33":{"loc":{"start":{"line":361,"column":6},"end":{"line":363,"column":7}},"type":"if","locations":[{"start":{"line":361,"column":6},"end":{"line":363,"column":7}},{"start":{},"end":{}}]},"34":{"loc":{"start":{"line":394,"column":33},"end":{"line":394,"column":70}},"type":"binary-expr","locations":[{"start":{"line":394,"column":33},"end":{"line":394,"column":56}},{"start":{"line":394,"column":60},"end":{"line":394,"column":70}}]},"35":{"loc":{"start":{"line":405,"column":20},"end":{"line":405,"column":74}},"type":"binary-expr","locations":[{"start":{"line":405,"column":20},"end":{"line":405,"column":61}},{"start":{"line":405,"column":65},"end":{"line":405,"column":74}}]},"36":{"loc":{"start":{"line":406,"column":19},"end":{"line":406,"column":55}},"type":"binary-expr","locations":[{"start":{"line":406,"column":19},"end":{"line":406,"column":42}},{"start":{"line":406,"column":46},"end":{"line":406,"column":55}}]},"37":{"loc":{"start":{"line":438,"column":6},"end":{"line":462,"column":10}},"type":"cond-expr","locations":[{"start":{"line":438,"column":56},"end":{"line":462,"column":6}},{"start":{"line":462,"column":8},"end":{"line":462,"column":10}}]},"38":{"loc":{"start":{"line":438,"column":6},"end":{"line":438,"column":53}},"type":"binary-expr","locations":[{"start":{"line":438,"column":6},"end":{"line":438,"column":22}},{"start":{"line":438,"column":26},"end":{"line":438,"column":53}}]},"39":{"loc":{"start":{"line":498,"column":4},"end":{"line":501,"column":5}},"type":"if","locations":[{"start":{"line":498,"column":4},"end":{"line":501,"column":5}},{"start":{},"end":{}}]},"40":{"loc":{"start":{"line":498,"column":8},"end":{"line":498,"column":61}},"type":"binary-expr","locations":[{"start":{"line":498,"column":8},"end":{"line":498,"column":15}},{"start":{"line":498,"column":19},"end":{"line":498,"column":32}},{"start":{"line":498,"column":36},"end":{"line":498,"column":61}}]},"41":{"loc":{"start":{"line":503,"column":4},"end":{"line":505,"column":5}},"type":"if","locations":[{"start":{"line":503,"column":4},"end":{"line":505,"column":5}},{"start":{},"end":{}}]},"42":{"loc":{"start":{"line":507,"column":4},"end":{"line":509,"column":5}},"type":"if","locations":[{"start":{"line":507,"column":4},"end":{"line":509,"column":5}},{"start":{},"end":{}}]},"43":{"loc":{"start":{"line":512,"column":6},"end":{"line":514,"column":7}},"type":"if","locations":[{"start":{"line":512,"column":6},"end":{"line":514,"column":7}},{"start":{},"end":{}}]},"44":{"loc":{"start":{"line":515,"column":6},"end":{"line":517,"column":7}},"type":"if","locations":[{"start":{"line":515,"column":6},"end":{"line":517,"column":7}},{"start":{},"end":{}}]},"45":{"loc":{"start":{"line":541,"column":6},"end":{"line":552,"column":7}},"type":"if","locations":[{"start":{"line":541,"column":6},"end":{"line":552,"column":7}},{"start":{},"end":{}}]},"46":{"loc":{"start":{"line":544,"column":8},"end":{"line":551,"column":9}},"type":"if","locations":[{"start":{"line":544,"column":8},"end":{"line":551,"column":9}},{"start":{},"end":{}}]},"47":{"loc":{"start":{"line":556,"column":6},"end":{"line":567,"column":7}},"type":"if","locations":[{"start":{"line":556,"column":6},"end":{"line":567,"column":7}},{"start":{},"end":{}}]},"48":{"loc":{"start":{"line":559,"column":8},"end":{"line":566,"column":9}},"type":"if","locations":[{"start":{"line":559,"column":8},"end":{"line":566,"column":9}},{"start":{},"end":{}}]}},"s":{"0":3,"1":69,"2":69,"3":69,"4":69,"5":69,"6":39,"7":18,"8":18,"9":18,"10":18,"11":21,"12":21,"13":69,"14":20,"15":61,"16":1,"17":1,"18":1,"19":1,"20":1,"21":35,"22":35,"23":52,"24":52,"25":51,"26":35,"27":35,"28":35,"29":35,"30":51,"31":51,"32":51,"33":35,"34":35,"35":51,"36":51,"37":37,"38":51,"39":51,"40":51,"41":51,"42":51,"43":51,"44":51,"45":35,"46":35,"47":51,"48":35,"49":35,"50":35,"51":52,"52":1,"53":51,"54":51,"55":51,"56":51,"57":51,"58":51,"59":50,"60":50,"61":50,"62":50,"63":51,"64":51,"65":153,"66":153,"67":153,"68":153,"69":69,"70":69,"71":69,"72":153,"73":81,"74":81,"75":81,"76":81,"77":81,"78":81,"79":81,"80":153,"81":51,"82":51,"83":51,"84":51,"85":51,"86":51,"87":51,"88":50,"89":51,"90":51,"91":51,"92":51,"93":51,"94":51,"95":51,"96":51,"97":38,"98":38,"99":38,"100":54,"101":54,"102":38,"103":38,"104":38,"105":38,"106":40,"107":38,"108":38,"109":38,"110":38,"111":38,"112":38,"113":38,"114":35,"115":51,"116":51,"117":38,"118":26,"119":25,"120":3,"121":2,"122":2,"123":2,"124":2,"125":2,"126":2,"127":2,"128":2,"129":2,"130":2,"131":2,"132":1,"133":1,"134":1,"135":0,"136":1,"137":0,"138":1,"139":1,"140":0,"141":1,"142":0,"143":1,"144":1,"145":1,"146":1,"147":2,"148":1,"149":1,"150":1,"151":1,"152":2,"153":1,"154":1,"155":2,"156":1,"157":1,"158":1,"159":1,"160":0,"161":0,"162":0,"163":0,"164":0,"165":1,"166":3,"167":3},"f":{"0":69,"1":18,"2":61,"3":1,"4":1,"5":1,"6":35,"7":51,"8":52,"9":153,"10":51,"11":51,"12":51,"13":38,"14":35,"15":51,"16":51,"17":3,"18":2,"19":2,"20":2,"21":2,"22":2,"23":2,"24":1,"25":1,"26":2,"27":2,"28":0},"b":{"0":[39,30],"1":[18,21],"2":[18,0],"3":[21,0],"4":[20,49],"5":[69,20],"6":[1,0],"7":[1,0],"8":[51,1],"9":[37,14],"10":[34,1],"11":[34,1],"12":[1,51],"13":[50,1],"14":[51,50],"15":[50,0],"16":[49,1],"17":[51,48],"18":[69,84],"19":[69,0],"20":[69,0],"21":[69,0],"22":[81,72],"23":[153,81],"24":[81,0],"25":[81,0],"26":[81,0],"27":[50,1],"28":[51,50],"29":[50,0],"30":[51,51],"31":[54,51],"32":[38,0],"33":[26,12],"34":[2,0],"35":[2,0],"36":[2,0],"37":[2,0],"38":[2,2],"39":[1,1],"40":[2,2,2],"41":[0,1],"42":[0,1],"43":[0,1],"44":[0,1],"45":[1,1],"46":[1,0],"47":[0,1],"48":[0,0]}}
,"/mnt/AC74CC2974CBF3DC/другие проекты/базис-веб/services/CADExporter.ts": {"path":"/mnt/AC74CC2974CBF3DC/другие проекты/базис-веб/services/CADExporter.ts","statementMap":{"0":{"start":{"line":6,"column":0},"end":{"line":6,"column":94}},"1":{"start":{"line":23,"column":4},"end":{"line":40,"column":5}},"2":{"start":{"line":25,"column":8},"end":{"line":25,"column":51}},"3":{"start":{"line":27,"column":8},"end":{"line":27,"column":51}},"4":{"start":{"line":29,"column":8},"end":{"line":29,"column":52}},"5":{"start":{"line":31,"column":8},"end":{"line":31,"column":51}},"6":{"start":{"line":33,"column":8},"end":{"line":33,"column":52}},"7":{"start":{"line":35,"column":8},"end":{"line":35,"column":52}},"8":{"start":{"line":37,"column":8},"end":{"line":37,"column":52}},"9":{"start":{"line":39,"column":8},"end":{"line":39,"column":72}},"10":{"start":{"line":47,"column":34},"end":{"line":47,"column":36}},"11":{"start":{"line":49,"column":4},"end":{"line":54,"column":5}},"12":{"start":{"line":50,"column":6},"end":{"line":53,"column":7}},"13":{"start":{"line":51,"column":35},"end":{"line":51,"column":77}},"14":{"start":{"line":52,"column":8},"end":{"line":52,"column":46}},"15":{"start":{"line":56,"column":4},"end":{"line":56,"column":74}},"16":{"start":{"line":63,"column":19},"end":{"line":63,"column":35}},"17":{"start":{"line":64,"column":4},"end":{"line":64,"column":51}},"18":{"start":{"line":66,"column":26},"end":{"line":66,"column":42}},"19":{"start":{"line":67,"column":17},"end":{"line":67,"column":57}},"20":{"start":{"line":69,"column":4},"end":{"line":69,"column":42}},"21":{"start":{"line":71,"column":4},"end":{"line":93,"column":5}},"22":{"start":{"line":71,"column":17},"end":{"line":71,"column":18}},"23":{"start":{"line":72,"column":21},"end":{"line":72,"column":32}},"24":{"start":{"line":73,"column":18},"end":{"line":73,"column":30}},"25":{"start":{"line":74,"column":21},"end":{"line":74,"column":77}},"26":{"start":{"line":76,"column":6},"end":{"line":76,"column":42}},"27":{"start":{"line":77,"column":6},"end":{"line":77,"column":46}},"28":{"start":{"line":78,"column":6},"end":{"line":78,"column":46}},"29":{"start":{"line":80,"column":6},"end":{"line":80,"column":47}},"30":{"start":{"line":81,"column":6},"end":{"line":81,"column":47}},"31":{"start":{"line":82,"column":6},"end":{"line":82,"column":47}},"32":{"start":{"line":84,"column":6},"end":{"line":84,"column":47}},"33":{"start":{"line":85,"column":6},"end":{"line":85,"column":47}},"34":{"start":{"line":86,"column":6},"end":{"line":86,"column":47}},"35":{"start":{"line":88,"column":6},"end":{"line":88,"column":47}},"36":{"start":{"line":89,"column":6},"end":{"line":89,"column":47}},"37":{"start":{"line":90,"column":6},"end":{"line":90,"column":47}},"38":{"start":{"line":92,"column":6},"end":{"line":92,"column":41}},"39":{"start":{"line":95,"column":4},"end":{"line":95,"column":41}},"40":{"start":{"line":102,"column":18},"end":{"line":102,"column":38}},"41":{"start":{"line":103,"column":22},"end":{"line":103,"column":77}},"42":{"start":{"line":105,"column":23},"end":{"line":117,"column":6}},"43":{"start":{"line":115,"column":50},"end":{"line":115,"column":83}},"44":{"start":{"line":119,"column":4},"end":{"line":119,"column":55}},"45":{"start":{"line":126,"column":26},"end":{"line":126,"column":28}},"46":{"start":{"line":128,"column":4},"end":{"line":128,"column":18}},"47":{"start":{"line":129,"column":4},"end":{"line":129,"column":24}},"48":{"start":{"line":130,"column":4},"end":{"line":130,"column":18}},"49":{"start":{"line":131,"column":4},"end":{"line":131,"column":23}},"50":{"start":{"line":132,"column":4},"end":{"line":132,"column":18}},"51":{"start":{"line":133,"column":4},"end":{"line":133,"column":25}},"52":{"start":{"line":134,"column":4},"end":{"line":134,"column":18}},"53":{"start":{"line":135,"column":4},"end":{"line":135,"column":23}},"54":{"start":{"line":136,"column":4},"end":{"line":136,"column":18}},"55":{"start":{"line":137,"column":4},"end":{"line":137,"column":23}},"56":{"start":{"line":139,"column":4},"end":{"line":139,"column":18}},"57":{"start":{"line":140,"column":4},"end":{"line":140,"column":24}},"58":{"start":{"line":141,"column":4},"end":{"line":141,"column":18}},"59":{"start":{"line":142,"column":4},"end":{"line":142,"column":25}},"60":{"start":{"line":144,"column":4},"end":{"line":149,"column":5}},"61":{"start":{"line":145,"column":6},"end":{"line":148,"column":7}},"62":{"start":{"line":146,"column":28},"end":{"line":146,"column":63}},"63":{"start":{"line":147,"column":8},"end":{"line":147,"column":33}},"64":{"start":{"line":151,"column":4},"end":{"line":151,"column":18}},"65":{"start":{"line":152,"column":4},"end":{"line":152,"column":23}},"66":{"start":{"line":153,"column":4},"end":{"line":153,"column":18}},"67":{"start":{"line":154,"column":4},"end":{"line":154,"column":20}},"68":{"start":{"line":156,"column":4},"end":{"line":156,"column":26}},"69":{"start":{"line":163,"column":26},"end":{"line":163,"column":28}},"70":{"start":{"line":165,"column":4},"end":{"line":165,"column":59}},"71":{"start":{"line":166,"column":4},"end":{"line":166,"column":57}},"72":{"start":{"line":167,"column":4},"end":{"line":167,"column":17}},"73":{"start":{"line":169,"column":23},"end":{"line":169,"column":24}},"74":{"start":{"line":170,"column":18},"end":{"line":170,"column":38}},"75":{"start":{"line":172,"column":4},"end":{"line":198,"column":5}},"76":{"start":{"line":173,"column":6},"end":{"line":197,"column":7}},"77":{"start":{"line":174,"column":8},"end":{"line":174,"column":51}},"78":{"start":{"line":176,"column":26},"end":{"line":176,"column":68}},"79":{"start":{"line":177,"column":36},"end":{"line":177,"column":38}},"80":{"start":{"line":178,"column":36},"end":{"line":178,"column":38}},"81":{"start":{"line":180,"column":8},"end":{"line":185,"column":9}},"82":{"start":{"line":181,"column":24},"end":{"line":181,"column":62}},"83":{"start":{"line":182,"column":24},"end":{"line":182,"column":62}},"84":{"start":{"line":183,"column":24},"end":{"line":183,"column":62}},"85":{"start":{"line":184,"column":10},"end":{"line":184,"column":91}},"86":{"start":{"line":187,"column":8},"end":{"line":189,"column":9}},"87":{"start":{"line":188,"column":10},"end":{"line":188,"column":108}},"88":{"start":{"line":191,"column":8},"end":{"line":193,"column":9}},"89":{"start":{"line":192,"column":10},"end":{"line":192,"column":54}},"90":{"start":{"line":195,"column":8},"end":{"line":195,"column":40}},"91":{"start":{"line":196,"column":8},"end":{"line":196,"column":21}},"92":{"start":{"line":200,"column":4},"end":{"line":200,"column":26}},"93":{"start":{"line":207,"column":27},"end":{"line":207,"column":29}},"94":{"start":{"line":209,"column":4},"end":{"line":209,"column":31}},"95":{"start":{"line":210,"column":4},"end":{"line":210,"column":25}},"96":{"start":{"line":211,"column":4},"end":{"line":211,"column":70}},"97":{"start":{"line":212,"column":4},"end":{"line":212,"column":102}},"98":{"start":{"line":213,"column":4},"end":{"line":213,"column":42}},"99":{"start":{"line":214,"column":4},"end":{"line":214,"column":25}},"100":{"start":{"line":215,"column":4},"end":{"line":215,"column":23}},"101":{"start":{"line":217,"column":19},"end":{"line":217,"column":20}},"102":{"start":{"line":218,"column":4},"end":{"line":224,"column":5}},"103":{"start":{"line":219,"column":6},"end":{"line":223,"column":7}},"104":{"start":{"line":220,"column":27},"end":{"line":220,"column":136}},"105":{"start":{"line":221,"column":8},"end":{"line":221,"column":30}},"106":{"start":{"line":222,"column":8},"end":{"line":222,"column":22}},"107":{"start":{"line":226,"column":4},"end":{"line":226,"column":25}},"108":{"start":{"line":227,"column":4},"end":{"line":227,"column":35}},"109":{"start":{"line":229,"column":4},"end":{"line":229,"column":48}},"110":{"start":{"line":236,"column":27},"end":{"line":236,"column":29}},"111":{"start":{"line":238,"column":4},"end":{"line":238,"column":98}},"112":{"start":{"line":239,"column":4},"end":{"line":239,"column":92}},"113":{"start":{"line":240,"column":4},"end":{"line":240,"column":136}},"114":{"start":{"line":241,"column":4},"end":{"line":241,"column":50}},"115":{"start":{"line":243,"column":4},"end":{"line":243,"column":48}},"116":{"start":{"line":250,"column":17},"end":{"line":292,"column":6}},"117":{"start":{"line":294,"column":4},"end":{"line":294,"column":53}},"118":{"start":{"line":301,"column":34},"end":{"line":301,"column":36}},"119":{"start":{"line":303,"column":4},"end":{"line":305,"column":5}},"120":{"start":{"line":304,"column":6},"end":{"line":304,"column":23}},"121":{"start":{"line":307,"column":17},"end":{"line":307,"column":35}},"122":{"start":{"line":308,"column":4},"end":{"line":324,"column":5}},"123":{"start":{"line":309,"column":6},"end":{"line":323,"column":7}},"124":{"start":{"line":310,"column":8},"end":{"line":322,"column":9}},"125":{"start":{"line":311,"column":21},"end":{"line":311,"column":43}},"126":{"start":{"line":312,"column":21},"end":{"line":312,"column":43}},"127":{"start":{"line":313,"column":21},"end":{"line":313,"column":43}},"128":{"start":{"line":315,"column":10},"end":{"line":321,"column":11}},"129":{"start":{"line":316,"column":12},"end":{"line":320,"column":15}},"130":{"start":{"line":326,"column":4},"end":{"line":328,"column":5}},"131":{"start":{"line":327,"column":6},"end":{"line":327,"column":62}},"132":{"start":{"line":330,"column":4},"end":{"line":330,"column":21}},"133":{"start":{"line":337,"column":34},"end":{"line":337,"column":36}},"134":{"start":{"line":338,"column":17},"end":{"line":338,"column":48}},"135":{"start":{"line":340,"column":4},"end":{"line":340,"column":32}},"136":{"start":{"line":340,"column":15},"end":{"line":340,"column":32}},"137":{"start":{"line":342,"column":17},"end":{"line":342,"column":35}},"138":{"start":{"line":343,"column":17},"end":{"line":343,"column":35}},"139":{"start":{"line":344,"column":17},"end":{"line":344,"column":35}},"140":{"start":{"line":345,"column":17},"end":{"line":345,"column":34}},"141":{"start":{"line":346,"column":17},"end":{"line":346,"column":34}},"142":{"start":{"line":347,"column":17},"end":{"line":347,"column":34}},"143":{"start":{"line":349,"column":21},"end":{"line":358,"column":6}},"144":{"start":{"line":360,"column":18},"end":{"line":367,"column":6}},"145":{"start":{"line":369,"column":4},"end":{"line":375,"column":5}},"146":{"start":{"line":370,"column":6},"end":{"line":374,"column":9}},"147":{"start":{"line":377,"column":4},"end":{"line":377,"column":21}},"148":{"start":{"line":384,"column":14},"end":{"line":384,"column":64}},"149":{"start":{"line":385,"column":14},"end":{"line":385,"column":64}},"150":{"start":{"line":387,"column":19},"end":{"line":391,"column":6}},"151":{"start":{"line":393,"column":16},"end":{"line":393,"column":72}},"152":{"start":{"line":394,"column":4},"end":{"line":398,"column":5}},"153":{"start":{"line":395,"column":6},"end":{"line":395,"column":22}},"154":{"start":{"line":396,"column":6},"end":{"line":396,"column":22}},"155":{"start":{"line":397,"column":6},"end":{"line":397,"column":22}},"156":{"start":{"line":400,"column":4},"end":{"line":400,"column":18}},"157":{"start":{"line":407,"column":31},"end":{"line":407,"column":33}},"158":{"start":{"line":408,"column":17},"end":{"line":408,"column":48}},"159":{"start":{"line":410,"column":4},"end":{"line":410,"column":31}},"160":{"start":{"line":410,"column":15},"end":{"line":410,"column":31}},"161":{"start":{"line":412,"column":4},"end":{"line":412,"column":23}},"162":{"start":{"line":413,"column":4},"end":{"line":413,"column":29}},"163":{"start":{"line":414,"column":4},"end":{"line":414,"column":23}},"164":{"start":{"line":415,"column":4},"end":{"line":415,"column":49}},"165":{"start":{"line":416,"column":4},"end":{"line":416,"column":24}},"166":{"start":{"line":417,"column":4},"end":{"line":417,"column":49}},"167":{"start":{"line":418,"column":4},"end":{"line":418,"column":24}},"168":{"start":{"line":419,"column":4},"end":{"line":419,"column":49}},"169":{"start":{"line":420,"column":4},"end":{"line":420,"column":24}},"170":{"start":{"line":421,"column":4},"end":{"line":421,"column":49}},"171":{"start":{"line":423,"column":4},"end":{"line":423,"column":20}},"172":{"start":{"line":430,"column":4},"end":{"line":446,"column":6}},"173":{"start":{"line":453,"column":20},"end":{"line":453,"column":26}},"174":{"start":{"line":454,"column":4},"end":{"line":461,"column":5}},"175":{"start":{"line":454,"column":17},"end":{"line":454,"column":18}},"176":{"start":{"line":455,"column":16},"end":{"line":455,"column":27}},"177":{"start":{"line":456,"column":6},"end":{"line":460,"column":7}},"178":{"start":{"line":459,"column":8},"end":{"line":459,"column":17}},"179":{"start":{"line":462,"column":4},"end":{"line":462,"column":26}},"180":{"start":{"line":463,"column":4},"end":{"line":463,"column":31}},"181":{"start":{"line":18,"column":0},"end":{"line":18,"column":13}}},"fnMap":{"0":{"name":"(anonymous_0)","decl":{"start":{"line":22,"column":9},"end":{"line":22,"column":15}},"loc":{"start":{"line":22,"column":58},"end":{"line":41,"column":3}}},"1":{"name":"(anonymous_1)","decl":{"start":{"line":46,"column":10},"end":{"line":46,"column":21}},"loc":{"start":{"line":46,"column":64},"end":{"line":57,"column":3}}},"2":{"name":"(anonymous_2)","decl":{"start":{"line":62,"column":10},"end":{"line":62,"column":27}},"loc":{"start":{"line":62,"column":63},"end":{"line":96,"column":3}}},"3":{"name":"(anonymous_3)","decl":{"start":{"line":101,"column":10},"end":{"line":101,"column":22}},"loc":{"start":{"line":101,"column":65},"end":{"line":120,"column":3}}},"4":{"name":"(anonymous_4)","decl":{"start":{"line":115,"column":45},"end":{"line":115,"column":46}},"loc":{"start":{"line":115,"column":50},"end":{"line":115,"column":83}}},"5":{"name":"(anonymous_5)","decl":{"start":{"line":125,"column":10},"end":{"line":125,"column":21}},"loc":{"start":{"line":125,"column":64},"end":{"line":157,"column":3}}},"6":{"name":"(anonymous_6)","decl":{"start":{"line":162,"column":10},"end":{"line":162,"column":21}},"loc":{"start":{"line":162,"column":64},"end":{"line":201,"column":3}}},"7":{"name":"(anonymous_7)","decl":{"start":{"line":206,"column":10},"end":{"line":206,"column":22}},"loc":{"start":{"line":206,"column":65},"end":{"line":230,"column":3}}},"8":{"name":"(anonymous_8)","decl":{"start":{"line":235,"column":10},"end":{"line":235,"column":22}},"loc":{"start":{"line":235,"column":65},"end":{"line":244,"column":3}}},"9":{"name":"(anonymous_9)","decl":{"start":{"line":249,"column":10},"end":{"line":249,"column":22}},"loc":{"start":{"line":249,"column":65},"end":{"line":295,"column":3}}},"10":{"name":"(anonymous_10)","decl":{"start":{"line":300,"column":10},"end":{"line":300,"column":36}},"loc":{"start":{"line":300,"column":57},"end":{"line":331,"column":3}}},"11":{"name":"(anonymous_11)","decl":{"start":{"line":336,"column":10},"end":{"line":336,"column":30}},"loc":{"start":{"line":336,"column":51},"end":{"line":378,"column":3}}},"12":{"name":"(anonymous_12)","decl":{"start":{"line":383,"column":10},"end":{"line":383,"column":23}},"loc":{"start":{"line":383,"column":61},"end":{"line":401,"column":3}}},"13":{"name":"(anonymous_13)","decl":{"start":{"line":406,"column":10},"end":{"line":406,"column":29}},"loc":{"start":{"line":406,"column":50},"end":{"line":424,"column":3}}},"14":{"name":"(anonymous_14)","decl":{"start":{"line":429,"column":10},"end":{"line":429,"column":28}},"loc":{"start":{"line":429,"column":64},"end":{"line":447,"column":3}}},"15":{"name":"(anonymous_15)","decl":{"start":{"line":452,"column":10},"end":{"line":452,"column":25}},"loc":{"start":{"line":452,"column":62},"end":{"line":464,"column":3}}}},"branchMap":{"0":{"loc":{"start":{"line":23,"column":4},"end":{"line":40,"column":5}},"type":"switch","locations":[{"start":{"line":24,"column":6},"end":{"line":25,"column":51}},{"start":{"line":26,"column":6},"end":{"line":27,"column":51}},{"start":{"line":28,"column":6},"end":{"line":29,"column":52}},{"start":{"line":30,"column":6},"end":{"line":31,"column":51}},{"start":{"line":32,"column":6},"end":{"line":33,"column":52}},{"start":{"line":34,"column":6},"end":{"line":35,"column":52}},{"start":{"line":36,"column":6},"end":{"line":37,"column":52}},{"start":{"line":38,"column":6},"end":{"line":39,"column":72}}]},"1":{"loc":{"start":{"line":49,"column":4},"end":{"line":54,"column":5}},"type":"if","locations":[{"start":{"line":49,"column":4},"end":{"line":54,"column":5}},{"start":{},"end":{}}]},"2":{"loc":{"start":{"line":56,"column":45},"end":{"line":56,"column":72}},"type":"binary-expr","locations":[{"start":{"line":56,"column":45},"end":{"line":56,"column":58}},{"start":{"line":56,"column":62},"end":{"line":56,"column":72}}]},"3":{"loc":{"start":{"line":74,"column":21},"end":{"line":74,"column":77}},"type":"binary-expr","locations":[{"start":{"line":74,"column":21},"end":{"line":74,"column":31}},{"start":{"line":74,"column":35},"end":{"line":74,"column":77}}]},"4":{"loc":{"start":{"line":102,"column":18},"end":{"line":102,"column":38}},"type":"binary-expr","locations":[{"start":{"line":102,"column":18},"end":{"line":102,"column":31}},{"start":{"line":102,"column":35},"end":{"line":102,"column":38}}]},"5":{"loc":{"start":{"line":103,"column":22},"end":{"line":103,"column":77}},"type":"cond-expr","locations":[{"start":{"line":103,"column":56},"end":{"line":103,"column":73}},{"start":{"line":103,"column":76},"end":{"line":103,"column":77}}]},"6":{"loc":{"start":{"line":115,"column":20},"end":{"line":115,"column":90}},"type":"binary-expr","locations":[{"start":{"line":115,"column":20},"end":{"line":115,"column":84}},{"start":{"line":115,"column":88},"end":{"line":115,"column":90}}]},"7":{"loc":{"start":{"line":144,"column":4},"end":{"line":149,"column":5}},"type":"if","locations":[{"start":{"line":144,"column":4},"end":{"line":149,"column":5}},{"start":{},"end":{}}]},"8":{"loc":{"start":{"line":170,"column":18},"end":{"line":170,"column":38}},"type":"binary-expr","locations":[{"start":{"line":170,"column":18},"end":{"line":170,"column":31}},{"start":{"line":170,"column":35},"end":{"line":170,"column":38}}]},"9":{"loc":{"start":{"line":172,"column":4},"end":{"line":198,"column":5}},"type":"if","locations":[{"start":{"line":172,"column":4},"end":{"line":198,"column":5}},{"start":{},"end":{}}]},"10":{"loc":{"start":{"line":218,"column":4},"end":{"line":224,"column":5}},"type":"if","locations":[{"start":{"line":218,"column":4},"end":{"line":224,"column":5}},{"start":{},"end":{}}]},"11":{"loc":{"start":{"line":303,"column":4},"end":{"line":305,"column":5}},"type":"if","locations":[{"start":{"line":303,"column":4},"end":{"line":305,"column":5}},{"start":{},"end":{}}]},"12":{"loc":{"start":{"line":308,"column":4},"end":{"line":324,"column":5}},"type":"if","locations":[{"start":{"line":308,"column":4},"end":{"line":324,"column":5}},{"start":{},"end":{}}]},"13":{"loc":{"start":{"line":308,"column":8},"end":{"line":308,"column":57}},"type":"binary-expr","locations":[{"start":{"line":308,"column":8},"end":{"line":308,"column":26}},{"start":{"line":308,"column":30},"end":{"line":308,"column":43}},{"start":{"line":308,"column":47},"end":{"line":308,"column":57}}]},"14":{"loc":{"start":{"line":310,"column":8},"end":{"line":322,"column":9}},"type":"if","locations":[{"start":{"line":310,"column":8},"end":{"line":322,"column":9}},{"start":{},"end":{}}]},"15":{"loc":{"start":{"line":310,"column":12},"end":{"line":310,"column":51}},"type":"binary-expr","locations":[{"start":{"line":310,"column":12},"end":{"line":310,"column":31}},{"start":{"line":310,"column":35},"end":{"line":310,"column":51}}]},"16":{"loc":{"start":{"line":315,"column":10},"end":{"line":321,"column":11}},"type":"if","locations":[{"start":{"line":315,"column":10},"end":{"line":321,"column":11}},{"start":{},"end":{}}]},"17":{"loc":{"start":{"line":315,"column":14},"end":{"line":315,"column":28}},"type":"binary-expr","locations":[{"start":{"line":315,"column":14},"end":{"line":315,"column":16}},{"start":{"line":315,"column":20},"end":{"line":315,"column":22}},{"start":{"line":315,"column":26},"end":{"line":315,"column":28}}]},"18":{"loc":{"start":{"line":317,"column":23},"end":{"line":317,"column":32}},"type":"binary-expr","locations":[{"start":{"line":317,"column":23},"end":{"line":317,"column":27}},{"start":{"line":317,"column":31},"end":{"line":317,"column":32}}]},"19":{"loc":{"start":{"line":317,"column":37},"end":{"line":317,"column":46}},"type":"binary-expr","locations":[{"start":{"line":317,"column":37},"end":{"line":317,"column":41}},{"start":{"line":317,"column":45},"end":{"line":317,"column":46}}]},"20":{"loc":{"start":{"line":317,"column":51},"end":{"line":317,"column":60}},"type":"binary-expr","locations":[{"start":{"line":317,"column":51},"end":{"line":317,"column":55}},{"start":{"line":317,"column":59},"end":{"line":317,"column":60}}]},"21":{"loc":{"start":{"line":318,"column":23},"end":{"line":318,"column":32}},"type":"binary-expr","locations":[{"start":{"line":318,"column":23},"end":{"line":318,"column":27}},{"start":{"line":318,"column":31},"end":{"line":318,"column":32}}]},"22":{"loc":{"start":{"line":318,"column":37},"end":{"line":318,"column":46}},"type":"binary-expr","locations":[{"start":{"line":318,"column":37},"end":{"line":318,"column":41}},{"start":{"line":318,"column":45},"end":{"line":318,"column":46}}]},"23":{"loc":{"start":{"line":318,"column":51},"end":{"line":318,"column":60}},"type":"binary-expr","locations":[{"start":{"line":318,"column":51},"end":{"line":318,"column":55}},{"start":{"line":318,"column":59},"end":{"line":318,"column":60}}]},"24":{"loc":{"start":{"line":319,"column":23},"end":{"line":319,"column":32}},"type":"binary-expr","locations":[{"start":{"line":319,"column":23},"end":{"line":319,"column":27}},{"start":{"line":319,"column":31},"end":{"line":319,"column":32}}]},"25":{"loc":{"start":{"line":319,"column":37},"end":{"line":319,"column":46}},"type":"binary-expr","locations":[{"start":{"line":319,"column":37},"end":{"line":319,"column":41}},{"start":{"line":319,"column":45},"end":{"line":319,"column":46}}]},"26":{"loc":{"start":{"line":319,"column":51},"end":{"line":319,"column":60}},"type":"binary-expr","locations":[{"start":{"line":319,"column":51},"end":{"line":319,"column":55}},{"start":{"line":319,"column":59},"end":{"line":319,"column":60}}]},"27":{"loc":{"start":{"line":326,"column":4},"end":{"line":328,"column":5}},"type":"if","locations":[{"start":{"line":326,"column":4},"end":{"line":328,"column":5}},{"start":{},"end":{}}]},"28":{"loc":{"start":{"line":340,"column":4},"end":{"line":340,"column":32}},"type":"if","locations":[{"start":{"line":340,"column":4},"end":{"line":340,"column":32}},{"start":{},"end":{}}]},"29":{"loc":{"start":{"line":342,"column":17},"end":{"line":342,"column":35}},"type":"binary-expr","locations":[{"start":{"line":342,"column":17},"end":{"line":342,"column":28}},{"start":{"line":342,"column":32},"end":{"line":342,"column":35}}]},"30":{"loc":{"start":{"line":343,"column":17},"end":{"line":343,"column":35}},"type":"binary-expr","locations":[{"start":{"line":343,"column":17},"end":{"line":343,"column":28}},{"start":{"line":343,"column":32},"end":{"line":343,"column":35}}]},"31":{"loc":{"start":{"line":344,"column":17},"end":{"line":344,"column":35}},"type":"binary-expr","locations":[{"start":{"line":344,"column":17},"end":{"line":344,"column":28}},{"start":{"line":344,"column":32},"end":{"line":344,"column":35}}]},"32":{"loc":{"start":{"line":345,"column":17},"end":{"line":345,"column":34}},"type":"binary-expr","locations":[{"start":{"line":345,"column":17},"end":{"line":345,"column":28}},{"start":{"line":345,"column":32},"end":{"line":345,"column":34}}]},"33":{"loc":{"start":{"line":346,"column":17},"end":{"line":346,"column":34}},"type":"binary-expr","locations":[{"start":{"line":346,"column":17},"end":{"line":346,"column":28}},{"start":{"line":346,"column":32},"end":{"line":346,"column":34}}]},"34":{"loc":{"start":{"line":347,"column":17},"end":{"line":347,"column":34}},"type":"binary-expr","locations":[{"start":{"line":347,"column":17},"end":{"line":347,"column":28}},{"start":{"line":347,"column":32},"end":{"line":347,"column":34}}]},"35":{"loc":{"start":{"line":394,"column":4},"end":{"line":398,"column":5}},"type":"if","locations":[{"start":{"line":394,"column":4},"end":{"line":398,"column":5}},{"start":{},"end":{}}]},"36":{"loc":{"start":{"line":410,"column":4},"end":{"line":410,"column":31}},"type":"if","locations":[{"start":{"line":410,"column":4},"end":{"line":410,"column":31}},{"start":{},"end":{}}]},"37":{"loc":{"start":{"line":415,"column":18},"end":{"line":415,"column":47}},"type":"binary-expr","locations":[{"start":{"line":415,"column":18},"end":{"line":415,"column":32}},{"start":{"line":415,"column":36},"end":{"line":415,"column":47}}]},"38":{"loc":{"start":{"line":417,"column":19},"end":{"line":417,"column":35}},"type":"binary-expr","locations":[{"start":{"line":417,"column":19},"end":{"line":417,"column":30}},{"start":{"line":417,"column":34},"end":{"line":417,"column":35}}]},"39":{"loc":{"start":{"line":419,"column":19},"end":{"line":419,"column":35}},"type":"binary-expr","locations":[{"start":{"line":419,"column":19},"end":{"line":419,"column":30}},{"start":{"line":419,"column":34},"end":{"line":419,"column":35}}]},"40":{"loc":{"start":{"line":421,"column":19},"end":{"line":421,"column":35}},"type":"binary-expr","locations":[{"start":{"line":421,"column":19},"end":{"line":421,"column":30}},{"start":{"line":421,"column":34},"end":{"line":421,"column":35}}]},"41":{"loc":{"start":{"line":434,"column":19},"end":{"line":445,"column":14}},"type":"cond-expr","locations":[{"start":{"line":434,"column":53},"end":{"line":445,"column":8}},{"start":{"line":445,"column":10},"end":{"line":445,"column":14}}]},"42":{"loc":{"start":{"line":436,"column":14},"end":{"line":436,"column":56}},"type":"binary-expr","locations":[{"start":{"line":436,"column":14},"end":{"line":436,"column":51}},{"start":{"line":436,"column":55},"end":{"line":436,"column":56}}]},"43":{"loc":{"start":{"line":437,"column":14},"end":{"line":437,"column":56}},"type":"binary-expr","locations":[{"start":{"line":437,"column":14},"end":{"line":437,"column":51}},{"start":{"line":437,"column":55},"end":{"line":437,"column":56}}]},"44":{"loc":{"start":{"line":438,"column":14},"end":{"line":438,"column":56}},"type":"binary-expr","locations":[{"start":{"line":438,"column":14},"end":{"line":438,"column":51}},{"start":{"line":438,"column":55},"end":{"line":438,"column":56}}]},"45":{"loc":{"start":{"line":441,"column":14},"end":{"line":441,"column":56}},"type":"binary-expr","locations":[{"start":{"line":441,"column":14},"end":{"line":441,"column":51}},{"start":{"line":441,"column":55},"end":{"line":441,"column":56}}]},"46":{"loc":{"start":{"line":442,"column":14},"end":{"line":442,"column":56}},"type":"binary-expr","locations":[{"start":{"line":442,"column":14},"end":{"line":442,"column":51}},{"start":{"line":442,"column":55},"end":{"line":442,"column":56}}]},"47":{"loc":{"start":{"line":443,"column":14},"end":{"line":443,"column":56}},"type":"binary-expr","locations":[{"start":{"line":443,"column":14},"end":{"line":443,"column":51}},{"start":{"line":443,"column":55},"end":{"line":443,"column":56}}]},"48":{"loc":{"start":{"line":456,"column":6},"end":{"line":460,"column":7}},"type":"if","locations":[{"start":{"line":456,"column":6},"end":{"line":460,"column":7}},{"start":{},"end":{}}]},"49":{"loc":{"start":{"line":456,"column":10},"end":{"line":458,"column":44}},"type":"binary-expr","locations":[{"start":{"line":456,"column":10},"end":{"line":456,"column":44}},{"start":{"line":457,"column":10},"end":{"line":457,"column":44}},{"start":{"line":458,"column":10},"end":{"line":458,"column":44}}]}},"s":{"0":1,"1":34,"2":6,"3":5,"4":7,"5":6,"6":4,"7":2,"8":3,"9":1,"10":6,"11":6,"12":6,"13":6,"14":6,"15":6,"16":6,"17":6,"18":6,"19":6,"20":6,"21":6,"22":6,"23":24,"24":24,"25":24,"26":24,"27":24,"28":24,"29":24,"30":24,"31":24,"32":24,"33":24,"34":24,"35":24,"36":24,"37":24,"38":24,"39":6,"40":7,"41":7,"42":7,"43":7,"44":7,"45":5,"46":5,"47":5,"48":5,"49":5,"50":5,"51":5,"52":5,"53":5,"54":5,"55":5,"56":5,"57":5,"58":5,"59":5,"60":5,"61":5,"62":5,"63":5,"64":5,"65":5,"66":5,"67":5,"68":5,"69":6,"70":6,"71":6,"72":6,"73":6,"74":6,"75":6,"76":6,"77":6,"78":6,"79":6,"80":6,"81":6,"82":24,"83":24,"84":24,"85":24,"86":6,"87":48,"88":6,"89":24,"90":6,"91":6,"92":6,"93":4,"94":4,"95":4,"96":4,"97":4,"98":4,"99":4,"100":4,"101":4,"102":4,"103":4,"104":4,"105":4,"106":4,"107":4,"108":4,"109":4,"110":2,"111":2,"112":2,"113":2,"114":2,"115":2,"116":3,"117":3,"118":12,"119":12,"120":0,"121":12,"122":12,"123":12,"124":48,"125":48,"126":48,"127":48,"128":48,"129":48,"130":12,"131":0,"132":12,"133":0,"134":0,"135":0,"136":0,"137":0,"138":0,"139":0,"140":0,"141":0,"142":0,"143":0,"144":0,"145":0,"146":0,"147":0,"148":24,"149":24,"150":24,"151":24,"152":24,"153":24,"154":24,"155":24,"156":24,"157":5,"158":5,"159":5,"160":0,"161":5,"162":5,"163":5,"164":5,"165":5,"166":5,"167":5,"168":5,"169":5,"170":5,"171":5,"172":7,"173":72,"174":72,"175":72,"176":258,"177":258,"178":24,"179":48,"180":48,"181":1},"f":{"0":34,"1":6,"2":6,"3":7,"4":7,"5":5,"6":6,"7":4,"8":2,"9":3,"10":12,"11":0,"12":24,"13":5,"14":7,"15":72},"b":{"0":[6,5,7,6,4,2,3,1],"1":[6,0],"2":[6,0],"3":[24,24],"4":[7,6],"5":[0,7],"6":[7,0],"7":[5,0],"8":[6,5],"9":[6,0],"10":[4,0],"11":[0,12],"12":[12,0],"13":[12,12,12],"14":[48,0],"15":[48,48],"16":[48,0],"17":[48,48,48],"18":[48,48],"19":[48,48],"20":[48,24],"21":[48,12],"22":[48,12],"23":[48,24],"24":[48,12],"25":[48,12],"26":[48,24],"27":[0,12],"28":[0,0],"29":[0,0],"30":[0,0],"31":[0,0],"32":[0,0],"33":[0,0],"34":[0,0],"35":[24,0],"36":[0,5],"37":[5,0],"38":[5,0],"39":[5,0],"40":[5,0],"41":[7,0],"42":[7,0],"43":[7,0],"44":[7,0],"45":[7,0],"46":[7,0],"47":[7,0],"48":[24,234],"49":[258,126,60]}}
,"/mnt/AC74CC2974CBF3DC/другие проекты/базис-веб/services/CADImporter.ts": {"path":"/mnt/AC74CC2974CBF3DC/другие проекты/базис-веб/services/CADImporter.ts","statementMap":{"0":{"start":{"line":6,"column":0},"end":{"line":6,"column":90}},"1":{"start":{"line":19,"column":19},"end":{"line":27,"column":4}},"2":{"start":{"line":33,"column":23},"end":{"line":33,"column":87}},"3":{"start":{"line":35,"column":4},"end":{"line":52,"column":5}},"4":{"start":{"line":37,"column":8},"end":{"line":37,"column":47}},"5":{"start":{"line":39,"column":8},"end":{"line":39,"column":46}},"6":{"start":{"line":42,"column":8},"end":{"line":42,"column":47}},"7":{"start":{"line":44,"column":8},"end":{"line":44,"column":46}},"8":{"start":{"line":46,"column":8},"end":{"line":51,"column":10}},"9":{"start":{"line":59,"column":29},"end":{"line":59,"column":31}},"10":{"start":{"line":60,"column":31},"end":{"line":60,"column":33}},"11":{"start":{"line":62,"column":4},"end":{"line":98,"column":5}},"12":{"start":{"line":63,"column":19},"end":{"line":63,"column":42}},"13":{"start":{"line":66,"column":6},"end":{"line":72,"column":7}},"14":{"start":{"line":67,"column":8},"end":{"line":67,"column":33}},"15":{"start":{"line":68,"column":13},"end":{"line":72,"column":7}},"16":{"start":{"line":69,"column":8},"end":{"line":69,"column":24}},"17":{"start":{"line":71,"column":8},"end":{"line":71,"column":50}},"18":{"start":{"line":74,"column":25},"end":{"line":74,"column":48}},"19":{"start":{"line":75,"column":6},"end":{"line":82,"column":7}},"20":{"start":{"line":76,"column":8},"end":{"line":81,"column":10}},"21":{"start":{"line":84,"column":6},"end":{"line":89,"column":8}},"22":{"start":{"line":91,"column":6},"end":{"line":91,"column":101}},"23":{"start":{"line":92,"column":6},"end":{"line":97,"column":8}},"24":{"start":{"line":105,"column":29},"end":{"line":105,"column":31}},"25":{"start":{"line":106,"column":31},"end":{"line":106,"column":33}},"26":{"start":{"line":107,"column":36},"end":{"line":107,"column":38}},"27":{"start":{"line":109,"column":4},"end":{"line":173,"column":5}},"28":{"start":{"line":110,"column":20},"end":{"line":110,"column":42}},"29":{"start":{"line":111,"column":14},"end":{"line":111,"column":15}},"30":{"start":{"line":112,"column":31},"end":{"line":112,"column":35}},"31":{"start":{"line":113,"column":23},"end":{"line":113,"column":25}},"32":{"start":{"line":115,"column":6},"end":{"line":146,"column":7}},"33":{"start":{"line":116,"column":21},"end":{"line":116,"column":36}},"34":{"start":{"line":118,"column":8},"end":{"line":145,"column":9}},"35":{"start":{"line":119,"column":10},"end":{"line":122,"column":11}},"36":{"start":{"line":120,"column":30},"end":{"line":120,"column":90}},"37":{"start":{"line":121,"column":12},"end":{"line":121,"column":39}},"38":{"start":{"line":123,"column":10},"end":{"line":123,"column":14}},"39":{"start":{"line":124,"column":10},"end":{"line":124,"column":46}},"40":{"start":{"line":125,"column":10},"end":{"line":125,"column":29}},"41":{"start":{"line":126,"column":10},"end":{"line":126,"column":14}},"42":{"start":{"line":127,"column":15},"end":{"line":145,"column":9}},"43":{"start":{"line":128,"column":10},"end":{"line":128,"column":17}},"44":{"start":{"line":129,"column":15},"end":{"line":145,"column":9}},"45":{"start":{"line":130,"column":10},"end":{"line":133,"column":11}},"46":{"start":{"line":131,"column":30},"end":{"line":131,"column":90}},"47":{"start":{"line":132,"column":12},"end":{"line":132,"column":39}},"48":{"start":{"line":134,"column":10},"end":{"line":134,"column":16}},"49":{"start":{"line":136,"column":10},"end":{"line":143,"column":11}},"50":{"start":{"line":137,"column":24},"end":{"line":137,"column":28}},"51":{"start":{"line":138,"column":26},"end":{"line":138,"column":46}},"52":{"start":{"line":139,"column":12},"end":{"line":142,"column":13}},"53":{"start":{"line":140,"column":14},"end":{"line":140,"column":41}},"54":{"start":{"line":141,"column":14},"end":{"line":141,"column":18}},"55":{"start":{"line":144,"column":10},"end":{"line":144,"column":14}},"56":{"start":{"line":148,"column":6},"end":{"line":150,"column":7}},"57":{"start":{"line":149,"column":8},"end":{"line":149,"column":55}},"58":{"start":{"line":152,"column":33},"end":{"line":157,"column":8}},"59":{"start":{"line":159,"column":6},"end":{"line":164,"column":8}},"60":{"start":{"line":166,"column":6},"end":{"line":166,"column":100}},"61":{"start":{"line":167,"column":6},"end":{"line":172,"column":8}},"62":{"start":{"line":180,"column":29},"end":{"line":180,"column":31}},"63":{"start":{"line":181,"column":31},"end":{"line":181,"column":33}},"64":{"start":{"line":182,"column":36},"end":{"line":182,"column":38}},"65":{"start":{"line":184,"column":4},"end":{"line":243,"column":5}},"66":{"start":{"line":185,"column":20},"end":{"line":185,"column":43}},"67":{"start":{"line":186,"column":19},"end":{"line":186,"column":24}},"68":{"start":{"line":188,"column":6},"end":{"line":216,"column":7}},"69":{"start":{"line":189,"column":8},"end":{"line":212,"column":9}},"70":{"start":{"line":190,"column":28},"end":{"line":190,"column":71}},"71":{"start":{"line":191,"column":10},"end":{"line":211,"column":11}},"72":{"start":{"line":192,"column":41},"end":{"line":209,"column":14}},"73":{"start":{"line":210,"column":12},"end":{"line":210,"column":39}},"74":{"start":{"line
[...]
,"column":5}},{"start":{},"end":{}}]},"2":{"loc":{"start":{"line":62,"column":4},"end":{"line":64,"column":5}},"type":"if","locations":[{"start":{"line":62,"column":4},"end":{"line":64,"column":5}},{"start":{},"end":{}}]},"3":{"loc":{"start":{"line":79,"column":6},"end":{"line":79,"column":61}},"type":"if","locations":[{"start":{"line":79,"column":6},"end":{"line":79,"column":61}},{"start":{},"end":{}}]},"4":{"loc":{"start":{"line":94,"column":4},"end":{"line":94,"column":25}},"type":"default-arg","locations":[{"start":{"line":94,"column":24},"end":{"line":94,"column":25}}]},"5":{"loc":{"start":{"line":95,"column":4},"end":{"line":95,"column":26}},"type":"default-arg","locations":[{"start":{"line":95,"column":25},"end":{"line":95,"column":26}}]},"6":{"loc":{"start":{"line":97,"column":4},"end":{"line":99,"column":5}},"type":"if","locations":[{"start":{"line":97,"column":4},"end":{"line":99,"column":5}},{"start":{},"end":{}}]},"7":{"loc":{"start":{"line":120,"column":6},"end":{"line":120,"column":72}},"type":"if","locations":[{"start":{"line":120,"column":6},"end":{"line":120,"column":72}},{"start":{},"end":{}}]},"8":{"loc":{"start":{"line":138,"column":4},"end":{"line":140,"column":5}},"type":"if","locations":[{"start":{"line":138,"column":4},"end":{"line":140,"column":5}},{"start":{},"end":{}}]},"9":{"loc":{"start":{"line":157,"column":6},"end":{"line":160,"column":7}},"type":"if","locations":[{"start":{"line":157,"column":6},"end":{"line":160,"column":7}},{"start":{},"end":{}}]},"10":{"loc":{"start":{"line":157,"column":10},"end":{"line":157,"column":82}},"type":"binary-expr","locations":[{"start":{"line":157,"column":10},"end":{"line":157,"column":34}},{"start":{"line":157,"column":38},"end":{"line":157,"column":82}}]},"11":{"loc":{"start":{"line":162,"column":6},"end":{"line":164,"column":7}},"type":"if","locations":[{"start":{"line":162,"column":6},"end":{"line":164,"column":7}},{"start":{},"end":{}}]},"12":{"loc":{"start":{"line":166,"column":6},"end":{"line":168,"column":7}},"type":"if","locations":[{"start":{"line":166,"column":6},"end":{"line":168,"column":7}},{"start":{},"end":{}}]},"13":{"loc":{"start":{"line":170,"column":6},"end":{"line":172,"column":7}},"type":"if","locations":[{"start":{"line":170,"column":6},"end":{"line":172,"column":7}},{"start":{},"end":{}}]},"14":{"loc":{"start":{"line":170,"column":10},"end":{"line":170,"column":50}},"type":"binary-expr","locations":[{"start":{"line":170,"column":10},"end":{"line":170,"column":26}},{"start":{"line":170,"column":30},"end":{"line":170,"column":50}}]},"15":{"loc":{"start":{"line":178,"column":21},"end":{"line":178,"column":87}},"type":"cond-expr","locations":[{"start":{"line":178,"column":46},"end":{"line":178,"column":57}},{"start":{"line":178,"column":60},"end":{"line":178,"column":87}}]},"16":{"loc":{"start":{"line":190,"column":4},"end":{"line":192,"column":5}},"type":"if","locations":[{"start":{"line":190,"column":4},"end":{"line":192,"column":5}},{"start":{},"end":{}}]},"17":{"loc":{"start":{"line":196,"column":6},"end":{"line":196,"column":66}},"type":"if","locations":[{"start":{"line":196,"column":6},"end":{"line":196,"column":66}},{"start":{},"end":{}}]},"18":{"loc":{"start":{"line":214,"column":4},"end":{"line":214,"column":73}},"type":"if","locations":[{"start":{"line":214,"column":4},"end":{"line":214,"column":73}},{"start":{},"end":{}}]},"19":{"loc":{"start":{"line":216,"column":4},"end":{"line":218,"column":5}},"type":"if","locations":[{"start":{"line":216,"column":4},"end":{"line":218,"column":5}},{"start":{},"end":{}}]},"20":{"loc":{"start":{"line":220,"column":4},"end":{"line":222,"column":5}},"type":"if","locations":[{"start":{"line":220,"column":4},"end":{"line":222,"column":5}},{"start":{},"end":{}}]},"21":{"loc":{"start":{"line":220,"column":8},"end":{"line":220,"column":37}},"type":"binary-expr","locations":[{"start":{"line":220,"column":8},"end":{"line":220,"column":20}},{"start":{"line":220,"column":24},"end":{"line":220,"column":37}}]}},"s":{"0":0,"1":0,"2":0,"3":0,"4":0,"5":0,"6":0,"7":0,"8":0,"9":0,"10":0,"11":0,"12":0,"13":0,"14":0,"15":0,"16":0,"17":0,"18":0,"19":0,"20":0,"21":0,"22":0,"23":0,"24":0,"25":0,"26":0,"27":0,"28":0,"29":0,"30":0,"31":0,"32":0,"33":0,"34":0,"35":0,"36":0,"37":0,"38":0,"39":0,"40":0,"41":0,"42":0,"43":0,"44":0,"45":0,"46":0,"47":0,"48":0,"49":0,"50":0,"51":0,"52":0,"53":0,"54":0,"55":0,"56":0,"57":0,"58":0,"59":0,"60":0,"61":0,"62":0,"63":0,"64":0,"65":0,"66":0,"67":0,"68":0,"69":0,"70":0,"71":0,"72":0,"73":0},"f":{"0":0,"1":0,"2":0,"3":0,"4":0,"5":0,"6":0,"7":0,"8":0},"b":{"0":[0,0],"1":[0,0],"2":[0,0],"3":[0,0],"4":[0],"5":[0],"6":[0,0],"7":[0,0],"8":[0,0],"9":[0,0],"10":[0,0],"11":[0,0],"12":[0,0],"13":[0,0],"14":[0,0],"15":[0,0],"16":[0,0],"17":[0,0],"18":[0,0],"19":[0,0],"20":[0,0],"21":[0,0]}}
,"/mnt/AC74CC2974CBF3DC/другие проекты/базис-веб/services/storageService.ts": {"path":"/mnt/AC74CC2974CBF3DC/другие проекты/базис-веб/services/storageService.ts","statementMap":{"0":{"start":{"line":4,"column":16},"end":{"line":4,"column":28}},"1":{"start":{"line":5,"column":19},"end":{"line":5,"column":29}},"2":{"start":{"line":6,"column":19},"end":{"line":6,"column":20}},"3":{"start":{"line":17,"column":8},"end":{"line":17,"column":43}},"4":{"start":{"line":14,"column":15},"end":{"line":14,"column":32}},"5":{"start":{"line":15,"column":15},"end":{"line":15,"column":44}},"6":{"start":{"line":18,"column":8},"end":{"line":18,"column":36}},"7":{"start":{"line":23,"column":12},"end":{"line":23,"column":42}},"8":{"start":{"line":26,"column":8},"end":{"line":26,"column":28}},"9":{"start":{"line":26,"column":21},"end":{"line":26,"column":28}},"10":{"start":{"line":28,"column":8},"end":{"line":60,"column":11}},"11":{"start":{"line":29,"column":28},"end":{"line":29,"column":63}},"12":{"start":{"line":31,"column":12},"end":{"line":38,"column":14}},"13":{"start":{"line":32,"column":30},"end":{"line":32,"column":43}},"14":{"start":{"line":33,"column":16},"end":{"line":37,"column":19}},"15":{"start":{"line":40,"column":12},"end":{"line":43,"column":14}},"16":{"start":{"line":41,"column":16},"end":{"line":41,"column":41}},"17":{"start":{"line":42,"column":16},"end":{"line":42,"column":26}},"18":{"start":{"line":45,"column":12},"end":{"line":59,"column":14}},"19":{"start":{"line":46,"column":16},"end":{"line":58,"column":17}},"20":{"start":{"line":47,"column":32},"end":{"line":47,"column":72}},"21":{"start":{"line":48,"column":20},"end":{"line":51,"column":21}},"22":{"start":{"line":49,"column":38},"end":{"line":49,"column":89}},"23":{"start":{"line":50,"column":24},"end":{"line":50,"column":87}},"24":{"start":{"line":53,"column":20},"end":{"line":57,"column":23}},"25":{"start":{"line":64,"column":8},"end":{"line":64,"column":26}},"26":{"start":{"line":65,"column":8},"end":{"line":98,"column":11}},"27":{"start":{"line":66,"column":12},"end":{"line":68,"column":13}},"28":{"start":{"line":67,"column":16},"end":{"line":67,"column":92}},"29":{"start":{"line":70,"column":12},"end":{"line":97,"column":13}},"30":{"start":{"line":71,"column":36},"end":{"line":71,"column":82}},"31":{"start":{"line":72,"column":30},"end":{"line":72,"column":65}},"32":{"start":{"line":73,"column":32},"end":{"line":73,"column":50}},"33":{"start":{"line":75,"column":16},"end":{"line":75,"column":62}},"34":{"start":{"line":75,"column":42},"end":{"line":75,"column":61}},"35":{"start":{"line":76,"column":16},"end":{"line":82,"column":18}},"36":{"start":{"line":77,"column":20},"end":{"line":81,"column":23}},"37":{"start":{"line":84,"column":16},"end":{"line":90,"column":18}},"38":{"start":{"line":85,"column":20},"end":{"line":89,"column":23}},"39":{"start":{"line":92,"column":16},"end":{"line":96,"column":19}},"40":{"start":{"line":102,"column":8},"end":{"line":102,"column":26}},"41":{"start":{"line":103,"column":8},"end":{"line":149,"column":11}},"42":{"start":{"line":104,"column":12},"end":{"line":106,"column":13}},"43":{"start":{"line":105,"column":16},"end":{"line":105,"column":95}},"44":{"start":{"line":108,"column":12},"end":{"line":148,"column":13}},"45":{"start":{"line":109,"column":36},"end":{"line":109,"column":81}},"46":{"start":{"line":110,"column":30},"end":{"line":110,"column":65}},"47":{"start":{"line":111,"column":32},"end":{"line":111,"column":46}},"48":{"start":{"line":113,"column":16},"end":{"line":125,"column":18}},"49":{"start":{"line":114,"column":20},"end":{"line":124,"column":21}},"50":{"start":{"line":115,"column":36},"end":{"line":115,"column":71}},"51":{"start":{"line":116,"column":24},"end":{"line":116,"column":70}},"52":{"start":{"line":116,"column":43},"end":{"line":116,"column":68}},"53":{"start":{"line":117,"column":24},"end":{"line":117,"column":37}},"54":{"start":{"line":119,"column":24},"end":{"line":123,"column":27}},"55":{"start":{"line":127,"column":16},"end":{"line":133,"column":18}},"56":{"start":{"line":128,"column":20},"end":{"line":132,"column":23}},"57":{"start":{"line":135,"column":16},"end":{"line":141,"column":18}},"58":{"start":{"line":136,"column":20},"end":{"line":140,"column":23}},"59":{"start":{"line":143,"column":16},"end":{"line":147,"column":19}},"60":{"start":{"line":153,"column":8},"end":{"line":153,"column":26}},"61":{"start":{"line":154,"column":8},"end":{"line":187,"column":11}},"62":{"start":{"line":155,"column":12},"end":{"line":157,"column":13}},"63":{"start":{"line":156,"column":16},"end":{"line":156,"column":91}},"64":{"start":{"line":159,"column":12},"end":{"line":186,"column":13}},"65":{"start":{"line":160,"column":36},"end":{"line":160,"column":81}},"66":{"start":{"line":161,"column":30},"end":{"line":161,"column":65}},"67":{"start":{"line":162,"column":32},"end":{"line":162,"column":45}},"68":{"start":{"line":164,"column":16},"end":{"line":164,"column":66}},"69":{"start":{"line":164,"column":42},"end":{"line":164,"column":65}},"70":{"start":{"line":165,"column":16},"end":{"line":171,"column":18}},"71":{"start":{"line":166,"column":20},"end":{"line":170,"column":23}},"72":{"start":{"line":173,"column":16},"end":{"line":179,"column":18}},"73":{"start":{"line":174,"column":20},"end":{"line":178,"column":23}},"74":{"start":{"line":181,"column":16},"end":{"line":185,"column":19}},"75":{"start":{"line":191,"column":8},"end":{"line":191,"column":26}},"76":{"start":{"line":192,"column":8},"end":{"line":225,"column":11}},"77":{"start":{"line":193,"column":12},"end":{"line":195,"column":13}},"78":{"start":{"line":194,"column":16},"end":{"line":194,"column":94}},"79":{"start":{"line":197,"column":12},"end":{"line":224,"column":13}},"80":{"start":{"line":198,"column":36},"end":{"line":198,"column":82}},"81":{"start":{"line":199,"column":30},"end":{"line":199,"column":65}},"82":{"start":{"line":200,"column":32},"end":{"line":200,"column":48}},"83":{"start":{"line":202,"column":16},"end":{"line":202,"column":52}},"84":{"start":{"line":202,"column":42},"end":{"line":202,"column":51}},"85":{"start":{"line":203,"column":16},"end":{"line":209,"column":18}},"86":{"start":{"line":204,"column":20},"end":{"line":208,"column":23}},"87":{"start":{"line":211,"column":16},"end":{"line":217,"column":18}},"88":{"start":{"line":212,"column":20},"end":{"line":216,"column":23}},"89":{"start":{"line":219,"column":16},"end":{"line":223,"column":19}},"90":{"start":{"line":229,"column":13},"end":{"line":229,"column":51}}},"fnMap":{"0":{"name":"(anonymous_0)","decl":{"start":{"line":12,"column":4},"end":{"line":12,"column":null}},"loc":{"start":{"line":15,"column":44},"end":{"line":19,"column":5}}},"1":{"name":"(anonymous_1)","decl":{"start":{"line":22,"column":0},"end":{"line":22,"column":6}},"loc":{"start":{"line":22,"column":0},"end":{"line":227,"column":1}}},"2":{"name":"(anonymous_2)","decl":{"start":{"line":25,"column":4},"end":{"line":25,"column":9}},"loc":{"start":{"line":25,"column":14},"end":{"line":61,"column":5}}},"3":{"name":"(anonymous_3)","decl":{"start":{"line":28,"column":27},"end":{"line":28,"column":28}},"loc":{"start":{"line":28,"column":47},"end":{"line":60,"column":9}}},"4":{"name":"(anonymous_4)","decl":{"start":{"line":31,"column":30},"end":{"line":31,"column":33}},"loc":{"start":{"line":31,"column":35},"end":{"line":38,"column":13}}},"5":{"name":"(anonymous_5)","decl":{"start":{"line":40,"column":32},"end":{"line":40,"column":35}},"loc":{"start":{"line":40,"column":37},"end":{"line":43,"column":13}}},"6":{"name":"(anonymous_6)","decl":{"start":{"line":45,"column":38},"end":{"line":45,"column":39}},"loc":{"start":{"line":45,"column":48},"end":{"line":59,"column":13}}},"7":{"name":"(anonymous_7)","decl":{"start":{"line":63,"column":4},"end":{"line":63,"column":9}},"loc":{"start":{"line":63,"column":46},"end":{"line":99,"column":5}}},"8":{"name":"(anonymous_8)","decl":{"start":{"line":65,"column":27},"end":{"line":65,"column":28}},"loc":{"start":{"line":65,"column":47},"end":{"line":98,"column":9}}},"9":{"name":"(anonymous_9)","decl":{"start":{"line":75,"column":36},"end":{"line":75,"column":39}},"loc":{"start":{"line":75,"column":42},"end":{"line":75,"column":61}}},"10":{"name":"(anonymous_10)","decl":{"start":{"line":76,"column":34},"end":{"line":76,"column":37}},"loc":{"start":{"line":76,"column":39},"end":{"line":82,"column":17}}},"11":{"name":"(anonymous_11)","decl":{"start":{"line":84,"column":38},"end":{"line":84,"column":41}},"loc":{"start":{"line":84,"column":43},"end":{"line":90,"column":17}}},"12":{"name":"(anonymous_12)","decl":{"start":{"line":101,"column":4},"end":{"line":101,"column":9}},"loc":{"start":{"line":101,"column":24},"end":{"line":150,"column":5}}},"13":{"name":"(anonymous_13)","decl":{"start":{"line":103,"column":27},"end":{"line":103,"column":28}},"loc":{"start":{"line":103,"column":47},"end":{"line":149,"column":9}}},"14":{"name":"(anonymous_14)","decl":{"start":{"line":113,"column":36},"end":{"line":113,"column":39}},"loc":{"start":{"line":113,"column":41},"end":{"line":125,"column":17}}},"15":{"name":"(anonymous_15)","decl":{"start":{"line":116,"column":33},"end":{"line":116,"column":34}},"loc":{"start":{"line":116,"column":43},"end":{"line":116,"column":68}}},"16":{"name":"(anonymous_16)","decl":{"start":{"line":127,"column":34},"end":{"line":127,"column":37}},"loc":{"start":{"line":127,"column":39},"end":{"line":133,"column":17}}},"17":{"name":"(anonymous_17)","decl":{"start":{"line":135,"column":38},"end":{"line":135,"column":41}},"loc":{"start":{"line":135,"column":43},"end":{"line":141,"column":17}}},"18":{"name":"(anonymous_18)","decl":{"start":{"line":152,"column":4},"end":{"line":152,"column":9}},"loc":{"start":{"line":152,"column":31},"end":{"line":188,"column":5}}},"19":{"name":"(anonymous_19)","decl":{"start":{"line":154,"column":27},"end":{"line":154,"column":28}},"loc":{"start":{"line":154,"column":47},"end":{"line":187,"column":9}}},"20":{"name":"(anonymous_20)","decl":{"start":{"line":164,"column":36},"end":{"line":164,"column":39}},"loc":{"start":{"line":164,"column":42},"end":{"line":164,"column":65}}},"21":{"name":"(anonymous_21)","decl":{"start":{"line":165,"column":34},"end":{"line":165,"column":37}},"loc":{"start":{"line":165,"column":39},"end":{"line":171,"column":17}}},"22":{"name":"(anonymous_22)","decl":{"start":{"line":173,"column":38},"end":{"line":173,"column":41}},"loc":{"start":{"line":173,"column":43},"end":{"line":179,"column":17}}},"23":{"name":"(anonymous_23)","decl":{"start":{"line":190,"column":4},"end":{"line":190,"column":9}},"loc":{"start":{"line":190,"column":34},"end":{"line":226,"column":5}}},"24":{"name":"(anonymous_24)","decl":{"start":{"line":192,"column":27},"end":{"line":192,"column":28}},"loc":{"start":{"line":192,"column":47},"end":{"line":225,"column":9}}},"25":{"name":"(anonymous_25)","decl":{"start":{"line":202,"column":36},"end":{"line":202,"column":39}},"loc":{"start":{"line":202,"column":42},"end":{"line":202,"column":51}}},"26":{"name":"(anonymous_26)","decl":{"start":{"line":203,"column":34},"end":{"line":203,"column":37}},"loc":{"start":{"line":203,"column":39},"end":{"line":209,"column":17}}},"27":{"name":"(anonymous_27)","decl":{"start":{"line":211,"column":38},"end":{"line":211,"column":41}},"loc":{"start":{"line":211,"column":43},"end":{"line":217,"column":17}}}},"branchMap":{"0":{"loc":{"start":{"line":26,"column":8},"end":{"line":26,"column":28}},"type":"if","locations":[{"start":{"line":26,"column":8},"end":{"line":26,"column":28}},{"start":{},"end":{}}]},"1":{"loc":{"start":{"line":34,"column":20},"end":{"line":34,"column":63}},"type":"binary-expr","locations":[{"start":{"line":34,"column":20},"end":{"line":34,"column":34}},{"start":{"line":34,"column":38},"end":{"line":34,"column":63}}]},"2":{"loc":{"start":{"line":48,"column":20},"end":{"line":51,"column":21}},"type":"if","locations":[{"start":{"line":48,"column":20},"end":{"line":51,"column":21}},{"start":{},"end":{}}]},"3":{"loc":{"start":{"line":56,"column":33},"end":{"line":56,"column":87}},"type":"cond-expr","locations":[{"start":{"line":56,"column":58},"end":{"line":56,"column":71}},{"start":{"line":56,"column":74},"end":{"line":56,"column":87}}]},"4":{"loc":{"start":{"line":66,"column":12},"end":{"line":68,"column":13}},"type":"if","locations":[{"start":{"line":66,"column":12},"end":{"line":68,"column":13}},{"start":{},"end":{}}]},"5":{"loc":{"start":{"line":95,"column":52},"end":{"line":95,"column":106}},"type":"cond-expr","locations":[{"start":{"line":95,"column":77},"end":{"line":95,"column":90}},{"start":{"line":95,"column":93},"end":{"line":95,"column":106}}]},"6":{"loc":{"start":{"line":104,"column":12},"end":{"line":106,"column":13}},"type":"if","locations":[{"start":{"line":104,"column":12},"end":{"line":106,"column":13}},{"start":{},"end":{}}]},"7":{"loc":{"start":{"line":122,"column":37},"end":{"line":122,"column":91}},"type":"cond-expr","locations":[{"start":{"line":122,"column":62},"end":{"line":122,"column":75}},{"start":{"line":122,"column":78},"end":{"line":122,"column":91}}]},"8":{"loc":{"start":{"line":146,"column":29},"end":{"line":146,"column":83}},"type":"cond-expr","locations":[{"start":{"line":146,"column":54},"end":{"line":146,"column":67}},{"start":{"line":146,"column":70},"end":{"line":146,"column":83}}]},"9":{"loc":{"start":{"line":155,"column":12},"end":{"line":157,"column":13}},"type":"if","locations":[{"start":{"line":155,"column":12},"end":{"line":157,"column":13}},{"start":{},"end":{}}]},"10":{"loc":{"start":{"line":184,"column":44},"end":{"line":184,"column":98}},"type":"cond-expr","locations":[{"start":{"line":184,"column":69},"end":{"line":184,"column":82}},{"start":{"line":184,"column":85},"end":{"line":184,"column":98}}]},"11":{"loc":{"start":{"line":193,"column":12},"end":{"line":195,"column":13}},"type":"if","locations":[{"start":{"line":193,"column":12},"end":{"line":195,"column":13}},{"start":{},"end":{}}]},"12":{"loc":{"start":{"line":222,"column":44},"end":{"line":222,"column":98}},"type":"cond-expr","locations":[{"start":{"line":222,"column":69},"end":{"line":222,"column":82}},{"start":{"line":222,"column":85},"end":{"line":222,"column":98}}]}},"s":{"0":0,"1":0,"2":0,"3":0,"4":0,"5":0,"6":0,"7":0,"8":0,"9":0,"10":0,"11":0,"12":0,"13":0,"14":0,"15":0,"16":0,"17":0,"18":0,"19":0,"20":0,"21":0,"22":0,"23":0,"24":0,"25":0,"26":0,"27":0,"28":0,"29":0,"30":0,"31":0,"32":0,"33":0,"34":0,"35":0,"36":0,"37":0,"38":0,"39":0,"40":0,"41":0,"42":0,"43":0,"44":0,"45":0,"46":0,"47":0,"48":0,"49":0,"50":0,"51":0,"52":0,"53":0,"54":0,"55":0,"56":0,"57":0,"58":0,"59":0,"60":0,"61":0,"62":0,"63":0,"64":0,"65":0,"66":0,"67":0,"68":0,"69":0,"70":0,"71":0,"72":0,"73":0,"74":0,"75":0,"76":0,"77":0,"78":0,"79":0,"80":0,"81":0,"82":0,"83":0,"84":0,"85":0,"86":0,"87":0,"88":0,"89":0,"90":0},"f":{"0":0,"1":0,"2":0,"3":0,"4":0,"5":0,"6":0,"7":0,"8":0,"9":0,"10":0,"11":0,"12":0,"13":0,"14":0,"15":0,"16":0,"17":0,"18":0,"19":0,"20":0,"21":0,"22":0,"23":0,"24":0,"25":0,"26":0,"27":0},"b":{"0":[0,0],"1":[0,0],"2":[0,0],"3":[0,0],"4":[0,0],"5":[0,0],"6":[0,0],"7":[0,0],"8":[0,0],"9":[0,0],"10":[0,0],"11":[0,0],"12":[0,0]}}
}
