TN:
SF:services/BOMExporter.ts
FN:20,(anonymous_0)
FN:73,(anonymous_1)
FN:101,(anonymous_2)
FN:139,(anonymous_3)
FN:163,(anonymous_4)
FN:181,(anonymous_5)
FN:199,(anonymous_6)
FN:214,(anonymous_7)
FNF:8
FNH:0
FNDA:0,(anonymous_0)
FNDA:0,(anonymous_1)
FNDA:0,(anonymous_2)
FNDA:0,(anonymous_3)
FNDA:0,(anonymous_4)
FNDA:0,(anonymous_5)
FNDA:0,(anonymous_6)
FNDA:0,(anonymous_7)
DA:16,0
DA:21,0
DA:22,0
DA:23,0
DA:24,0
DA:25,0
DA:26,0
DA:27,0
DA:28,0
DA:29,0
DA:31,0
DA:32,0
DA:33,0
DA:34,0
DA:35,0
DA:36,0
DA:37,0
DA:38,0
DA:39,0
DA:43,0
DA:44,0
DA:45,0
DA:46,0
DA:47,0
DA:48,0
DA:49,0
DA:51,0
DA:54,0
DA:55,0
DA:56,0
DA:57,0
DA:58,0
DA:59,0
DA:60,0
DA:61,0
DA:62,0
DA:63,0
DA:64,0
DA:67,0
DA:74,0
DA:75,0
DA:77,0
DA:78,0
DA:82,0
DA:84,0
DA:85,0
DA:86,0
DA:87,0
DA:88,0
DA:89,0
DA:90,0
DA:91,0
DA:92,0
DA:95,0
DA:102,0
DA:112,0
DA:114,0
DA:115,0
DA:124,0
DA:128,0
DA:129,0
DA:133,0
DA:140,0
DA:142,0
DA:143,0
DA:144,0
DA:145,0
DA:146,0
DA:147,0
DA:148,0
DA:150,0
DA:158,0
DA:160,0
DA:161,0
DA:162,0
DA:163,0
DA:164,0
DA:165,0
DA:166,0
DA:168,0
DA:169,0
DA:172,0
DA:175,0
DA:182,0
DA:183,0
DA:184,0
DA:186,0
DA:187,0
DA:188,0
DA:189,0
DA:190,0
DA:191,0
DA:193,0
DA:200,0
DA:202,0
DA:203,0
DA:204,0
DA:207,0
DA:208,0
DA:209,0
DA:211,0
DA:213,0
DA:214,0
DA:215,0
DA:216,0
DA:217,0
DA:218,0
DA:220,0
DA:224,0
DA:226,0
LF:110
LH:0
BRDA:54,0,0,0
BRDA:54,0,1,0
BRDA:57,1,0,0
BRDA:57,1,1,0
BRDA:58,2,0,0
BRDA:58,2,1,0
BRDA:59,3,0,0
BRDA:59,3,1,0
BRDA:60,4,0,0
BRDA:60,4,1,0
BRDA:61,5,0,0
BRDA:61,5,1,0
BRDA:62,6,0,0
BRDA:62,6,1,0
BRDA:63,7,0,0
BRDA:63,7,1,0
BRDA:84,8,0,0
BRDA:84,8,1,0
BRDA:86,9,0,0
BRDA:86,9,1,0
BRDA:87,10,0,0
BRDA:87,10,1,0
BRDA:88,11,0,0
BRDA:88,11,1,0
BRDA:89,12,0,0
BRDA:89,12,1,0
BRDA:90,13,0,0
BRDA:90,13,1,0
BRDA:91,14,0,0
BRDA:91,14,1,0
BRDA:92,15,0,0
BRDA:92,15,1,0
BRDA:145,16,0,0
BRDA:145,16,1,0
BRDA:203,17,0,0
BRDA:203,17,1,0
BRDA:215,18,0,0
BRDA:215,18,1,0
BRF:38
BRH:0
end_of_record
TN:
SF:services/BillOfMaterials.ts
FN:105,(anonymous_0)
FN:110,(anonymous_1)
FN:123,(anonymous_2)
FN:127,(anonymous_3)
FN:129,(anonymous_4)
FN:135,(anonymous_5)
FN:139,(anonymous_6)
FN:190,(anonymous_7)
FN:219,(anonymous_8)
FN:257,(anonymous_9)
FN:284,(anonymous_10)
FN:293,(anonymous_11)
FN:303,(anonymous_12)
FN:315,(anonymous_13)
FN:345,(anonymous_14)
FN:346,(anonymous_15)
FN:359,(anonymous_16)
FN:369,(anonymous_17)
FN:373,(anonymous_18)
FN:388,(anonymous_19)
FN:423,(anonymous_20)
FN:451,(anonymous_21)
FN:476,(anonymous_22)
FN:495,(anonymous_23)
FN:526,(anonymous_24)
FN:533,(anonymous_25)
FN:534,(anonymous_26)
FN:543,(anonymous_27)
FN:558,(anonymous_28)
FNF:29
FNH:28
FNDA:69,(anonymous_0)
FNDA:18,(anonymous_1)
FNDA:61,(anonymous_2)
FNDA:1,(anonymous_3)
FNDA:1,(anonymous_4)
FNDA:1,(anonymous_5)
FNDA:35,(anonymous_6)
FNDA:51,(anonymous_7)
FNDA:52,(anonymous_8)
FNDA:153,(anonymous_9)
FNDA:51,(anonymous_10)
FNDA:51,(anonymous_11)
FNDA:51,(anonymous_12)
FNDA:38,(anonymous_13)
FNDA:35,(anonymous_14)
FNDA:51,(anonymous_15)
FNDA:51,(anonymous_16)
FNDA:3,(anonymous_17)
FNDA:2,(anonymous_18)
FNDA:2,(anonymous_19)
FNDA:2,(anonymous_20)
FNDA:2,(anonymous_21)
FNDA:2,(anonymous_22)
FNDA:2,(anonymous_23)
FNDA:1,(anonymous_24)
FNDA:1,(anonymous_25)
FNDA:2,(anonymous_26)
FNDA:2,(anonymous_27)
FNDA:0,(anonymous_28)
DA:6,3
DA:99,3
DA:100,69
DA:101,69
DA:102,69
DA:103,69
DA:106,69
DA:107,39
DA:109,18
DA:110,18
DA:111,18
DA:113,18
DA:114,21
DA:115,21
DA:118,69
DA:119,20
DA:124,61
DA:128,1
DA:129,1
DA:130,1
DA:132,1
DA:136,1
DA:140,35
DA:142,35
DA:143,52
DA:144,52
DA:145,51
DA:149,35
DA:150,35
DA:151,35
DA:153,35
DA:154,51
DA:155,51
DA:156,51
DA:160,35
DA:161,35
DA:162,51
DA:163,51
DA:164,37
DA:175,51
DA:176,51
DA:177,51
DA:178,51
DA:179,51
DA:180,51
DA:181,51
DA:184,35
DA:187,35
DA:190,51
DA:200,35
DA:211,35
DA:216,35
DA:220,52
DA:221,1
DA:224,51
DA:225,51
DA:226,51
DA:228,51
DA:229,51
DA:231,51
DA:232,50
DA:233,50
DA:234,50
DA:235,50
DA:238,51
DA:240,51
DA:258,153
DA:259,153
DA:260,153
DA:262,153
DA:263,69
DA:264,69
DA:265,69
DA:268,153
DA:269,81
DA:270,81
DA:271,81
DA:273,81
DA:274,81
DA:276,81
DA:277,81
DA:281,153
DA:285,51
DA:286,51
DA:287,51
DA:288,51
DA:290,51
DA:294,51
DA:296,51
DA:297,50
DA:300,51
DA:304,51
DA:305,51
DA:306,51
DA:308,51
DA:309,51
DA:310,51
DA:312,51
DA:316,38
DA:317,38
DA:319,38
DA:320,54
DA:321,54
DA:327,38
DA:328,38
DA:329,38
DA:330,38
DA:331,40
DA:335,38
DA:336,38
DA:337,38
DA:338,38
DA:339,38
DA:340,38
DA:342,38
DA:346,51
DA:360,51
DA:361,38
DA:362,26
DA:366,25
DA:370,3
DA:374,2
DA:389,2
DA:423,2
DA:451,2
DA:473,2
DA:477,2
DA:478,2
DA:479,2
DA:481,2
DA:496,2
DA:498,2
DA:499,1
DA:500,1
DA:503,1
DA:504,0
DA:507,1
DA:508,0
DA:511,1
DA:512,1
DA:513,0
DA:515,1
DA:516,0
DA:520,1
DA:533,1
DA:534,2
DA:536,1
DA:537,1
DA:538,1
DA:540,1
DA:541,2
DA:542,1
DA:543,2
DA:544,1
DA:545,1
DA:555,1
DA:556,1
DA:557,0
DA:558,0
DA:559,0
DA:560,0
DA:570,1
DA:580,3
LF:163
LH:155
BRDA:106,0,0,39
BRDA:106,0,1,30
BRDA:107,1,0,18
BRDA:107,1,1,21
BRDA:111,2,0,18
BRDA:111,2,1,0
BRDA:114,3,0,21
BRDA:114,3,1,0
BRDA:118,4,0,20
BRDA:118,4,1,49
BRDA:118,5,0,69
BRDA:118,5,1,20
BRDA:130,6,0,1
BRDA:130,6,1,0
BRDA:136,7,0,1
BRDA:136,7,1,0
BRDA:144,8,0,51
BRDA:144,8,1,1
BRDA:163,9,0,37
BRDA:163,9,1,14
BRDA:194,10,0,34
BRDA:194,10,1,1
BRDA:195,11,0,34
BRDA:195,11,1,1
BRDA:220,12,0,1
BRDA:220,12,1,51
BRDA:231,13,0,50
BRDA:231,13,1,1
BRDA:231,14,0,51
BRDA:231,14,1,50
BRDA:232,15,0,50
BRDA:232,15,1,0
BRDA:234,16,0,49
BRDA:234,16,1,1
BRDA:252,17,0,51
BRDA:252,17,1,48
BRDA:262,18,0,69
BRDA:262,18,1,84
BRDA:263,19,0,69
BRDA:263,19,1,0
BRDA:264,20,0,69
BRDA:264,20,1,0
BRDA:265,21,0,69
BRDA:265,21,1,0
BRDA:268,22,0,81
BRDA:268,22,1,72
BRDA:268,23,0,153
BRDA:268,23,1,81
BRDA:270,24,0,81
BRDA:270,24,1,0
BRDA:273,25,0,81
BRDA:273,25,1,0
BRDA:276,26,0,81
BRDA:276,26,1,0
BRDA:296,27,0,50
BRDA:296,27,1,1
BRDA:296,28,0,51
BRDA:296,28,1,50
BRDA:297,29,0,50
BRDA:297,29,1,0
BRDA:309,30,0,51
BRDA:309,30,1,51
BRDA:320,31,0,54
BRDA:320,31,1,51
BRDA:329,32,0,38
BRDA:329,32,1,0
BRDA:361,33,0,26
BRDA:361,33,1,12
BRDA:394,34,0,2
BRDA:394,34,1,0
BRDA:405,35,0,2
BRDA:405,35,1,0
BRDA:406,36,0,2
BRDA:406,36,1,0
BRDA:438,37,0,2
BRDA:438,37,1,0
BRDA:438,38,0,2
BRDA:438,38,1,2
BRDA:498,39,0,1
BRDA:498,39,1,1
BRDA:498,40,0,2
BRDA:498,40,1,2
BRDA:498,40,2,2
BRDA:503,41,0,0
BRDA:503,41,1,1
BRDA:507,42,0,0
BRDA:507,42,1,1
BRDA:512,43,0,0
BRDA:512,43,1,1
BRDA:515,44,0,0
BRDA:515,44,1,1
BRDA:541,45,0,1
BRDA:541,45,1,1
BRDA:544,46,0,1
BRDA:544,46,1,0
BRDA:556,47,0,0
BRDA:556,47,1,1
BRDA:559,48,0,0
BRDA:559,48,1,0
BRF:99
BRH:74
end_of_record
TN:
SF:services/CADExporter.ts
FN:22,(anonymous_0)
FN:46,(anonymous_1)
FN:62,(anonymous_2)
FN:101,(anonymous_3)
FN:115,(anonymous_4)
FN:125,(anonymous_5)
FN:162,(anonymous_6)
FN:206,(anonymous_7)
FN:235,(anonymous_8)
FN:249,(anonymous_9)
FN:300,(anonymous_10)
FN:336,(anonymous_11)
FN:383,(anonymous_12)
FN:406,(anonymous_13)
FN:429,(anonymous_14)
FN:452,(anonymous_15)
FNF:16
FNH:15
FNDA:34,(anonymous_0)
FNDA:6,(anonymous_1)
FNDA:6,(anonymous_2)
FNDA:7,(anonymous_3)
FNDA:7,(anonymous_4)
FNDA:5,(anonymous_5)
FNDA:6,(anonymous_6)
FNDA:4,(anonymous_7)
FNDA:2,(anonymous_8)
FNDA:3,(anonymous_9)
FNDA:12,(anonymous_10)
FNDA:0,(anonymous_11)
FNDA:24,(anonymous_12)
FNDA:5,(anonymous_13)
FNDA:7,(anonymous_14)
FNDA:72,(anonymous_15)
DA:6,1
DA:18,1
DA:23,34
DA:25,6
DA:27,5
DA:29,7
DA:31,6
DA:33,4
DA:35,2
DA:37,3
DA:39,1
DA:47,6
DA:49,6
DA:50,6
DA:51,6
DA:52,6
DA:56,6
DA:63,6
DA:64,6
DA:66,6
DA:67,6
DA:69,6
DA:71,6
DA:72,24
DA:73,24
DA:74,24
DA:76,24
DA:77,24
DA:78,24
DA:80,24
DA:81,24
DA:82,24
DA:84,24
DA:85,24
DA:86,24
DA:88,24
DA:89,24
DA:90,24
DA:92,24
DA:95,6
DA:102,7
DA:103,7
DA:105,7
DA:115,7
DA:119,7
DA:126,5
DA:128,5
DA:129,5
DA:130,5
DA:131,5
DA:132,5
DA:133,5
DA:134,5
DA:135,5
DA:136,5
DA:137,5
DA:139,5
DA:140,5
DA:141,5
DA:142,5
DA:144,5
DA:145,5
DA:146,5
DA:147,5
DA:151,5
DA:152,5
DA:153,5
DA:154,5
DA:156,5
DA:163,6
DA:165,6
DA:166,6
DA:167,6
DA:169,6
DA:170,6
DA:172,6
DA:173,6
DA:174,6
DA:176,6
DA:177,6
DA:178,6
DA:180,6
DA:181,24
DA:182,24
DA:183,24
DA:184,24
DA:187,6
DA:188,48
DA:191,6
DA:192,24
DA:195,6
DA:196,6
DA:200,6
DA:207,4
DA:209,4
DA:210,4
DA:211,4
DA:212,4
DA:213,4
DA:214,4
DA:215,4
DA:217,4
DA:218,4
DA:219,4
DA:220,4
DA:221,4
DA:222,4
DA:226,4
DA:227,4
DA:229,4
DA:236,2
DA:238,2
DA:239,2
DA:240,2
DA:241,2
DA:243,2
DA:250,3
DA:294,3
DA:301,12
DA:303,12
DA:304,0
DA:307,12
DA:308,12
DA:309,12
DA:310,48
DA:311,48
DA:312,48
DA:313,48
DA:315,48
DA:316,48
DA:326,12
DA:327,0
DA:330,12
DA:337,0
DA:338,0
DA:340,0
DA:342,0
DA:343,0
DA:344,0
DA:345,0
DA:346,0
DA:347,0
DA:349,0
DA:360,0
DA:369,0
DA:370,0
DA:377,0
DA:384,24
DA:385,24
DA:387,24
DA:393,24
DA:394,24
DA:395,24
DA:396,24
DA:397,24
DA:400,24
DA:407,5
DA:408,5
DA:410,5
DA:412,5
DA:413,5
DA:414,5
DA:415,5
DA:416,5
DA:417,5
DA:418,5
DA:419,5
DA:420,5
DA:421,5
DA:423,5
DA:430,7
DA:453,72
DA:454,72
DA:455,258
DA:456,258
DA:459,24
DA:462,48
DA:463,48
LF:178
LH:162
BRDA:23,0,0,6
BRDA:23,0,1,5
BRDA:23,0,2,7
BRDA:23,0,3,6
BRDA:23,0,4,4
BRDA:23,0,5,2
BRDA:23,0,6,3
BRDA:23,0,7,1
BRDA:49,1,0,6
BRDA:49,1,1,0
BRDA:56,2,0,6
BRDA:56,2,1,0
BRDA:74,3,0,24
BRDA:74,3,1,24
BRDA:102,4,0,7
BRDA:102,4,1,6
BRDA:103,5,0,0
BRDA:103,5,1,7
BRDA:115,6,0,7
BRDA:115,6,1,0
BRDA:144,7,0,5
BRDA:144,7,1,0
BRDA:170,8,0,6
BRDA:170,8,1,5
BRDA:172,9,0,6
BRDA:172,9,1,0
BRDA:218,10,0,4
BRDA:218,10,1,0
BRDA:303,11,0,0
BRDA:303,11,1,12
BRDA:308,12,0,12
BRDA:308,12,1,0
BRDA:308,13,0,12
BRDA:308,13,1,12
BRDA:308,13,2,12
BRDA:310,14,0,48
BRDA:310,14,1,0
BRDA:310,15,0,48
BRDA:310,15,1,48
BRDA:315,16,0,48
BRDA:315,16,1,0
BRDA:315,17,0,48
BRDA:315,17,1,48
BRDA:315,17,2,48
BRDA:317,18,0,48
BRDA:317,18,1,48
BRDA:317,19,0,48
BRDA:317,19,1,48
BRDA:317,20,0,48
BRDA:317,20,1,24
BRDA:318,21,0,48
BRDA:318,21,1,12
BRDA:318,22,0,48
BRDA:318,22,1,12
BRDA:318,23,0,48
BRDA:318,23,1,24
BRDA:319,24,0,48
BRDA:319,24,1,12
BRDA:319,25,0,48
BRDA:319,25,1,12
BRDA:319,26,0,48
BRDA:319,26,1,24
BRDA:326,27,0,0
BRDA:326,27,1,12
BRDA:340,28,0,0
BRDA:340,28,1,0
BRDA:342,29,0,0
BRDA:342,29,1,0
BRDA:343,30,0,0
BRDA:343,30,1,0
BRDA:344,31,0,0
BRDA:344,31,1,0
BRDA:345,32,0,0
BRDA:345,32,1,0
BRDA:346,33,0,0
BRDA:346,33,1,0
BRDA:347,34,0,0
BRDA:347,34,1,0
BRDA:394,35,0,24
BRDA:394,35,1,0
BRDA:410,36,0,0
BRDA:410,36,1,5
BRDA:415,37,0,5
BRDA:415,37,1,0
BRDA:417,38,0,5
BRDA:417,38,1,0
BRDA:419,39,0,5
BRDA:419,39,1,0
BRDA:421,40,0,5
BRDA:421,40,1,0
BRDA:434,41,0,7
BRDA:434,41,1,0
BRDA:436,42,0,7
BRDA:436,42,1,0
BRDA:437,43,0,7
BRDA:437,43,1,0
BRDA:438,44,0,7
BRDA:438,44,1,0
BRDA:441,45,0,7
BRDA:441,45,1,0
BRDA:442,46,0,7
BRDA:442,46,1,0
BRDA:443,47,0,7
BRDA:443,47,1,0
BRDA:456,48,0,24
BRDA:456,48,1,234
BRDA:456,49,0,258
BRDA:456,49,1,126
BRDA:456,49,2,60
BRF:109
BRH:70
end_of_record
TN:
SF:services/CADImporter.ts
FN:18,(anonymous_0)
FN:32,(anonymous_1)
FN:58,(anonymous_2)
FN:104,(anonymous_3)
FN:179,(anonymous_4)
FN:249,(anonymous_5)
FN:288,(anonymous_6)
FN:289,(anonymous_7)
FN:290,(anonymous_8)
FN:291,(anonymous_9)
FN:292,(anonymous_10)
FN:293,(anonymous_11)
FN:341,(anonymous_12)
FN:376,(anonymous_13)
FNF:14
FNH:14
FNDA:42,(anonymous_0)
FNDA:7,(anonymous_1)
FNDA:11,(anonymous_2)
FNDA:7,(anonymous_3)
FNDA:7,(anonymous_4)
FNDA:10,(anonymous_5)
FNDA:27,(anonymous_6)
FNDA:27,(anonymous_7)
FNDA:27,(anonymous_8)
FNDA:27,(anonymous_9)
FNDA:27,(anonymous_10)
FNDA:27,(anonymous_11)
FNDA:13,(anonymous_12)
FNDA:18,(anonymous_13)
DA:6,1
DA:18,1
DA:19,42
DA:33,7
DA:35,7
DA:37,2
DA:39,1
DA:42,2
DA:44,1
DA:46,1
DA:59,11
DA:60,11
DA:62,11
DA:63,11
DA:66,9
DA:67,6
DA:68,3
DA:69,1
DA:71,2
DA:74,7
DA:75,7
DA:76,1
DA:84,6
DA:91,4
DA:92,4
DA:105,7
DA:106,7
DA:107,7
DA:109,7
DA:110,7
DA:111,7
DA:112,7
DA:113,7
DA:115,7
DA:116,55
DA:118,55
DA:119,24
DA:120,18
DA:121,18
DA:123,24
DA:124,24
DA:125,24
DA:126,24
DA:127,31
DA:128,0
DA:129,31
DA:130,0
DA:131,0
DA:132,0
DA:134,0
DA:136,31
DA:137,30
DA:138,30
DA:139,30
DA:140,30
DA:141,30
DA:144,31
DA:148,7
DA:149,1
DA:152,7
DA:159,7
DA:166,0
DA:167,0
DA:180,7
DA:181,7
DA:182,7
DA:184,7
DA:185,7
DA:186,7
DA:188,7
DA:189,45
DA:190,5
DA:191,5
DA:192,5
DA:210,5
DA:213,45
DA:214,6
DA:218,7
DA:219,3
DA:222,7
DA:229,7
DA:236,0
DA:237,0
DA:250,10
DA:251,10
DA:253,10
DA:254,10
DA:255,10
DA:256,10
DA:257,10
DA:259,10
DA:260,44
DA:262,44
DA:263,27
DA:264,27
DA:265,27
DA:267,17
DA:268,11
DA:269,11
DA:270,11
DA:271,33
DA:272,33
DA:273,33
DA:276,11
DA:277,11
DA:279,6
DA:280,2
DA:284,10
DA:285,3
DA:288,27
DA:289,27
DA:290,27
DA:291,27
DA:292,27
DA:293,27
DA:295,10
DA:314,10
DA:321,10
DA:328,0
DA:329,0
DA:345,13
DA:347,13
DA:348,1
DA:350,13
DA:351,1
DA:353,13
DA:354,1
DA:357,13
DA:358,21
DA:359,21
DA:360,14
DA:362,21
DA:363,13
DA:367,13
DA:377,18
DA:378,18
DA:379,18
DA:381,18
LF:138
LH:127
BRDA:33,0,0,6
BRDA:33,0,1,1
BRDA:35,1,0,2
BRDA:35,1,1,1
BRDA:35,1,2,1
BRDA:35,1,3,2
BRDA:35,1,4,1
BRDA:35,1,5,1
BRDA:66,2,0,6
BRDA:66,2,1,3
BRDA:68,3,0,1
BRDA:68,3,1,2
BRDA:68,4,0,3
BRDA:68,4,1,1
BRDA:75,5,0,1
BRDA:75,5,1,6
BRDA:91,6,0,4
BRDA:91,6,1,0
BRDA:118,7,0,24
BRDA:118,7,1,31
BRDA:119,8,0,18
BRDA:119,8,1,6
BRDA:119,9,0,24
BRDA:119,9,1,18
BRDA:124,10,0,24
BRDA:124,10,1,0
BRDA:127,11,0,0
BRDA:127,11,1,31
BRDA:127,12,0,31
BRDA:127,12,1,0
BRDA:127,12,2,0
BRDA:129,13,0,0
BRDA:129,13,1,31
BRDA:129,14,0,31
BRDA:129,14,1,31
BRDA:130,15,0,0
BRDA:130,15,1,0
BRDA:130,16,0,0
BRDA:130,16,1,0
BRDA:136,17,0,30
BRDA:136,17,1,1
BRDA:136,18,0,31
BRDA:136,18,1,30
BRDA:139,19,0,30
BRDA:139,19,1,0
BRDA:148,20,0,1
BRDA:148,20,1,6
BRDA:166,21,0,0
BRDA:166,21,1,0
BRDA:189,22,0,5
BRDA:189,22,1,40
BRDA:191,23,0,5
BRDA:191,23,1,0
BRDA:213,24,0,6
BRDA:213,24,1,39
BRDA:218,25,0,3
BRDA:218,25,1,4
BRDA:236,26,0,0
BRDA:236,26,1,0
BRDA:262,27,0,27
BRDA:262,27,1,17
BRDA:264,28,0,27
BRDA:264,28,1,0
BRDA:267,29,0,11
BRDA:267,29,1,6
BRDA:272,30,0,33
BRDA:272,30,1,0
BRDA:272,31,0,33
BRDA:272,31,1,33
BRDA:276,32,0,11
BRDA:276,32,1,0
BRDA:279,33,0,2
BRDA:279,33,1,4
BRDA:284,34,0,3
BRDA:284,34,1,7
BRDA:328,35,0,0
BRDA:328,35,1,0
BRDA:347,36,0,1
BRDA:347,36,1,12
BRDA:350,37,0,1
BRDA:350,37,1,12
BRDA:353,38,0,1
BRDA:353,38,1,12
BRDA:357,39,0,34
BRDA:357,39,1,3
BRDA:359,40,0,14
BRDA:359,40,1,7
BRDA:362,41,0,13
BRDA:362,41,1,8
BRDA:377,42,0,18
BRDA:377,42,1,15
BRDA:378,43,0,18
BRDA:378,43,1,15
BRDA:379,44,0,18
BRDA:379,44,1,15
BRDA:383,45,0,18
BRDA:383,45,1,12
BRF:97
BRH:76
end_of_record
TN:
SF:services/CabinetGenerator.ts
FN:46,(anonymous_0)
FN:53,(anonymous_1)
FN:58,(anonymous_2)
FN:67,(anonymous_3)
FN:71,(anonymous_4)
FN:77,(anonymous_5)
FN:97,(anonymous_6)
FN:114,(anonymous_7)
FN:119,(anonymous_8)
FN:136,(anonymous_9)
FN:166,(anonymous_10)
FN:176,(anonymous_11)
FN:186,(anonymous_12)
FN:209,(anonymous_13)
FN:227,(anonymous_14)
FN:229,(anonymous_15)
FN:233,(anonymous_16)
FN:253,(anonymous_17)
FN:254,(anonymous_18)
FN:296,(anonymous_19)
FN:298,(anonymous_20)
FN:301,(anonymous_21)
FN:302,(anonymous_22)
FN:303,(anonymous_23)
FN:365,(anonymous_24)
FN:376,(anonymous_25)
FN:377,(anonymous_26)
FN:396,(anonymous_27)
FN:414,(anonymous_28)
FN:450,(anonymous_29)
FN:485,(anonymous_30)
FN:555,(anonymous_31)
FN:564,(anonymous_32)
FN:567,(anonymous_33)
FN:568,(anonymous_34)
FN:573,(anonymous_35)
FN:574,(anonymous_36)
FN:576,(anonymous_37)
FN:592,(anonymous_38)
FN:611,(anonymous_39)
FN:631,(anonymous_40)
FN:634,(anonymous_41)
FN:635,(anonymous_42)
FN:665,(anonymous_43)
FN:672,(anonymous_44)
FN:679,(anonymous_45)
FN:686,(anonymous_46)
FN:690,(anonymous_47)
FN:704,(anonymous_48)
FN:716,(anonymous_49)
FN:728,(anonymous_50)
FN:774,(anonymous_51)
FN:911,(anonymous_52)
FN:987,(anonymous_53)
FN:1032,(anonymous_54)
FN:1033,(anonymous_55)
FN:1079,(anonymous_56)
FN:1084,(anonymous_57)
FN:1099,(anonymous_58)
FN:1108,(anonymous_59)
FN:1146,(anonymous_60)
FN:1149,(anonymous_61)
FN:1158,(anonymous_62)
FN:1162,(anonymous_63)
FN:1239,(anonymous_64)
FN:1259,(anonymous_65)
FN:1300,(anonymous_66)
FN:1301,(anonymous_67)
FN:1308,(anonymous_68)
FN:1310,(anonymous_69)
FN:1327,(anonymous_70)
FNF:71
FNH:60
FNDA:1964,(anonymous_0)
FNDA:71,(anonymous_1)
FNDA:106,(anonymous_2)
FNDA:4,(anonymous_3)
FNDA:1,(anonymous_4)
FNDA:4,(anonymous_5)
FNDA:71,(anonymous_6)
FNDA:1,(anonymous_7)
FNDA:69,(anonymous_8)
FNDA:24,(anonymous_9)
FNDA:27,(anonymous_10)
FNDA:13,(anonymous_11)
FNDA:4,(anonymous_12)
FNDA:4,(anonymous_13)
FNDA:4,(anonymous_14)
FNDA:24,(anonymous_15)
FNDA:4,(anonymous_16)
FNDA:51,(anonymous_17)
FNDA:482,(anonymous_18)
FNDA:37,(anonymous_19)
FNDA:350,(anonymous_20)
FNDA:350,(anonymous_21)
FNDA:350,(anonymous_22)
FNDA:350,(anonymous_23)
FNDA:24,(anonymous_24)
FNDA:28,(anonymous_25)
FNDA:242,(anonymous_26)
FNDA:39,(anonymous_27)
FNDA:157,(anonymous_28)
FNDA:106,(anonymous_29)
FNDA:54,(anonymous_30)
FNDA:5,(anonymous_31)
FNDA:7,(anonymous_32)
FNDA:7,(anonymous_33)
FNDA:12,(anonymous_34)
FNDA:8,(anonymous_35)
FNDA:7,(anonymous_36)
FNDA:8,(anonymous_37)
FNDA:15,(anonymous_38)
FNDA:4,(anonymous_39)
FNDA:8,(anonymous_40)
FNDA:8,(anonymous_41)
FNDA:12,(anonymous_42)
FNDA:11,(anonymous_43)
FNDA:0,(anonymous_44)
FNDA:2,(anonymous_45)
FNDA:3,(anonymous_46)
FNDA:5,(anonymous_47)
FNDA:5,(anonymous_48)
FNDA:8,(anonymous_49)
FNDA:6,(anonymous_50)
FNDA:39,(anonymous_51)
FNDA:39,(anonymous_52)
FNDA:40,(anonymous_53)
FNDA:0,(anonymous_54)
FNDA:0,(anonymous_55)
FNDA:39,(anonymous_56)
FNDA:0,(anonymous_57)
FNDA:0,(anonymous_58)
FNDA:74,(anonymous_59)
FNDA:151,(anonymous_60)
FNDA:302,(anonymous_61)
FNDA:0,(anonymous_62)
FNDA:0,(anonymous_63)
FNDA:78,(anonymous_64)
FNDA:0,(anonymous_65)
FNDA:38,(anonymous_66)
FNDA:38,(anonymous_67)
FNDA:0,(anonymous_68)
FNDA:0,(anonymous_69)
FNDA:0,(anonymous_70)
DA:2,4
DA:3,4
DA:4,4
DA:5,4
DA:8,4
DA:19,4
DA:23,4
DA:35,4
DA:46,1964
DA:54,71
DA:55,71
DA:56,71
DA:59,106
DA:60,102
DA:61,102
DA:63,4
DA:64,4
DA:68,4
DA:72,1
DA:73,1
DA:74,1
DA:78,4
DA:79,4
DA:80,4
DA:89,4
DA:94,71
DA:95,71
DA:98,71
DA:100,71
DA:101,0
DA:104,71
DA:105,1
DA:108,70
DA:109,0
DA:112,70
DA:113,70
DA:114,1
DA:115,1
DA:118,69
DA:119,69
DA:120,69
DA:121,1
DA:124,68
DA:125,68
DA:126,68
DA:127,68
DA:138,24
DA:141,24
DA:144,24
DA:145,24
DA:148,24
DA:149,24
DA:150,24
DA:153,24
DA:155,24
DA:167,27
DA:168,27
DA:177,13
DA:178,13
DA:187,4
DA:190,4
DA:191,24
DA:195,4
DA:196,4
DA:199,4
DA:202,4
DA:211,4
DA:212,24
DA:213,24
DA:216,108
DA:217,108
DA:229,24
DA:231,4
DA:232,2
DA:233,4
DA:237,2
DA:238,24
DA:239,24
DA:240,108
DA:242,0
DA:254,482
DA:279,51
DA:297,37
DA:298,350
DA:301,350
DA:302,350
DA:303,350
DA:305,37
DA:308,37
DA:309,35
DA:318,37
DA:319,35
DA:320,35
DA:331,37
DA:332,70
DA:337,70
DA:348,37
DA:349,35
DA:359,37
DA:366,24
DA:367,24
DA:368,218
DA:370,24
DA:377,28
DA:378,242
DA:379,242
DA:380,242
DA:388,0
DA:397,39
DA:398,39
DA:399,39
DA:402,39
DA:405,39
DA:408,37
DA:411,3
DA:416,157
DA:417,0
DA:421,157
DA:422,4
DA:425,153
DA:427,39
DA:432,114
DA:433,38
DA:437,76
DA:438,76
DA:441,0
DA:451,106
DA:452,106
DA:454,106
DA:455,4
DA:456,4
DA:457,4
DA:459,4
DA:460,4
DA:462,4
DA:469,4
DA:472,106
DA:497,54
DA:501,54
DA:504,54
DA:505,54
DA:510,54
DA:513,54
DA:514,54
DA:518,54
DA:523,54
DA:524,54
DA:525,54
DA:529,54
DA:530,54
DA:531,54
DA:532,54
DA:534,54
DA:537,54
DA:538,54
DA:539,54
DA:540,54
DA:541,54
DA:543,54
DA:556,5
DA:558,5
DA:565,7
DA:567,7
DA:568,7
DA:569,12
DA:572,5
DA:573,8
DA:574,7
DA:576,8
DA:577,1
DA:581,5
DA:582,5
DA:583,1
DA:587,5
DA:588,0
DA:592,15
DA:593,5
DA:594,5
DA:596,5
DA:597,5
DA:602,7
DA:613,4
DA:616,4
DA:619,4
DA:620,4
DA:623,4
DA:625,4
DA:632,8
DA:634,8
DA:635,12
DA:637,4
DA:638,4
DA:639,4
DA:640,4
DA:641,4
DA:644,4
DA:645,1
DA:649,4
DA:650,2
DA:654,4
DA:655,1
DA:659,8
DA:666,11
DA:673,0
DA:680,2
DA:687,3
DA:691,5
DA:695,5
DA:696,5
DA:697,5
DA:700,5
DA:701,5
DA:704,5
DA:706,5
DA:707,1
DA:711,5
DA:712,0
DA:716,8
DA:718,2
DA:719,0
DA:722,2
DA:723,1
DA:728,6
DA:729,3
DA:730,3
DA:731,3
DA:732,1
DA:738,5
DA:739,5
DA:740,0
DA:744,5
DA:745,5
DA:746,5
DA:747,5
DA:748,5
DA:751,5
DA:752,1
DA:756,5
DA:757,2
DA:759,0
DA:760,0
DA:761,0
DA:762,0
DA:768,5
DA:769,5
DA:771,5
DA:775,39
DA:777,39
DA:778,39
DA:779,39
DA:780,39
DA:783,39
DA:784,39
DA:787,39
DA:790,39
DA:793,39
DA:795,39
DA:798,39
DA:799,39
DA:800,39
DA:801,39
DA:804,39
DA:806,39
DA:815,39
DA:816,39
DA:818,39
DA:819,39
DA:821,39
DA:822,39
DA:824,39
DA:827,39
DA:828,3
DA:829,3
DA:830,3
DA:834,39
DA:835,39
DA:837,39
DA:839,39
DA:845,39
DA:846,0
DA:849,39
DA:850,38
DA:851,38
DA:852,38
DA:853,38
DA:855,38
DA:856,38
DA:858,39
DA:861,39
DA:863,39
DA:870,39
DA:871,0
DA:874,39
DA:875,39
DA:876,39
DA:877,39
DA:878,39
DA:880,39
DA:881,39
DA:882,39
DA:883,39
DA:884,39
DA:886,39
DA:889,39
DA:890,14
DA:891,14
DA:893,14
DA:894,14
DA:895,14
DA:896,14
DA:898,14
DA:899,14
DA:900,14
DA:903,14
DA:907,39
DA:908,39
DA:909,39
DA:911,39
DA:913,39
DA:914,38
DA:915,38
DA:926,38
DA:928,38
DA:929,38
DA:930,38
DA:931,38
DA:934,38
DA:935,38
DA:938,38
DA:939,38
DA:940,38
DA:941,38
DA:944,38
DA:948,39
DA:950,39
DA:951,0
DA:953,0
DA:954,0
DA:955,0
DA:956,0
DA:957,0
DA:958,0
DA:959,0
DA:962,0
DA:964,0
DA:966,0
DA:967,0
DA:968,0
DA:970,0
DA:971,0
DA:978,0
DA:979,0
DA:980,0
DA:982,0
DA:987,39
DA:988,40
DA:989,40
DA:990,40
DA:991,40
DA:992,40
DA:994,40
DA:995,0
DA:996,0
DA:1000,40
DA:1001,40
DA:1003,40
DA:1004,0
DA:1005,0
DA:1016,0
DA:1019,0
DA:1020,0
DA:1021,0
DA:1022,0
DA:1023,0
DA:1024,0
DA:1025,0
DA:1027,0
DA:1028,0
DA:1029,0
DA:1031,0
DA:1032,0
DA:1033,0
DA:1035,0
DA:1036,0
DA:1038,0
DA:1039,0
DA:1040,0
DA:1041,0
DA:1042,0
DA:1045,39
DA:1050,39
DA:1052,39
DA:1053,38
DA:1054,38
DA:1056,38
DA:1057,16
DA:1058,16
DA:1059,16
DA:1060,16
DA:1061,32
DA:1062,32
DA:1065,22
DA:1068,1
DA:1069,1
DA:1070,1
DA:1074,39
DA:1076,39
DA:1080,39
DA:1082,37
DA:1083,37
DA:1084,37
DA:1086,37
DA:1087,37
DA:1089,37
DA:1090,0
DA:1091,0
DA:1092,0
DA:1093,0
DA:1094,0
DA:1095,0
DA:1096,0
DA:1097,0
DA:1098,0
DA:1099,0
DA:1101,37
DA:1102,37
DA:1103,37
DA:1104,37
DA:1105,37
DA:1106,37
DA:1107,37
DA:1108,74
DA:1111,37
DA:1112,74
DA:1113,74
DA:1115,74
DA:1117,74
DA:1118,0
DA:1119,0
DA:1120,0
DA:1121,0
DA:1123,74
DA:1126,74
DA:1136,74
DA:1137,74
DA:1138,74
DA:1140,74
DA:1141,302
DA:1142,302
DA:1144,302
DA:1145,302
DA:1146,151
DA:1147,151
DA:1148,151
DA:1149,302
DA:1150,151
DA:1154,74
DA:1159,0
DA:1160,0
DA:1161,0
DA:1162,0
DA:1164,0
DA:1166,0
DA:1169,0
DA:1171,0
DA:1172,0
DA:1173,0
DA:1179,0
DA:1180,0
DA:1182,0
DA:1183,0
DA:1196,0
DA:1199,0
DA:1200,0
DA:1201,0
DA:1203,0
DA:1211,0
DA:1212,0
DA:1214,0
DA:1215,0
DA:1217,0
DA:1218,0
DA:1219,0
DA:1220,0
DA:1221,0
DA:1223,0
DA:1225,0
DA:1226,0
DA:1227,0
DA:1229,0
DA:1236,0
DA:1241,78
DA:1242,78
DA:1244,78
DA:1245,0
DA:1248,0
DA:1250,0
DA:1253,0
DA:1255,0
DA:1261,0
DA:1262,0
DA:1264,0
DA:1265,0
DA:1267,0
DA:1268,0
DA:1270,0
DA:1271,0
DA:1272,0
DA:1275,0
DA:1276,0
DA:1279,0
DA:1281,0
DA:1282,0
DA:1283,0
DA:1286,0
DA:1288,0
DA:1289,0
DA:1291,0
DA:1293,0
DA:1294,0
DA:1295,0
DA:1296,0
DA:1301,38
DA:1302,38
DA:1303,38
DA:1308,4
DA:1309,0
DA:1310,0
DA:1311,0
DA:1312,0
DA:1313,0
DA:1314,0
DA:1316,0
DA:1327,0
DA:1329,0
DA:1330,0
DA:1331,0
DA:1332,0
DA:1333,0
DA:1335,0
DA:1336,0
DA:1337,0
DA:1339,0
DA:1343,0
DA:1344,0
DA:1345,0
DA:1346,0
DA:1348,0
DA:1349,0
DA:1352,0
DA:1353,0
DA:1354,0
DA:1355,0
DA:1359,0
DA:1360,0
DA:1361,0
DA:1363,0
DA:1364,0
DA:1367,0
DA:1371,0
LF:560
LH:389
BRDA:59,0,0,102
BRDA:59,0,1,4
BRDA:79,1,0,3
BRDA:79,1,1,1
BRDA:100,2,0,0
BRDA:100,2,1,71
BRDA:104,3,0,1
BRDA:104,3,1,70
BRDA:104,4,0,71
BRDA:104,4,1,71
BRDA:104,4,2,71
BRDA:108,5,0,0
BRDA:108,5,1,70
BRDA:108,6,0,70
BRDA:108,6,1,70
BRDA:108,6,2,70
BRDA:113,7,0,1
BRDA:113,7,1,69
BRDA:118,8,0,69
BRDA:118,8,1,6
BRDA:120,9,0,1
BRDA:120,9,1,68
BRDA:212,10,0,24
BRDA:212,10,1,0
BRDA:212,11,0,24
BRDA:212,11,1,24
BRDA:216,12,0,108
BRDA:216,12,1,12
BRDA:217,13,0,108
BRDA:217,13,1,0
BRDA:229,14,0,24
BRDA:229,14,1,14
BRDA:231,15,0,2
BRDA:231,15,1,2
BRDA:233,16,0,2
BRDA:233,16,1,0
BRDA:238,17,0,24
BRDA:238,17,1,0
BRDA:240,18,0,0
BRDA:240,18,1,108
BRDA:261,19,0,482
BRDA:261,19,1,0
BRDA:301,20,0,350
BRDA:301,20,1,199
BRDA:302,21,0,350
BRDA:302,21,1,199
BRDA:302,21,2,164
BRDA:308,22,0,35
BRDA:308,22,1,2
BRDA:318,23,0,35
BRDA:318,23,1,2
BRDA:332,24,0,35
BRDA:332,24,1,35
BRDA:334,25,0,23
BRDA:334,25,1,12
BRDA:340,26,0,70
BRDA:340,26,1,0
BRDA:348,27,0,35
BRDA:348,27,1,2
BRDA:352,28,0,35
BRDA:352,28,1,0
BRDA:379,29,0,242
BRDA:379,29,1,0
BRDA:402,30,0,0
BRDA:402,30,1,39
BRDA:405,31,0,2
BRDA:405,31,1,37
BRDA:408,32,0,34
BRDA:408,32,1,3
BRDA:414,33,0,40
BRDA:416,34,0,0
BRDA:416,34,1,157
BRDA:416,35,0,157
BRDA:416,35,1,157
BRDA:416,35,2,157
BRDA:421,36,0,4
BRDA:421,36,1,153
BRDA:425,37,0,39
BRDA:425,37,1,114
BRDA:432,38,0,38
BRDA:432,38,1,76
BRDA:437,39,0,76
BRDA:437,39,1,0
BRDA:437,40,0,76
BRDA:437,40,1,38
BRDA:454,41,0,4
BRDA:454,41,1,102
BRDA:456,42,0,4
BRDA:456,42,1,0
BRDA:457,43,0,0
BRDA:457,43,1,4
BRDA:458,44,0,4
BRDA:458,44,1,0
BRDA:459,45,0,4
BRDA:459,45,1,0
BRDA:489,46,0,43
BRDA:497,47,0,54
BRDA:497,47,1,0
BRDA:529,48,0,2
BRDA:529,48,1,52
BRDA:530,49,0,2
BRDA:530,49,1,52
BRDA:538,50,0,10
BRDA:538,50,1,44
BRDA:539,51,0,2
BRDA:539,51,1,52
BRDA:540,52,0,0
BRDA:540,52,1,54
BRDA:541,53,0,0
BRDA:541,53,1,54
BRDA:555,54,0,5
BRDA:556,55,0,5
BRDA:556,55,1,0
BRDA:569,56,0,7
BRDA:569,56,1,5
BRDA:574,57,0,7
BRDA:574,57,1,0
BRDA:576,58,0,1
BRDA:576,58,1,4
BRDA:581,59,0,5
BRDA:581,59,1,0
BRDA:582,60,0,1
BRDA:582,60,1,4
BRDA:587,61,0,0
BRDA:587,61,1,5
BRDA:592,62,0,5
BRDA:592,62,1,0
BRDA:596,63,0,5
BRDA:596,63,1,0
BRDA:611,64,0,0
BRDA:635,65,0,4
BRDA:635,65,1,4
BRDA:644,66,0,1
BRDA:644,66,1,3
BRDA:649,67,0,2
BRDA:649,67,1,2
BRDA:654,68,0,1
BRDA:654,68,1,3
BRDA:665,69,0,0
BRDA:672,70,0,0
BRDA:695,71,0,1
BRDA:695,71,1,4
BRDA:696,72,0,1
BRDA:696,72,1,4
BRDA:697,73,0,0
BRDA:697,73,1,5
BRDA:700,74,0,1
BRDA:700,74,1,4
BRDA:701,75,0,1
BRDA:701,75,1,4
BRDA:706,76,0,1
BRDA:706,76,1,4
BRDA:711,77,0,0
BRDA:711,77,1,5
BRDA:716,78,0,2
BRDA:716,78,1,3
BRDA:718,79,0,0
BRDA:718,79,1,2
BRDA:722,80,0,1
BRDA:722,80,1,1
BRDA:728,81,0,3
BRDA:728,81,1,2
BRDA:729,82,0,3
BRDA:729,82,1,0
BRDA:731,83,0,1
BRDA:731,83,1,2
BRDA:738,84,0,5
BRDA:738,84,1,0
BRDA:739,85,0,0
BRDA:739,85,1,5
BRDA:739,86,0,5
BRDA:739,86,1,0
BRDA:744,87,0,5
BRDA:744,87,1,0
BRDA:746,88,0,5
BRDA:746,88,1,0
BRDA:747,89,0,5
BRDA:747,89,1,0
BRDA:751,90,0,1
BRDA:751,90,1,4
BRDA:756,91,0,2
BRDA:756,91,1,3
BRDA:759,92,0,0
BRDA:759,92,1,0
BRDA:761,93,0,0
BRDA:761,93,1,0
BRDA:780,94,0,25
BRDA:780,94,1,14
BRDA:784,95,0,38
BRDA:784,95,1,1
BRDA:787,96,0,0
BRDA:787,96,1,39
BRDA:787,97,0,37
BRDA:787,97,1,2
BRDA:790,98,0,37
BRDA:790,98,1,2
BRDA:800,99,0,25
BRDA:800,99,1,14
BRDA:801,100,0,38
BRDA:801,100,1,1
BRDA:808,101,0,39
BRDA:808,101,1,0
BRDA:808,102,0,39
BRDA:808,102,1,0
BRDA:827,103,0,3
BRDA:827,103,1,36
BRDA:834,104,0,38
BRDA:834,104,1,1
BRDA:835,105,0,38
BRDA:835,105,1,1
BRDA:839,106,0,38
BRDA:839,106,1,1
BRDA:841,107,0,39
BRDA:841,107,1,0
BRDA:841,108,0,39
BRDA:841,108,1,0
BRDA:842,109,0,38
BRDA:842,109,1,1
BRDA:842,110,0,38
BRDA:842,110,1,1
BRDA:845,111,0,0
BRDA:845,111,1,39
BRDA:849,112,0,38
BRDA:849,112,1,1
BRDA:849,113,0,39
BRDA:849,113,1,38
BRDA:865,114,0,39
BRDA:865,114,1,0
BRDA:865,115,0,39
BRDA:865,115,1,0
BRDA:870,116,0,0
BRDA:870,116,1,39
BRDA:874,117,0,39
BRDA:874,117,1,0
BRDA:889,118,0,14
BRDA:889,118,1,25
BRDA:890,119,0,14
BRDA:890,119,1,0
BRDA:890,120,0,14
BRDA:890,120,1,0
BRDA:891,121,0,14
BRDA:891,121,1,0
BRDA:891,122,0,14
BRDA:891,122,1,0
BRDA:893,123,0,14
BRDA:893,123,1,0
BRDA:896,124,0,13
BRDA:896,124,1,1
BRDA:900,125,0,13
BRDA:900,125,1,1
BRDA:913,126,0,38
BRDA:913,126,1,1
BRDA:919,127,0,38
BRDA:919,127,1,0
BRDA:919,128,0,38
BRDA:919,128,1,0
BRDA:926,129,0,38
BRDA:926,129,1,0
BRDA:939,130,0,38
BRDA:939,130,1,0
BRDA:950,131,0,0
BRDA:950,131,1,39
BRDA:951,132,0,0
BRDA:951,132,1,0
BRDA:951,133,0,0
BRDA:951,133,1,0
BRDA:953,134,0,0
BRDA:953,134,1,0
BRDA:964,135,0,0
BRDA:964,135,1,0
BRDA:970,136,0,0
BRDA:970,136,1,0
BRDA:975,137,0,0
BRDA:975,137,1,0
BRDA:975,138,0,0
BRDA:975,138,1,0
BRDA:978,139,0,0
BRDA:978,139,1,0
BRDA:988,140,0,40
BRDA:988,140,1,0
BRDA:991,141,0,40
BRDA:991,141,1,0
BRDA:991,142,0,40
BRDA:991,142,1,0
BRDA:994,143,0,0
BRDA:994,143,1,40
BRDA:1000,144,0,40
BRDA:1000,144,1,25
BRDA:1003,145,0,0
BRDA:1003,145,1,40
BRDA:1003,146,0,40
BRDA:1003,146,1,0
BRDA:1010,147,0,0
BRDA:1010,147,1,0
BRDA:1010,148,0,0
BRDA:1010,148,1,0
BRDA:1019,149,0,0
BRDA:1019,149,1,0
BRDA:1022,150,0,0
BRDA:1022,150,1,0
BRDA:1023,151,0,0
BRDA:1023,151,1,0
BRDA:1031,152,0,0
BRDA:1031,152,1,0
BRDA:1031,153,0,0
BRDA:1031,153,1,0
BRDA:1031,153,2,0
BRDA:1032,154,0,0
BRDA:1032,154,1,0
BRDA:1032,154,2,0
BRDA:1033,155,0,0
BRDA:1033,155,1,0
BRDA:1033,155,2,0
BRDA:1035,156,0,0
BRDA:1035,156,1,0
BRDA:1036,157,0,0
BRDA:1036,157,1,0
BRDA:1038,158,0,0
BRDA:1038,158,1,0
BRDA:1039,159,0,0
BRDA:1039,159,1,0
BRDA:1041,160,0,0
BRDA:1041,160,1,0
BRDA:1041,161,0,0
BRDA:1041,161,1,0
BRDA:1052,162,0,38
BRDA:1052,162,1,1
BRDA:1054,163,0,37
BRDA:1054,163,1,1
BRDA:1056,164,0,16
BRDA:1056,164,1,22
BRDA:1080,165,0,2
BRDA:1080,165,1,37
BRDA:1082,166,0,37
BRDA:1082,166,1,0
BRDA:1086,167,0,37
BRDA:1086,167,1,37
BRDA:1087,168,0,37
BRDA:1087,168,1,23
BRDA:1089,169,0,0
BRDA:1089,169,1,37
BRDA:1102,170,0,36
BRDA:1102,170,1,1
BRDA:1112,171,0,0
BRDA:1112,171,1,74
BRDA:1112,172,0,0
BRDA:1112,172,1,0
BRDA:1117,173,0,0
BRDA:1117,173,1,74
BRDA:1127,174,0,0
BRDA:1127,174,1,74
BRDA:1131,175,0,0
BRDA:1131,175,1,74
BRDA:1136,176,0,74
BRDA:1136,176,1,0
BRDA:1137,177,0,2
BRDA:1137,177,1,72
BRDA:1137,178,0,4
BRDA:1137,178,1,68
BRDA:1137,179,0,66
BRDA:1137,179,1,2
BRDA:1137,180,0,2
BRDA:1137,180,1,0
BRDA:1144,181,0,302
BRDA:1144,181,1,0
BRDA:1145,182,0,151
BRDA:1145,182,1,151
BRDA:1148,183,0,151
BRDA:1148,183,1,0
BRDA:1160,184,0,0
BRDA:1160,184,1,0
BRDA:1162,185,0,0
BRDA:1162,185,1,0
BRDA:1164,186,0,0
BRDA:1164,186,1,0
BRDA:1172,187,0,0
BRDA:1172,187,1,0
BRDA:1172,188,0,0
BRDA:1172,188,1,0
BRDA:1172,188,2,0
BRDA:1179,189,0,0
BRDA:1179,189,1,0
BRDA:1180,190,0,0
BRDA:1180,190,1,0
BRDA:1186,191,0,0
BRDA:1186,191,1,0
BRDA:1186,192,0,0
BRDA:1186,192,1,0
BRDA:1204,193,0,0
BRDA:1204,193,1,0
BRDA:1205,194,0,0
BRDA:1205,194,1,0
BRDA:1206,195,0,0
BRDA:1206,195,1,0
BRDA:1244,196,0,0
BRDA:1244,196,1,78
BRDA:1244,197,0,78
BRDA:1244,197,1,78
BRDA:1270,198,0,0
BRDA:1270,198,1,0
BRDA:1286,199,0,0
BRDA:1286,199,1,0
BRDA:1293,200,0,0
BRDA:1293,200,1,0
BRDA:1302,201,0,38
BRDA:1302,201,1,0
BRDA:1303,202,0,38
BRDA:1303,202,1,38
BRDA:1312,203,0,0
BRDA:1312,203,1,0
BRDA:1313,204,0,0
BRDA:1313,204,1,0
BRDA:1335,205,0,0
BRDA:1335,205,1,0
BRDA:1336,206,0,0
BRDA:1336,206,1,0
BRDA:1337,207,0,0
BRDA:1337,207,1,0
BRDA:1339,208,0,0
BRDA:1339,208,1,0
BRDA:1339,209,0,0
BRDA:1339,209,1,0
BRDA:1339,209,2,0
BRDA:1348,210,0,0
BRDA:1348,210,1,0
BRDA:1348,211,0,0
BRDA:1348,211,1,0
BRDA:1349,212,0,0
BRDA:1349,212,1,0
BRDA:1349,213,0,0
BRDA:1349,213,1,0
BRDA:1354,214,0,0
BRDA:1354,214,1,0
BRDA:1354,215,0,0
BRDA:1354,215,1,0
BRDA:1355,216,0,0
BRDA:1355,216,1,0
BRDA:1355,217,0,0
BRDA:1355,217,1,0
BRDA:1361,218,0,0
BRDA:1361,218,1,0
BRDA:1361,219,0,0
BRDA:1361,219,1,0
BRDA:1361,219,2,0
BRDA:1361,219,3,0
BRDA:1364,220,0,0
BRDA:1364,220,1,0
BRF:447
BRH:244
end_of_record
TN:
SF:services/CabinetOptimizer.ts
FN:47,(anonymous_0)
FN:56,(anonymous_1)
FN:73,(anonymous_2)
FN:107,(anonymous_3)
FN:138,(anonymous_4)
FN:182,(anonymous_5)
FN:199,(anonymous_6)
FN:224,(anonymous_7)
FN:245,(anonymous_8)
FN:291,(anonymous_9)
FN:305,(anonymous_10)
FNF:11
FNH:11
FNDA:30,(anonymous_0)
FNDA:28,(anonymous_1)
FNDA:362,(anonymous_2)
FNDA:4959,(anonymous_3)
FNDA:28,(anonymous_4)
FNDA:5208,(anonymous_5)
FNDA:1320,(anonymous_6)
FNDA:2311,(anonymous_7)
FNDA:5626,(anonymous_8)
FNDA:28,(anonymous_9)
FNDA:5654,(anonymous_10)
DA:9,1
DA:10,1
DA:11,1
DA:12,1
DA:41,1
DA:45,30
DA:48,30
DA:49,30
DA:50,30
DA:62,28
DA:64,28
DA:65,28
DA:66,28
DA:67,28
DA:69,28
DA:70,28
DA:72,28
DA:73,362
DA:75,28
DA:77,28
DA:78,241
DA:80,241
DA:81,2604
DA:82,2604
DA:84,2604
DA:85,2604
DA:87,2604
DA:88,1320
DA:91,2604
DA:92,1146
DA:94,2604
DA:95,1165
DA:98,2604
DA:99,2604
DA:101,2604
DA:102,2604
DA:103,2596
DA:107,4959
DA:109,241
DA:110,241
DA:111,1
DA:114,241
DA:117,28
DA:118,28
DA:119,28
DA:121,28
DA:143,28
DA:145,28
DA:146,390
DA:155,390
DA:163,390
DA:164,390
DA:166,390
DA:176,28
DA:183,5208
DA:184,5208
DA:186,5208
DA:187,20060
DA:188,20060
DA:189,0
DA:193,5208
DA:200,1320
DA:209,1320
DA:218,1320
DA:225,2311
DA:226,2311
DA:227,2311
DA:229,2311
DA:252,5626
DA:253,5626
DA:255,5626
DA:256,5626
DA:257,5626
DA:259,5626
DA:260,5626
DA:262,5626
DA:263,0
DA:264,0
DA:267,5626
DA:269,4054
DA:270,4054
DA:272,51
DA:273,51
DA:275,51
DA:276,51
DA:278,1470
DA:279,1470
DA:282,5626
DA:284,0
DA:292,28
DA:306,5654
DA:308,5654
DA:309,5654
DA:310,1258
DA:312,5654
DA:313,1258
DA:317,5654
LF:97
LH:93
BRDA:64,0,0,28
BRDA:64,0,1,2
BRDA:65,1,0,28
BRDA:65,1,1,2
BRDA:66,2,0,28
BRDA:66,2,1,2
BRDA:67,3,0,28
BRDA:67,3,1,2
BRDA:73,4,0,0
BRDA:73,4,1,362
BRDA:87,5,0,1320
BRDA:87,5,1,1284
BRDA:91,6,0,1146
BRDA:91,6,1,1458
BRDA:94,7,0,1165
BRDA:94,7,1,1439
BRDA:102,8,0,2596
BRDA:102,8,1,8
BRDA:110,9,0,1
BRDA:110,9,1,240
BRDA:147,10,0,390
BRDA:147,10,1,140
BRDA:188,11,0,0
BRDA:188,11,1,20060
BRDA:201,12,0,669
BRDA:201,12,1,651
BRDA:202,13,0,645
BRDA:202,13,1,675
BRDA:203,14,0,671
BRDA:203,14,1,649
BRDA:204,15,0,672
BRDA:204,15,1,648
BRDA:205,16,0,658
BRDA:205,16,1,662
BRDA:206,17,0,663
BRDA:206,17,1,657
BRDA:210,18,0,803
BRDA:210,18,1,517
BRDA:211,19,0,774
BRDA:211,19,1,546
BRDA:212,20,0,803
BRDA:212,20,1,517
BRDA:213,21,0,810
BRDA:213,21,1,510
BRDA:214,22,0,785
BRDA:214,22,1,535
BRDA:215,23,0,793
BRDA:215,23,1,527
BRDA:226,24,0,2311
BRDA:226,24,1,2166
BRDA:227,25,0,2311
BRDA:227,25,1,2166
BRDA:262,26,0,0
BRDA:262,26,1,5626
BRDA:262,27,0,5626
BRDA:262,27,1,5626
BRDA:267,28,0,4054
BRDA:267,28,1,51
BRDA:267,28,2,51
BRDA:267,28,3,1470
BRDA:293,29,0,28
BRDA:293,29,1,0
BRDA:294,30,0,28
BRDA:294,30,1,0
BRDA:295,31,0,28
BRDA:295,31,1,0
BRDA:296,32,0,28
BRDA:296,32,1,0
BRDA:308,33,0,5654
BRDA:308,33,1,0
BRDA:309,34,0,1258
BRDA:309,34,1,4396
BRDA:312,35,0,1258
BRDA:312,35,1,4396
BRF:74
BRH:66
end_of_record
TN:
SF:services/ConstraintSolver.ts
FN:65,(anonymous_0)
FN:77,(anonymous_1)
FN:147,(anonymous_2)
FN:209,(anonymous_3)
FN:225,(anonymous_4)
FN:228,(anonymous_5)
FN:279,(anonymous_6)
FN:280,(anonymous_7)
FN:295,(anonymous_8)
FN:314,(anonymous_9)
FN:358,(anonymous_10)
FN:428,(anonymous_11)
FN:448,(anonymous_12)
FNF:13
FNH:12
FNDA:121,(anonymous_0)
FNDA:76,(anonymous_1)
FNDA:237,(anonymous_2)
FNDA:11,(anonymous_3)
FNDA:35,(anonymous_4)
FNDA:67,(anonymous_5)
FNDA:2,(anonymous_6)
FNDA:7,(anonymous_7)
FNDA:73,(anonymous_8)
FNDA:25305,(anonymous_9)
FNDA:46,(anonymous_10)
FNDA:46,(anonymous_11)
FNDA:0,(anonymous_12)
DA:11,7
DA:56,7
DA:57,121
DA:58,121
DA:59,121
DA:60,121
DA:82,76
DA:83,4
DA:84,4
DA:85,4
DA:88,76
DA:89,76
DA:92,76
DA:93,3
DA:105,73
DA:106,73
DA:107,73
DA:108,73
DA:111,73
DA:112,73
DA:114,73
DA:117,73
DA:118,73
DA:119,373
DA:120,373
DA:121,373
DA:122,373
DA:126,73
DA:128,73
DA:129,0
DA:133,73
DA:134,27
DA:138,46
DA:139,0
DA:140,0
DA:144,46
DA:147,237
DA:149,46
DA:151,46
DA:155,0
DA:156,0
DA:157,0
DA:158,0
DA:159,0
DA:162,0
DA:163,0
DA:166,0
DA:167,0
DA:173,0
DA:176,0
DA:180,73
DA:181,373
DA:182,373
DA:186,73
DA:187,73
DA:189,73
DA:193,73
DA:210,11
DA:211,11
DA:212,11
DA:213,11
DA:215,11
DA:216,1
DA:219,11
DA:220,4
DA:224,11
DA:225,35
DA:226,1
DA:228,67
DA:229,2
DA:235,11
DA:236,11
DA:237,11
DA:239,11
DA:240,24
DA:241,5
DA:243,19
DA:248,11
DA:250,11
DA:253,11
DA:254,2
DA:259,11
DA:260,1
DA:263,11
DA:264,5
DA:267,11
DA:280,2
DA:281,7
DA:282,7
DA:300,73
DA:302,73
DA:303,373
DA:304,373
DA:307,73
DA:319,25305
DA:321,25305
DA:324,2142
DA:325,2142
DA:326,2142
DA:327,2142
DA:330,23119
DA:331,23119
DA:332,23119
DA:333,23119
DA:334,23119
DA:335,23119
DA:339,38
DA:340,38
DA:341,38
DA:342,38
DA:343,38
DA:350,6
DA:363,46
DA:364,46
DA:365,46
DA:367,46
DA:370,46
DA:371,237
DA:374,237
DA:375,12276
DA:376,12276
DA:379,12276
DA:380,12276
DA:382,12276
DA:383,0
DA:391,12276
DA:392,12276
DA:393,8184
DA:394,4092
DA:396,12276
DA:397,12276
DA:399,12276
DA:400,12276
DA:402,12276
DA:403,0
DA:410,12276
DA:411,12276
DA:412,0
DA:417,12276
DA:421,46
DA:429,46
DA:430,46
DA:433,46
DA:434,46
DA:435,46
DA:437,0
DA:438,0
DA:439,0
DA:442,0
DA:443,0
DA:448,0
DA:449,0
DA:452,0
DA:454,0
DA:455,0
DA:456,0
DA:457,0
DA:462,0
DA:463,0
DA:466,0
DA:467,0
DA:471,0
DA:472,0
DA:474,0
DA:475,0
DA:478,0
DA:479,0
DA:481,0
DA:482,0
DA:486,0
DA:488,0
DA:489,0
DA:495,0
DA:496,0
DA:497,0
DA:498,0
DA:499,0
DA:501,0
DA:502,0
DA:506,0
DA:507,0
DA:510,0
DA:512,0
DA:513,0
DA:517,0
LF:185
LH:128
BRDA:82,0,0,4
BRDA:82,0,1,72
BRDA:83,1,0,4
BRDA:83,1,1,0
BRDA:84,2,0,4
BRDA:84,2,1,0
BRDA:85,3,0,4
BRDA:85,3,1,4
BRDA:89,4,0,76
BRDA:89,4,1,0
BRDA:92,5,0,3
BRDA:92,5,1,73
BRDA:112,6,0,73
BRDA:112,6,1,73
BRDA:119,7,0,373
BRDA:119,7,1,0
BRDA:121,8,0,373
BRDA:121,8,1,0
BRDA:128,9,0,0
BRDA:128,9,1,73
BRDA:133,10,0,27
BRDA:133,10,1,46
BRDA:138,11,0,0
BRDA:138,11,1,46
BRDA:149,12,0,46
BRDA:149,12,1,0
BRDA:157,13,0,0
BRDA:157,13,1,0
BRDA:158,14,0,0
BRDA:158,14,1,0
BRDA:159,15,0,0
BRDA:159,15,1,0
BRDA:162,16,0,0
BRDA:162,16,1,0
BRDA:162,17,0,0
BRDA:162,17,1,0
BRDA:162,17,2,0
BRDA:166,18,0,0
BRDA:166,18,1,0
BRDA:182,19,0,373
BRDA:182,19,1,0
BRDA:186,20,0,73
BRDA:186,20,1,0
BRDA:187,21,0,73
BRDA:187,21,1,27
BRDA:189,22,0,27
BRDA:189,22,1,46
BRDA:191,23,0,0
BRDA:191,23,1,46
BRDA:210,24,0,11
BRDA:210,24,1,0
BRDA:211,25,0,11
BRDA:211,25,1,0
BRDA:215,26,0,1
BRDA:215,26,1,10
BRDA:219,27,0,4
BRDA:219,27,1,7
BRDA:225,28,0,1
BRDA:225,28,1,23
BRDA:225,29,0,24
BRDA:225,29,1,24
BRDA:228,30,0,2
BRDA:228,30,1,22
BRDA:228,31,0,24
BRDA:228,31,1,19
BRDA:240,32,0,5
BRDA:240,32,1,19
BRDA:253,33,0,2
BRDA:253,33,1,9
BRDA:253,34,0,11
BRDA:253,34,1,6
BRDA:259,35,0,1
BRDA:259,35,1,10
BRDA:259,36,0,11
BRDA:259,36,1,2
BRDA:263,37,0,5
BRDA:263,37,1,6
BRDA:263,38,0,11
BRDA:263,38,1,9
BRDA:280,39,0,2
BRDA:280,39,1,0
BRDA:286,40,0,3
BRDA:286,40,1,4
BRDA:304,41,0,373
BRDA:304,41,1,0
BRDA:319,42,0,25305
BRDA:319,42,1,2
BRDA:321,43,0,2142
BRDA:321,43,1,23119
BRDA:321,43,2,38
BRDA:321,43,3,2
BRDA:321,43,4,4
BRDA:321,43,5,6
BRDA:321,43,6,6
BRDA:330,44,0,23119
BRDA:330,44,1,0
BRDA:335,45,0,23119
BRDA:335,45,1,0
BRDA:339,46,0,38
BRDA:339,46,1,2
BRDA:380,47,0,12276
BRDA:380,47,1,0
BRDA:382,48,0,0
BRDA:382,48,1,12276
BRDA:382,49,0,12276
BRDA:382,49,1,12276
BRDA:382,49,2,12276
BRDA:392,50,0,4092
BRDA:392,50,1,8184
BRDA:393,51,0,4092
BRDA:393,51,1,4092
BRDA:402,52,0,0
BRDA:402,52,1,12276
BRDA:402,53,0,12276
BRDA:402,53,1,12276
BRDA:411,54,0,0
BRDA:411,54,1,12276
BRDA:430,55,0,0
BRDA:430,55,1,46
BRDA:434,56,0,46
BRDA:434,56,1,0
BRDA:438,57,0,0
BRDA:438,57,1,0
BRDA:442,58,0,0
BRDA:442,58,1,0
BRDA:456,59,0,0
BRDA:456,59,1,0
BRDA:466,60,0,0
BRDA:466,60,1,0
BRDA:474,61,0,0
BRDA:474,61,1,0
BRDA:481,62,0,0
BRDA:481,62,1,0
BRDA:488,63,0,0
BRDA:488,63,1,0
BRDA:501,64,0,0
BRDA:501,64,1,0
BRDA:506,65,0,0
BRDA:506,65,1,0
BRDA:512,66,0,0
BRDA:512,66,1,0
BRF:141
BRH:85
end_of_record
TN:
SF:services/DFMValidator.ts
FN:55,(anonymous_0)
FN:66,(anonymous_1)
FN:89,(anonymous_2)
FN:104,(anonymous_3)
FN:115,(anonymous_4)
FN:116,(anonymous_5)
FN:119,(anonymous_6)
FN:120,(anonymous_7)
FN:121,(anonymous_8)
FN:135,(anonymous_9)
FN:136,(anonymous_10)
FN:137,(anonymous_11)
FN:148,(anonymous_12)
FN:175,(anonymous_13)
FN:182,(anonymous_14)
FN:183,(anonymous_15)
FN:231,(anonymous_16)
FN:233,(anonymous_17)
FN:252,(anonymous_18)
FN:271,(anonymous_19)
FN:290,(anonymous_20)
FN:309,(anonymous_21)
FN:328,(anonymous_22)
FN:347,(anonymous_23)
FN:366,(anonymous_24)
FN:385,(anonymous_25)
FN:404,(anonymous_26)
FN:423,(anonymous_27)
FN:442,(anonymous_28)
FN:461,(anonymous_29)
FN:482,(anonymous_30)
FN:501,(anonymous_31)
FN:522,(anonymous_32)
FN:530,(anonymous_33)
FN:535,(anonymous_34)
FN:536,(anonymous_35)
FN:539,(anonymous_36)
FN:545,(anonymous_37)
FN:549,(anonymous_38)
FN:553,(anonymous_39)
FN:557,(anonymous_40)
FN:560,(anonymous_41)
FN:564,(anonymous_42)
FN:570,(anonymous_43)
FN:574,(anonymous_44)
FN:578,(anonymous_45)
FN:592,(anonymous_46)
FN:597,(anonymous_47)
FN:605,(anonymous_48)
FN:610,(anonymous_49)
FN:614,(anonymous_50)
FN:619,(anonymous_51)
FN:626,(anonymous_52)
FN:630,(anonymous_53)
FN:634,(anonymous_54)
FNF:55
FNH:54
FNDA:6,(anonymous_0)
FNDA:66,(anonymous_1)
FNDA:32,(anonymous_2)
FNDA:12,(anonymous_3)
FNDA:270,(anonymous_4)
FNDA:270,(anonymous_5)
FNDA:270,(anonymous_6)
FNDA:270,(anonymous_7)
FNDA:270,(anonymous_8)
FNDA:5,(anonymous_9)
FNDA:1,(anonymous_10)
FNDA:0,(anonymous_11)
FNDA:15,(anonymous_12)
FNDA:12,(anonymous_13)
FNDA:5,(anonymous_14)
FNDA:1,(anonymous_15)
FNDA:66,(anonymous_16)
FNDA:32,(anonymous_17)
FNDA:32,(anonymous_18)
FNDA:32,(anonymous_19)
FNDA:32,(anonymous_20)
FNDA:32,(anonymous_21)
FNDA:32,(anonymous_22)
FNDA:32,(anonymous_23)
FNDA:32,(anonymous_24)
FNDA:32,(anonymous_25)
FNDA:32,(anonymous_26)
FNDA:32,(anonymous_27)
FNDA:32,(anonymous_28)
FNDA:32,(anonymous_29)
FNDA:32,(anonymous_30)
FNDA:32,(anonymous_31)
FNDA:32,(anonymous_32)
FNDA:32,(anonymous_33)
FNDA:32,(anonymous_34)
FNDA:50,(anonymous_35)
FNDA:32,(anonymous_36)
FNDA:62,(anonymous_37)
FNDA:32,(anonymous_38)
FNDA:32,(anonymous_39)
FNDA:32,(anonymous_40)
FNDA:50,(anonymous_41)
FNDA:32,(anonymous_42)
FNDA:50,(anonymous_43)
FNDA:32,(anonymous_44)
FNDA:32,(anonymous_45)
FNDA:30,(anonymous_46)
FNDA:32,(anonymous_47)
FNDA:32,(anonymous_48)
FNDA:32,(anonymous_49)
FNDA:32,(anonymous_50)
FNDA:991,(anonymous_51)
FNDA:1,(anonymous_52)
FNDA:37,(anonymous_53)
FNDA:2,(anonymous_54)
DA:6,2
DA:50,2
DA:51,66
DA:56,6
DA:68,66
DA:83,66
DA:90,32
DA:93,32
DA:94,480
DA:95,480
DA:98,32
DA:105,12
DA:106,12
DA:109,12
DA:111,12
DA:112,12
DA:115,270
DA:116,270
DA:119,270
DA:120,270
DA:121,270
DA:124,12
DA:126,12
DA:129,12
DA:131,12
DA:135,5
DA:136,1
DA:137,0
DA:152,15
DA:154,15
DA:156,18
DA:157,18
DA:160,18
DA:161,3
DA:167,3
DA:179,12
DA:182,12
DA:183,12
DA:185,12
DA:186,1
DA:191,12
DA:192,3
DA:197,12
DA:198,1
DA:203,12
DA:204,0
DA:209,12
DA:210,0
DA:215,12
DA:216,0
DA:221,12
DA:222,9
DA:225,12
DA:233,66
DA:234,32
DA:235,32
DA:237,32
DA:252,66
DA:253,32
DA:254,32
DA:256,32
DA:271,66
DA:272,32
DA:273,32
DA:275,32
DA:290,66
DA:291,32
DA:292,32
DA:294,32
DA:309,66
DA:310,32
DA:311,32
DA:313,32
DA:328,66
DA:329,32
DA:330,32
DA:332,32
DA:347,66
DA:348,32
DA:349,32
DA:351,32
DA:366,66
DA:367,32
DA:368,32
DA:370,32
DA:385,66
DA:386,32
DA:387,32
DA:389,32
DA:404,66
DA:405,32
DA:406,32
DA:408,32
DA:423,66
DA:424,32
DA:425,32
DA:427,32
DA:442,66
DA:443,32
DA:444,32
DA:446,32
DA:461,66
DA:462,32
DA:463,32
DA:465,32
DA:482,66
DA:483,32
DA:484,32
DA:486,32
DA:501,66
DA:502,32
DA:503,32
DA:505,32
DA:523,32
DA:524,31
DA:525,31
DA:526,31
DA:527,31
DA:532,32
DA:536,50
DA:540,32
DA:541,31
DA:542,31
DA:543,31
DA:544,31
DA:545,62
DA:546,31
DA:550,32
DA:554,32
DA:558,32
DA:560,50
DA:565,32
DA:566,31
DA:567,31
DA:568,31
DA:569,31
DA:570,50
DA:571,31
DA:575,32
DA:579,32
DA:580,30
DA:582,30
DA:583,30
DA:584,30
DA:585,30
DA:586,30
DA:588,30
DA:589,30
DA:593,30
DA:594,30
DA:598,32
DA:599,31
DA:600,31
DA:601,31
DA:602,31
DA:606,32
DA:607,32
DA:611,32
DA:615,32
DA:616,32
DA:623,991
DA:627,1
DA:631,37
DA:635,2
LF:164
LH:160
BRDA:119,0,0,270
BRDA:119,0,1,6
BRDA:120,1,0,270
BRDA:120,1,1,6
BRDA:121,2,0,270
BRDA:121,2,1,6
BRDA:126,3,0,11
BRDA:126,3,1,1
BRDA:152,4,0,0
BRDA:152,4,1,15
BRDA:160,5,0,3
BRDA:160,5,1,15
BRDA:160,6,0,18
BRDA:160,6,1,18
BRDA:185,7,0,1
BRDA:185,7,1,11
BRDA:191,8,0,3
BRDA:191,8,1,9
BRDA:197,9,0,1
BRDA:197,9,1,11
BRDA:203,10,0,0
BRDA:203,10,1,12
BRDA:209,11,0,0
BRDA:209,11,1,12
BRDA:215,12,0,0
BRDA:215,12,1,12
BRDA:221,13,0,9
BRDA:221,13,1,3
BRDA:242,14,0,31
BRDA:242,14,1,1
BRDA:243,15,0,31
BRDA:243,15,1,1
BRDA:247,16,0,31
BRDA:247,16,1,1
BRDA:254,17,0,32
BRDA:254,17,1,32
BRDA:261,18,0,25
BRDA:261,18,1,7
BRDA:262,19,0,25
BRDA:262,19,1,7
BRDA:266,20,0,25
BRDA:266,20,1,7
BRDA:280,21,0,31
BRDA:280,21,1,1
BRDA:281,22,0,31
BRDA:281,22,1,1
BRDA:285,23,0,31
BRDA:285,23,1,1
BRDA:299,24,0,32
BRDA:299,24,1,0
BRDA:300,25,0,32
BRDA:300,25,1,0
BRDA:304,26,0,32
BRDA:304,26,1,0
BRDA:318,27,0,32
BRDA:318,27,1,0
BRDA:319,28,0,32
BRDA:319,28,1,0
BRDA:323,29,0,32
BRDA:323,29,1,0
BRDA:337,30,0,32
BRDA:337,30,1,0
BRDA:338,31,0,32
BRDA:338,31,1,0
BRDA:342,32,0,32
BRDA:342,32,1,0
BRDA:356,33,0,32
BRDA:356,33,1,0
BRDA:357,34,0,32
BRDA:357,34,1,0
BRDA:361,35,0,32
BRDA:361,35,1,0
BRDA:375,36,0,32
BRDA:375,36,1,0
BRDA:376,37,0,32
BRDA:376,37,1,0
BRDA:380,38,0,32
BRDA:380,38,1,0
BRDA:394,39,0,32
BRDA:394,39,1,0
BRDA:395,40,0,32
BRDA:395,40,1,0
BRDA:399,41,0,32
BRDA:399,41,1,0
BRDA:405,42,0,32
BRDA:405,42,1,7
BRDA:413,43,0,32
BRDA:413,43,1,0
BRDA:414,44,0,32
BRDA:414,44,1,0
BRDA:418,45,0,32
BRDA:418,45,1,0
BRDA:425,46,0,32
BRDA:425,46,1,30
BRDA:432,47,0,30
BRDA:432,47,1,2
BRDA:433,48,0,30
BRDA:433,48,1,2
BRDA:434,49,0,30
BRDA:434,49,1,0
BRDA:435,50,0,2
BRDA:435,50,1,2
BRDA:436,51,0,32
BRDA:436,51,1,2
BRDA:437,52,0,30
BRDA:437,52,1,2
BRDA:451,53,0,31
BRDA:451,53,1,1
BRDA:452,54,0,31
BRDA:452,54,1,1
BRDA:455,55,0,31
BRDA:455,55,1,1
BRDA:456,56,0,31
BRDA:456,56,1,1
BRDA:470,57,0,32
BRDA:470,57,1,0
BRDA:471,58,0,32
BRDA:471,58,1,0
BRDA:474,59,0,32
BRDA:474,59,1,0
BRDA:475,60,0,32
BRDA:475,60,1,0
BRDA:491,61,0,32
BRDA:491,61,1,0
BRDA:492,62,0,32
BRDA:492,62,1,0
BRDA:495,63,0,32
BRDA:495,63,1,0
BRDA:496,64,0,32
BRDA:496,64,1,0
BRDA:510,65,0,32
BRDA:510,65,1,0
BRDA:511,66,0,32
BRDA:511,66,1,0
BRDA:514,67,0,32
BRDA:514,67,1,0
BRDA:515,68,0,32
BRDA:515,68,1,0
BRDA:523,69,0,1
BRDA:523,69,1,31
BRDA:525,70,0,31
BRDA:525,70,1,0
BRDA:526,71,0,31
BRDA:526,71,1,0
BRDA:532,72,0,32
BRDA:532,72,1,31
BRDA:536,73,0,32
BRDA:536,73,1,31
BRDA:540,74,0,1
BRDA:540,74,1,31
BRDA:542,75,0,31
BRDA:542,75,1,0
BRDA:543,76,0,31
BRDA:543,76,1,0
BRDA:544,77,0,31
BRDA:544,77,1,0
BRDA:546,78,0,31
BRDA:546,78,1,0
BRDA:559,79,0,32
BRDA:559,79,1,31
BRDA:565,80,0,1
BRDA:565,80,1,31
BRDA:567,81,0,31
BRDA:567,81,1,0
BRDA:568,82,0,31
BRDA:568,82,1,0
BRDA:570,83,0,31
BRDA:570,83,1,31
BRDA:571,84,0,31
BRDA:571,84,1,0
BRDA:579,85,0,2
BRDA:579,85,1,30
BRDA:580,86,0,0
BRDA:580,86,1,30
BRDA:583,87,0,30
BRDA:583,87,1,0
BRDA:584,88,0,30
BRDA:584,88,1,0
BRDA:585,89,0,30
BRDA:585,89,1,0
BRDA:588,90,0,30
BRDA:588,90,1,0
BRDA:598,91,0,1
BRDA:598,91,1,31
BRDA:600,92,0,31
BRDA:600,92,1,0
BRDA:601,93,0,31
BRDA:601,93,1,0
BRDA:602,94,0,31
BRDA:602,94,1,31
BRDA:606,95,0,32
BRDA:606,95,1,7
BRDA:615,96,0,32
BRDA:615,96,1,7
BRF:194
BRH:140
end_of_record
TN:
SF:services/FEAIntegration.ts
FN:19,(anonymous_0)
FN:44,(anonymous_1)
FN:115,(anonymous_2)
FN:195,(anonymous_3)
FN:198,(anonymous_4)
FN:215,(anonymous_5)
FN:235,(anonymous_6)
FN:250,(anonymous_7)
FN:252,(anonymous_8)
FN:256,(anonymous_9)
FN:268,(anonymous_10)
FN:270,(anonymous_11)
FN:286,(anonymous_12)
FN:290,(anonymous_13)
FN:294,(anonymous_14)
FN:307,(anonymous_15)
FN:321,(anonymous_16)
FN:338,(anonymous_17)
FN:341,(anonymous_18)
FN:347,(anonymous_19)
FN:362,(anonymous_20)
FN:364,(anonymous_21)
FN:401,(anonymous_22)
FN:422,(anonymous_23)
FN:432,(anonymous_24)
FN:442,(anonymous_25)
FN:443,(anonymous_26)
FNF:27
FNH:27
FNDA:55,(anonymous_0)
FNDA:55,(anonymous_1)
FNDA:33,(anonymous_2)
FNDA:13915,(anonymous_3)
FNDA:15378,(anonymous_4)
FNDA:9,(anonymous_5)
FNDA:9375,(anonymous_6)
FNDA:42,(anonymous_7)
FNDA:18753,(anonymous_8)
FNDA:67180,(anonymous_9)
FNDA:9,(anonymous_10)
FNDA:3375,(anonymous_11)
FNDA:16795,(anonymous_12)
FNDA:67180,(anonymous_13)
FNDA:201540,(anonymous_14)
FNDA:13915,(anonymous_15)
FNDA:19675,(anonymous_16)
FNDA:9,(anonymous_17)
FNDA:11520,(anonymous_18)
FNDA:33,(anonymous_19)
FNDA:33,(anonymous_20)
FNDA:15286,(anonymous_21)
FNDA:9,(anonymous_22)
FNDA:187500,(anonymous_23)
FNDA:1000,(anonymous_24)
FNDA:1500,(anonymous_25)
FNDA:562500,(anonymous_26)
DA:19,1
DA:20,55
DA:28,55
DA:36,55
DA:45,55
DA:46,55
DA:48,55
DA:49,2
DA:52,53
DA:53,53
DA:54,53
DA:56,53
DA:57,53
DA:58,53
DA:60,53
DA:61,53
DA:62,53
DA:64,53
DA:65,53
DA:67,53
DA:68,339
DA:69,339
DA:70,2589
DA:71,2589
DA:72,25539
DA:80,25539
DA:85,53
DA:86,286
DA:87,1964
DA:88,18736
DA:89,18736
DA:90,18736
DA:91,18736
DA:92,18736
DA:93,18736
DA:94,18736
DA:95,18736
DA:97,18736
DA:98,18736
DA:99,18736
DA:100,18736
DA:101,18736
DA:106,53
DA:120,33
DA:121,33
DA:122,33
DA:124,33
DA:125,33
DA:127,33
DA:128,33
DA:129,33
DA:131,33
DA:132,33
DA:133,15378
DA:134,15378
DA:135,16023
DA:136,16023
DA:137,16023
DA:138,92
DA:139,92
DA:142,15378
DA:143,15286
DA:145,92
DA:149,33
DA:150,15378
DA:151,15286
DA:152,15286
DA:153,7668639
DA:154,7624864
DA:157,15286
DA:158,15286
DA:162,33
DA:163,33
DA:164,33
DA:165,33
DA:166,15378
DA:167,15286
DA:171,33
DA:172,33
DA:173,33
DA:174,5126
DA:175,5126
DA:176,5126
DA:177,5126
DA:178,5126
DA:179,5126
DA:182,33
DA:183,33
DA:184,33
DA:185,13915
DA:186,13915
DA:187,13915
DA:190,33
DA:191,33
DA:192,33
DA:193,33
DA:195,13915
DA:196,33
DA:198,15378
DA:200,33
DA:220,9
DA:221,9
DA:222,9
DA:224,9
DA:226,9
DA:227,9
DA:228,25
DA:229,25
DA:230,25
DA:235,9375
DA:243,9
DA:251,42
DA:252,18753
DA:254,42
DA:255,16795
DA:256,67180
DA:258,16795
DA:259,201540
DA:260,2418480
DA:265,42
DA:269,9
DA:270,3375
DA:272,9
DA:273,9
DA:274,9
DA:275,9
DA:277,9
DA:278,1125
DA:279,1125
DA:280,1125
DA:283,9
DA:287,16795
DA:288,16795
DA:290,67180
DA:291,16795
DA:293,16795
DA:294,201540
DA:296,16795
DA:297,16795
DA:298,201540
DA:299,201540
DA:300,1108470
DA:304,16795
DA:308,13915
DA:309,13915
DA:311,13915
DA:312,13915
DA:313,55660
DA:314,55660
DA:317,13915
DA:318,13915
DA:322,19675
DA:324,19675
DA:325,19675
DA:326,19675
DA:328,19675
DA:334,19675
DA:335,19675
DA:339,9
DA:340,9
DA:341,11520
DA:342,2880
DA:344,9
DA:348,33
DA:350,33
DA:351,34
DA:352,34
DA:353,34
DA:354,34
DA:355,34
DA:359,33
DA:363,33
DA:364,15286
DA:365,33
DA:367,33
DA:368,15286
DA:369,15286
DA:370,3804789
DA:371,0
DA:375,15286
DA:376,15286
DA:378,15286
DA:380,15286
DA:381,3804789
DA:382,3804789
DA:383,1361829394
DA:385,3804789
DA:389,33
DA:390,33
DA:391,15286
DA:392,15286
DA:393,3804789
DA:395,15286
DA:398,33
DA:402,9
DA:403,9
DA:405,9
DA:406,25
DA:407,25
DA:409,25
DA:410,500
DA:411,500
DA:413,500
DA:415,500
DA:416,500
DA:417,187500
DA:420,500
DA:421,500
DA:422,187500
DA:426,25
DA:429,9
DA:433,1000
DA:434,1000
DA:435,375000
DA:436,140625000
DA:439,1000
DA:443,562500
LF:217
LH:216
BRDA:44,0,0,0
BRDA:48,1,0,2
BRDA:48,1,1,53
BRDA:53,2,0,53
BRDA:53,2,1,0
BRDA:54,3,0,53
BRDA:54,3,1,0
BRDA:56,4,0,53
BRDA:56,4,1,0
BRDA:57,5,0,53
BRDA:57,5,1,0
BRDA:58,6,0,53
BRDA:58,6,1,0
BRDA:137,7,0,92
BRDA:137,7,1,15931
BRDA:137,8,0,16023
BRDA:137,8,1,102
BRDA:142,9,0,15286
BRDA:142,9,1,92
BRDA:150,10,0,15286
BRDA:150,10,1,92
BRDA:153,11,0,7624864
BRDA:153,11,1,43775
BRDA:166,12,0,15286
BRDA:166,12,1,92
BRDA:179,13,0,32
BRDA:179,13,1,5094
BRDA:187,14,0,32
BRDA:187,14,1,13883
BRDA:190,15,0,33
BRDA:190,15,1,1
BRDA:191,16,0,33
BRDA:191,16,1,1
BRDA:193,17,0,32
BRDA:193,17,1,1
BRDA:218,18,0,0
BRDA:232,19,0,25
BRDA:232,19,1,0
BRDA:233,20,0,25
BRDA:233,20,1,0
BRDA:236,21,0,9375
BRDA:236,21,1,6250
BRDA:237,22,0,9375
BRDA:237,22,1,6250
BRDA:238,23,0,9375
BRDA:238,23,1,6250
BRDA:272,24,0,9
BRDA:272,24,1,0
BRDA:287,25,0,16795
BRDA:287,25,1,320
BRDA:288,26,0,16795
BRDA:288,26,1,320
BRDA:308,27,0,13915
BRDA:308,27,1,320
BRDA:309,28,0,13915
BRDA:309,28,1,320
BRDA:322,29,0,0
BRDA:322,29,1,19675
BRDA:335,30,0,19675
BRDA:335,30,1,0
BRDA:352,31,0,34
BRDA:352,31,1,0
BRDA:370,32,0,0
BRDA:370,32,1,3804789
BRDA:378,33,0,0
BRDA:378,33,1,15286
BRDA:395,34,0,15286
BRDA:395,34,1,0
BRDA:421,35,0,500
BRDA:421,35,1,0
BRF:70
BRH:53
end_of_record
TN:
SF:services/HierarchyManager.ts
FN:62,(anonymous_0)
FN:63,(anonymous_1)
FN:98,(anonymous_2)
FN:105,(anonymous_3)
FN:112,(anonymous_4)
FN:113,(anonymous_5)
FN:133,(anonymous_6)
FN:139,(anonymous_7)
FN:142,(anonymous_8)
FN:158,(anonymous_9)
FN:160,(anonymous_10)
FN:166,(anonymous_11)
FN:168,(anonymous_12)
FN:174,(anonymous_13)
FN:177,(anonymous_14)
FN:183,(anonymous_15)
FN:185,(anonymous_16)
FN:191,(anonymous_17)
FN:202,(anonymous_18)
FN:213,(anonymous_19)
FN:218,(anonymous_20)
FN:223,(anonymous_21)
FN:229,(anonymous_22)
FN:234,(anonymous_23)
FN:252,(anonymous_24)
FN:268,(anonymous_25)
FN:286,(anonymous_26)
FN:301,(anonymous_27)
FN:308,(anonymous_28)
FN:310,(anonymous_29)
FN:316,(anonymous_30)
FN:317,(anonymous_31)
FN:336,(anonymous_32)
FN:356,(anonymous_33)
FN:371,(anonymous_34)
FN:375,(anonymous_35)
FN:402,(anonymous_36)
FN:414,(anonymous_37)
FN:422,(anonymous_38)
FNF:39
FNH:33
FNDA:9,(anonymous_0)
FNDA:21,(anonymous_1)
FNDA:2,(anonymous_2)
FNDA:3,(anonymous_3)
FNDA:2,(anonymous_4)
FNDA:6,(anonymous_5)
FNDA:2,(anonymous_6)
FNDA:24,(anonymous_7)
FNDA:72,(anonymous_8)
FNDA:2,(anonymous_9)
FNDA:6,(anonymous_10)
FNDA:2,(anonymous_11)
FNDA:6,(anonymous_12)
FNDA:2,(anonymous_13)
FNDA:6,(anonymous_14)
FNDA:8,(anonymous_15)
FNDA:20,(anonymous_16)
FNDA:2,(anonymous_17)
FNDA:2,(anonymous_18)
FNDA:2,(anonymous_19)
FNDA:6,(anonymous_20)
FNDA:0,(anonymous_21)
FNDA:2,(anonymous_22)
FNDA:0,(anonymous_23)
FNDA:0,(anonymous_24)
FNDA:2,(anonymous_25)
FNDA:2,(anonymous_26)
FNDA:8,(anonymous_27)
FNDA:2,(anonymous_28)
FNDA:6,(anonymous_29)
FNDA:2,(anonymous_30)
FNDA:6,(anonymous_31)
FNDA:1,(anonymous_32)
FNDA:0,(anonymous_33)
FNDA:0,(anonymous_34)
FNDA:0,(anonymous_35)
FNDA:2,(anonymous_36)
FNDA:2,(anonymous_37)
FNDA:4,(anonymous_38)
DA:6,1
DA:58,1
DA:63,9
DA:64,21
DA:65,21
DA:66,7
DA:69,14
DA:70,12
DA:71,12
DA:72,8
DA:76,6
DA:79,9
DA:80,9
DA:81,2
DA:84,7
DA:85,7
DA:87,7
DA:99,2
DA:100,2
DA:101,1
DA:104,1
DA:105,3
DA:113,2
DA:114,6
DA:116,6
DA:117,4
DA:118,4
DA:122,6
DA:133,2
DA:140,24
DA:142,24
DA:143,72
DA:144,72
DA:145,72
DA:146,48
DA:151,24
DA:152,24
DA:159,2
DA:160,6
DA:167,2
DA:168,6
DA:175,2
DA:176,2
DA:177,6
DA:184,8
DA:185,20
DA:192,2
DA:193,2
DA:194,1
DA:196,1
DA:203,2
DA:204,2
DA:205,1
DA:207,1
DA:214,2
DA:217,2
DA:218,6
DA:222,2
DA:223,0
DA:227,2
DA:228,1
DA:229,2
DA:233,2
DA:234,0
DA:235,0
DA:236,0
DA:237,0
DA:238,0
DA:242,2
DA:253,0
DA:254,0
DA:255,0
DA:256,0
DA:258,0
DA:259,0
DA:260,0
DA:262,0
DA:269,2
DA:270,2
DA:276,2
DA:277,6
DA:280,2
DA:287,2
DA:288,2
DA:290,2
DA:291,6
DA:292,6
DA:295,2
DA:302,8
DA:309,2
DA:310,6
DA:317,2
DA:318,6
DA:320,6
DA:321,6
DA:322,4
DA:323,4
DA:327,6
DA:330,2
DA:337,1
DA:338,1
DA:339,1
DA:340,1
DA:341,1
DA:343,1
DA:361,0
DA:362,0
DA:363,0
DA:367,0
DA:368,0
DA:369,0
DA:370,0
DA:371,0
DA:375,0
DA:379,0
DA:380,0
DA:381,0
DA:382,0
DA:383,0
DA:385,0
DA:386,0
DA:387,0
DA:391,0
DA:392,0
DA:393,0
DA:396,0
DA:403,2
DA:404,2
DA:405,1
DA:408,1
DA:415,2
DA:416,2
DA:417,0
DA:420,2
DA:422,2
DA:423,4
DA:424,2
DA:425,2
DA:426,2
DA:431,2
DA:432,2
LF:141
LH:105
BRDA:63,0,0,9
BRDA:65,1,0,7
BRDA:65,1,1,14
BRDA:69,2,0,12
BRDA:69,2,1,2
BRDA:69,3,0,14
BRDA:69,3,1,12
BRDA:71,4,0,8
BRDA:71,4,1,4
BRDA:80,5,0,2
BRDA:80,5,1,7
BRDA:85,6,0,4
BRDA:85,6,1,3
BRDA:100,7,0,1
BRDA:100,7,1,1
BRDA:113,8,0,2
BRDA:113,9,0,2
BRDA:116,10,0,4
BRDA:116,10,1,2
BRDA:116,11,0,6
BRDA:116,11,1,4
BRDA:145,12,0,48
BRDA:145,12,1,24
BRDA:145,13,0,72
BRDA:145,13,1,48
BRDA:185,14,0,8
BRDA:185,14,1,1
BRDA:193,15,0,1
BRDA:193,15,1,1
BRDA:193,16,0,2
BRDA:193,16,1,2
BRDA:204,17,0,1
BRDA:204,17,1,1
BRDA:204,18,0,2
BRDA:204,18,1,2
BRDA:217,19,0,2
BRDA:217,19,1,0
BRDA:222,20,0,0
BRDA:222,20,1,2
BRDA:227,21,0,1
BRDA:227,21,1,1
BRDA:233,22,0,0
BRDA:233,22,1,2
BRDA:233,23,0,2
BRDA:233,23,1,2
BRDA:236,24,0,0
BRDA:236,24,1,0
BRDA:237,25,0,0
BRDA:237,25,1,0
BRDA:238,26,0,0
BRDA:238,26,1,0
BRDA:253,27,0,0
BRDA:253,27,1,0
BRDA:254,28,0,0
BRDA:254,28,1,0
BRDA:255,29,0,0
BRDA:255,29,1,0
BRDA:256,30,0,0
BRDA:256,30,1,0
BRDA:291,31,0,6
BRDA:291,31,1,0
BRDA:292,32,0,6
BRDA:292,32,1,2
BRDA:302,33,0,8
BRDA:302,33,1,5
BRDA:317,34,0,2
BRDA:321,35,0,4
BRDA:321,35,1,2
BRDA:321,36,0,6
BRDA:321,36,1,4
BRDA:362,37,0,0
BRDA:362,37,1,0
BRDA:368,38,0,0
BRDA:368,38,1,0
BRDA:368,39,0,0
BRDA:368,39,1,0
BRDA:370,40,0,0
BRDA:370,40,1,0
BRDA:370,41,0,0
BRDA:370,41,1,0
BRDA:379,42,0,0
BRDA:379,42,1,0
BRDA:381,43,0,0
BRDA:381,43,1,0
BRDA:382,44,0,0
BRDA:382,44,1,0
BRDA:404,45,0,1
BRDA:404,45,1,1
BRDA:404,46,0,2
BRDA:404,46,1,2
BRDA:416,47,0,0
BRDA:416,47,1,2
BRDA:423,48,0,2
BRDA:423,48,1,2
BRF:94
BRH:59
end_of_record
TN:
SF:services/InputValidator.ts
FN:95,(anonymous_0)
FN:208,(anonymous_1)
FN:278,(anonymous_2)
FN:378,(anonymous_3)
FN:404,(anonymous_4)
FN:449,(anonymous_5)
FN:493,(anonymous_6)
FN:527,(anonymous_7)
FN:551,(anonymous_8)
FN:559,(anonymous_9)
FNF:10
FNH:4
FNDA:0,(anonymous_0)
FNDA:70,(anonymous_1)
FNDA:0,(anonymous_2)
FNDA:0,(anonymous_3)
FNDA:192,(anonymous_4)
FNDA:27,(anonymous_5)
FNDA:0,(anonymous_6)
FNDA:70,(anonymous_7)
FNDA:0,(anonymous_8)
FNDA:0,(anonymous_9)
DA:48,4
DA:91,4
DA:96,0
DA:97,0
DA:100,0
DA:101,0
DA:107,0
DA:108,0
DA:113,0
DA:114,0
DA:120,0
DA:121,0
DA:126,0
DA:127,0
DA:133,0
DA:134,0
DA:139,0
DA:140,0
DA:146,0
DA:149,0
DA:150,0
DA:156,0
DA:159,0
DA:160,0
DA:166,0
DA:170,0
DA:171,0
DA:172,0
DA:173,0
DA:178,0
DA:179,0
DA:188,0
DA:189,0
DA:197,0
DA:209,70
DA:210,70
DA:213,70
DA:214,64
DA:220,64
DA:224,70
DA:225,64
DA:231,64
DA:235,70
DA:236,64
DA:242,64
DA:246,70
DA:247,27
DA:252,27
DA:256,70
DA:257,64
DA:258,0
DA:267,70
DA:279,0
DA:280,0
DA:281,0
DA:284,0
DA:285,0
DA:286,0
DA:287,0
DA:294,0
DA:298,0
DA:299,0
DA:300,0
DA:301,0
DA:308,0
DA:309,0
DA:316,0
DA:317,0
DA:324,0
DA:326,0
DA:327,0
DA:328,0
DA:330,0
DA:331,0
DA:341,0
DA:342,0
DA:343,0
DA:344,0
DA:354,0
DA:355,0
DA:356,0
DA:358,0
DA:367,0
DA:379,0
DA:380,0
DA:381,0
DA:383,0
DA:384,0
DA:385,0
DA:386,0
DA:387,0
DA:388,0
DA:392,0
DA:410,192
DA:412,192
DA:413,192
DA:414,0
DA:420,0
DA:423,192
DA:424,1
DA:432,192
DA:433,0
DA:441,192
DA:454,27
DA:456,27
DA:457,0
DA:463,0
DA:466,27
DA:467,27
DA:468,0
DA:476,27
DA:477,0
DA:485,27
DA:494,0
DA:496,0
DA:497,0
DA:501,0
DA:505,0
DA:509,0
DA:513,0
DA:517,0
DA:521,0
DA:522,0
DA:524,0
DA:528,70
DA:530,70
DA:531,70
DA:535,70
DA:539,70
DA:543,70
DA:545,70
DA:552,0
DA:553,0
DA:560,0
DA:565,4
LF:135
LH:40
BRDA:100,0,0,0
BRDA:100,0,1,0
BRDA:107,1,0,0
BRDA:107,1,1,0
BRDA:113,2,0,0
BRDA:113,2,1,0
BRDA:120,3,0,0
BRDA:120,3,1,0
BRDA:126,4,0,0
BRDA:126,4,1,0
BRDA:133,5,0,0
BRDA:133,5,1,0
BRDA:139,6,0,0
BRDA:139,6,1,0
BRDA:146,7,0,0
BRDA:146,7,1,0
BRDA:149,8,0,0
BRDA:149,8,1,0
BRDA:156,9,0,0
BRDA:156,9,1,0
BRDA:159,10,0,0
BRDA:159,10,1,0
BRDA:166,11,0,0
BRDA:166,11,1,0
BRDA:170,12,0,0
BRDA:170,12,1,0
BRDA:172,13,0,0
BRDA:172,13,1,0
BRDA:178,14,0,0
BRDA:178,14,1,0
BRDA:178,15,0,0
BRDA:178,15,1,0
BRDA:188,16,0,0
BRDA:188,16,1,0
BRDA:188,17,0,0
BRDA:188,17,1,0
BRDA:213,18,0,64
BRDA:213,18,1,6
BRDA:220,19,0,0
BRDA:220,19,1,64
BRDA:224,20,0,64
BRDA:224,20,1,6
BRDA:231,21,0,0
BRDA:231,21,1,64
BRDA:235,22,0,64
BRDA:235,22,1,6
BRDA:242,23,0,1
BRDA:242,23,1,63
BRDA:246,24,0,27
BRDA:246,24,1,43
BRDA:252,25,0,0
BRDA:252,25,1,27
BRDA:256,26,0,64
BRDA:256,26,1,6
BRDA:257,27,0,0
BRDA:257,27,1,64
BRDA:257,28,0,64
BRDA:257,28,1,64
BRDA:284,29,0,0
BRDA:284,29,1,0
BRDA:285,30,0,0
BRDA:285,30,1,0
BRDA:285,31,0,0
BRDA:285,31,1,0
BRDA:286,32,0,0
BRDA:286,32,1,0
BRDA:298,33,0,0
BRDA:298,33,1,0
BRDA:300,34,0,0
BRDA:300,34,1,0
BRDA:308,35,0,0
BRDA:308,35,1,0
BRDA:308,36,0,0
BRDA:308,36,1,0
BRDA:316,37,0,0
BRDA:316,37,1,0
BRDA:316,38,0,0
BRDA:316,38,1,0
BRDA:326,39,0,0
BRDA:326,39,1,0
BRDA:327,40,0,0
BRDA:327,40,1,0
BRDA:330,41,0,0
BRDA:330,41,1,0
BRDA:330,42,0,0
BRDA:330,42,1,0
BRDA:341,43,0,0
BRDA:341,43,1,0
BRDA:343,44,0,0
BRDA:343,44,1,0
BRDA:343,45,0,0
BRDA:343,45,1,0
BRDA:354,46,0,0
BRDA:354,46,1,0
BRDA:387,47,0,0
BRDA:387,47,1,0
BRDA:413,48,0,0
BRDA:413,48,1,192
BRDA:423,49,0,1
BRDA:423,49,1,191
BRDA:432,50,0,0
BRDA:432,50,1,192
BRDA:456,51,0,0
BRDA:456,51,1,27
BRDA:467,52,0,0
BRDA:467,52,1,27
BRDA:476,53,0,0
BRDA:476,53,1,27
BRDA:496,54,0,0
BRDA:496,54,1,0
BRDA:497,55,0,0
BRDA:497,55,1,0
BRDA:499,56,0,0
BRDA:499,56,1,0
BRDA:501,57,0,0
BRDA:501,57,1,0
BRDA:503,58,0,0
BRDA:503,58,1,0
BRDA:505,59,0,0
BRDA:505,59,1,0
BRDA:507,60,0,0
BRDA:507,60,1,0
BRDA:509,61,0,0
BRDA:509,61,1,0
BRDA:511,62,0,0
BRDA:511,62,1,0
BRDA:513,63,0,0
BRDA:513,63,1,0
BRDA:515,64,0,0
BRDA:515,64,1,0
BRDA:517,65,0,0
BRDA:517,65,1,0
BRDA:519,66,0,0
BRDA:519,66,1,0
BRDA:521,67,0,0
BRDA:521,67,1,0
BRDA:522,68,0,0
BRDA:522,68,1,0
BRDA:530,69,0,27
BRDA:530,69,1,43
BRDA:531,70,0,64
BRDA:531,70,1,6
BRDA:533,71,0,64
BRDA:533,71,1,0
BRDA:535,72,0,64
BRDA:535,72,1,6
BRDA:537,73,0,64
BRDA:537,73,1,0
BRDA:539,74,0,64
BRDA:539,74,1,6
BRDA:541,75,0,64
BRDA:541,75,1,0
BRDA:543,76,0,64
BRDA:543,76,1,6
BRF:154
BRH:38
end_of_record
TN:
SF:services/IntegratedCADAnalyzer.ts
FN:44,(anonymous_0)
FN:52,(anonymous_1)
FN:99,(anonymous_2)
FN:100,(anonymous_3)
FN:113,(anonymous_4)
FN:141,(anonymous_5)
FN:161,(anonymous_6)
FN:165,(anonymous_7)
FN:176,(anonymous_8)
FN:276,(anonymous_9)
FN:282,(anonymous_10)
FN:290,(anonymous_11)
FN:303,(anonymous_12)
FN:322,exampleBasicAnalysis
FN:360,(anonymous_14)
FN:361,(anonymous_15)
FN:362,(anonymous_16)
FN:397,exampleHTMLReport
FN:434,(anonymous_18)
FN:435,(anonymous_19)
FN:436,(anonymous_20)
FN:456,exampleCustomDFMConfig
FNF:22
FNH:0
FNDA:0,(anonymous_0)
FNDA:0,(anonymous_1)
FNDA:0,(anonymous_2)
FNDA:0,(anonymous_3)
FNDA:0,(anonymous_4)
FNDA:0,(anonymous_5)
FNDA:0,(anonymous_6)
FNDA:0,(anonymous_7)
FNDA:0,(anonymous_8)
FNDA:0,(anonymous_9)
FNDA:0,(anonymous_10)
FNDA:0,(anonymous_11)
FNDA:0,(anonymous_12)
FNDA:0,exampleBasicAnalysis
FNDA:0,(anonymous_14)
FNDA:0,(anonymous_15)
FNDA:0,(anonymous_16)
FNDA:0,exampleHTMLReport
FNDA:0,(anonymous_18)
FNDA:0,(anonymous_19)
FNDA:0,(anonymous_20)
FNDA:0,exampleCustomDFMConfig
DA:7,0
DA:8,0
DA:9,0
DA:40,0
DA:45,0
DA:46,0
DA:53,0
DA:56,0
DA:57,0
DA:60,0
DA:63,0
DA:70,0
DA:71,0
DA:72,0
DA:76,0
DA:77,0
DA:78,0
DA:79,0
DA:81,0
DA:84,0
DA:86,0
DA:99,0
DA:100,0
DA:117,0
DA:120,0
DA:123,0
DA:124,0
DA:127,0
DA:128,0
DA:131,0
DA:132,0
DA:135,0
DA:142,0
DA:145,0
DA:148,0
DA:149,0
DA:153,0
DA:155,0
DA:162,0
DA:164,0
DA:165,0
DA:166,0
DA:170,0
DA:177,0
DA:179,0
DA:276,0
DA:282,0
DA:290,0
DA:304,0
DA:306,0
DA:308,0
DA:310,0
DA:312,0
DA:322,0
DA:323,0
DA:326,0
DA:360,0
DA:361,0
DA:362,0
DA:378,0
DA:380,0
DA:381,0
DA:382,0
DA:383,0
DA:384,0
DA:385,0
DA:386,0
DA:387,0
DA:388,0
DA:389,0
DA:391,0
DA:397,0
DA:398,0
DA:400,0
DA:434,0
DA:435,0
DA:436,0
DA:448,0
DA:450,0
DA:456,0
DA:457,0
DA:465,0
DA:468,0
DA:480,0
DA:481,0
LF:85
LH:0
BRDA:76,0,0,0
BRDA:76,0,1,0
BRDA:76,1,0,0
BRDA:76,1,1,0
BRDA:78,2,0,0
BRDA:78,2,1,0
BRDA:89,3,0,0
BRDA:89,3,1,0
BRDA:92,4,0,0
BRDA:92,4,1,0
BRDA:99,5,0,0
BRDA:99,5,1,0
BRDA:100,6,0,0
BRDA:100,6,1,0
BRDA:123,7,0,0
BRDA:123,7,1,0
BRDA:127,8,0,0
BRDA:127,8,1,0
BRDA:131,9,0,0
BRDA:131,9,1,0
BRDA:145,10,0,0
BRDA:145,10,1,0
BRDA:148,11,0,0
BRDA:148,11,1,0
BRDA:153,12,0,0
BRDA:153,12,1,0
BRDA:164,13,0,0
BRDA:164,13,1,0
BRDA:164,14,0,0
BRDA:164,14,1,0
BRDA:166,15,0,0
BRDA:166,15,1,0
BRDA:193,16,0,0
BRDA:193,16,1,0
BRDA:193,17,0,0
BRDA:193,17,1,0
BRDA:203,18,0,0
BRDA:203,18,1,0
BRDA:205,19,0,0
BRDA:205,19,1,0
BRDA:240,20,0,0
BRDA:240,20,1,0
BRDA:275,21,0,0
BRDA:275,21,1,0
BRDA:281,22,0,0
BRDA:281,22,1,0
BRDA:304,23,0,0
BRDA:304,23,1,0
BRDA:304,23,2,0
BRDA:304,23,3,0
BRF:50
BRH:0
end_of_record
TN:
SF:services/PerformanceMonitor.ts
FN:11,(anonymous_0)
FN:20,(anonymous_1)
FN:49,(anonymous_2)
FN:78,(anonymous_3)
FN:79,(anonymous_4)
FN:80,(anonymous_5)
FN:84,(anonymous_6)
FN:98,(anonymous_7)
FN:112,(anonymous_8)
FN:114,(anonymous_9)
FN:124,(anonymous_10)
FN:131,(anonymous_11)
FNF:12
FNH:12
FNDA:54,(anonymous_0)
FNDA:228,(anonymous_1)
FNDA:10,(anonymous_2)
FNDA:30,(anonymous_3)
FNDA:209,(anonymous_4)
FNDA:209,(anonymous_5)
FNDA:209,(anonymous_6)
FNDA:141,(anonymous_7)
FNDA:9,(anonymous_8)
FNDA:10,(anonymous_9)
FNDA:3,(anonymous_10)
FNDA:474,(anonymous_11)
DA:11,1
DA:12,54
DA:24,228
DA:25,228
DA:27,228
DA:29,227
DA:30,227
DA:32,227
DA:41,227
DA:43,227
DA:53,10
DA:54,10
DA:56,10
DA:58,9
DA:59,9
DA:61,9
DA:70,9
DA:72,9
DA:79,209
DA:80,209
DA:82,30
DA:84,30
DA:85,209
DA:86,141
DA:92,209
DA:93,209
DA:94,209
DA:98,30
DA:99,141
DA:100,141
DA:101,141
DA:102,141
DA:103,141
DA:106,30
DA:113,9
DA:114,9
DA:115,10
DA:118,9
DA:125,3
DA:132,474
DA:133,474
DA:135,0
DA:136,0
DA:138,0
LF:44
LH:41
BRDA:85,0,0,141
BRDA:85,0,1,68
BRDA:118,1,0,7
BRDA:118,1,1,2
BRDA:132,2,0,474
BRDA:132,2,1,0
BRDA:132,3,0,474
BRDA:132,3,1,474
BRDA:135,4,0,0
BRDA:135,4,1,0
BRDA:135,5,0,0
BRDA:135,5,1,0
BRF:12
BRH:7
end_of_record
TN:
SF:services/PerformanceMonitor3D.ts
FN:29,(anonymous_0)
FN:39,(anonymous_1)
FN:48,(anonymous_2)
FN:52,(anonymous_3)
FN:87,(anonymous_4)
FN:100,(anonymous_5)
FN:106,(anonymous_6)
FN:111,(anonymous_7)
FN:121,(anonymous_8)
FN:131,(anonymous_9)
FN:145,(anonymous_10)
FN:159,(anonymous_11)
FN:163,(anonymous_12)
FN:170,(anonymous_13)
FN:183,(anonymous_14)
FN:188,(anonymous_15)
FN:189,(anonymous_16)
FN:204,(anonymous_17)
FNF:18
FNH:0
FNDA:0,(anonymous_0)
FNDA:0,(anonymous_1)
FNDA:0,(anonymous_2)
FNDA:0,(anonymous_3)
FNDA:0,(anonymous_4)
FNDA:0,(anonymous_5)
FNDA:0,(anonymous_6)
FNDA:0,(anonymous_7)
FNDA:0,(anonymous_8)
FNDA:0,(anonymous_9)
FNDA:0,(anonymous_10)
FNDA:0,(anonymous_11)
FNDA:0,(anonymous_12)
FNDA:0,(anonymous_13)
FNDA:0,(anonymous_14)
FNDA:0,(anonymous_15)
FNDA:0,(anonymous_16)
FNDA:0,(anonymous_17)
DA:1,0
DA:20,0
DA:30,0
DA:31,0
DA:32,0
DA:33,0
DA:34,0
DA:35,0
DA:36,0
DA:40,0
DA:41,0
DA:42,0
DA:43,0
DA:44,0
DA:45,0
DA:49,0
DA:53,0
DA:54,0
DA:65,0
DA:66,0
DA:67,0
DA:70,0
DA:71,0
DA:72,0
DA:75,0
DA:76,0
DA:77,0
DA:81,0
DA:82,0
DA:83,0
DA:87,0
DA:89,0
DA:103,0
DA:108,0
DA:115,0
DA:122,0
DA:123,0
DA:131,0
DA:132,0
DA:133,0
DA:134,0
DA:136,0
DA:145,0
DA:146,0
DA:156,0
DA:157,0
DA:159,0
DA:160,0
DA:161,0
DA:163,0
DA:164,0
DA:165,0
DA:166,0
DA:170,0
DA:171,0
DA:172,0
DA:174,0
DA:175,0
DA:180,0
DA:183,0
DA:184,0
DA:185,0
DA:186,0
DA:188,0
DA:189,0
DA:190,0
DA:191,0
DA:193,0
DA:194,0
DA:195,0
DA:196,0
DA:197,0
DA:200,0
DA:203,0
DA:204,0
DA:207,0
LF:76
LH:0
BRDA:29,0,0,0
BRDA:53,1,0,0
BRDA:53,1,1,0
BRDA:76,2,0,0
BRDA:76,2,1,0
BRDA:82,3,0,0
BRDA:82,3,1,0
BRDA:122,4,0,0
BRDA:122,4,1,0
BRDA:145,5,0,0
BRDA:164,6,0,0
BRDA:164,6,1,0
BRDA:171,7,0,0
BRDA:171,7,1,0
BRDA:174,8,0,0
BRDA:174,8,1,0
BRDA:193,9,0,0
BRDA:193,9,1,0
BRF:18
BRH:0
end_of_record
TN:
SF:services/ProductionCalculator.ts
FN:3,(anonymous_0)
FN:4,(anonymous_1)
FN:9,(anonymous_2)
FN:17,(anonymous_3)
FN:21,(anonymous_4)
FN:36,(anonymous_5)
FN:38,(anonymous_6)
FN:39,(anonymous_7)
FN:41,(anonymous_8)
FN:53,(anonymous_9)
FNF:10
FNH:0
FNDA:0,(anonymous_0)
FNDA:0,(anonymous_1)
FNDA:0,(anonymous_2)
FNDA:0,(anonymous_3)
FNDA:0,(anonymous_4)
FNDA:0,(anonymous_5)
FNDA:0,(anonymous_6)
FNDA:0,(anonymous_7)
FNDA:0,(anonymous_8)
FNDA:0,(anonymous_9)
DA:3,0
DA:4,0
DA:5,0
DA:6,0
DA:8,0
DA:9,0
DA:10,0
DA:11,0
DA:12,0
DA:13,0
DA:15,0
DA:17,0
DA:18,0
DA:20,0
DA:21,0
DA:22,0
DA:23,0
DA:24,0
DA:27,0
DA:36,0
DA:37,0
DA:38,0
DA:39,0
DA:40,0
DA:41,0
DA:42,0
DA:43,0
DA:44,0
DA:46,0
DA:47,0
DA:50,0
DA:53,0
DA:54,0
DA:55,0
DA:56,0
DA:57,0
DA:58,0
DA:59,0
DA:60,0
LF:39
LH:0
BRDA:10,0,0,0
BRDA:10,0,1,0
BRDA:11,1,0,0
BRDA:11,1,1,0
BRDA:12,2,0,0
BRDA:12,2,1,0
BRDA:13,3,0,0
BRDA:13,3,1,0
BRDA:17,4,0,0
BRDA:17,4,1,0
BRDA:22,5,0,0
BRDA:22,5,1,0
BRDA:23,6,0,0
BRDA:23,6,1,0
BRDA:23,7,0,0
BRDA:23,7,1,0
BRDA:24,8,0,0
BRDA:24,8,1,0
BRDA:40,9,0,0
BRDA:40,9,1,0
BRDA:42,10,0,0
BRDA:42,10,1,0
BRDA:43,11,0,0
BRDA:43,11,1,0
BRDA:44,12,0,0
BRDA:44,12,1,0
BRDA:46,13,0,0
BRDA:46,13,1,0
BRDA:46,14,0,0
BRDA:46,14,1,0
BRF:30
BRH:0
end_of_record
TN:
SF:services/Scene3DLOD.ts
FN:18,(anonymous_9)
FN:26,(anonymous_10)
FN:52,(anonymous_11)
FN:73,(anonymous_12)
FN:93,(anonymous_13)
FN:114,(anonymous_14)
FN:146,(anonymous_15)
FN:151,(anonymous_16)
FN:191,(anonymous_17)
FN:194,(anonymous_18)
FN:230,(anonymous_19)
FN:231,(anonymous_20)
FN:239,(anonymous_21)
FN:240,(anonymous_22)
FN:248,(anonymous_23)
FN:261,(anonymous_24)
FNF:16
FNH:0
FNDA:0,(anonymous_9)
FNDA:0,(anonymous_10)
FNDA:0,(anonymous_11)
FNDA:0,(anonymous_12)
FNDA:0,(anonymous_13)
FNDA:0,(anonymous_14)
FNDA:0,(anonymous_15)
FNDA:0,(anonymous_16)
FNDA:0,(anonymous_17)
FNDA:0,(anonymous_18)
FNDA:0,(anonymous_19)
FNDA:0,(anonymous_20)
FNDA:0,(anonymous_21)
FNDA:0,(anonymous_22)
FNDA:0,(anonymous_23)
FNDA:0,(anonymous_24)
DA:1,0
DA:2,0
DA:12,0
DA:13,0
DA:16,0
DA:19,0
DA:20,0
DA:27,0
DA:30,0
DA:31,0
DA:34,0
DA:35,0
DA:38,0
DA:39,0
DA:42,0
DA:43,0
DA:45,0
DA:46,0
DA:53,0
DA:54,0
DA:55,0
DA:56,0
DA:57,0
DA:60,0
DA:61,0
DA:67,0
DA:68,0
DA:69,0
DA:70,0
DA:72,0
DA:73,0
DA:74,0
DA:75,0
DA:76,0
DA:77,0
DA:79,0
DA:80,0
DA:81,0
DA:83,0
DA:86,0
DA:87,0
DA:94,0
DA:95,0
DA:96,0
DA:97,0
DA:98,0
DA:101,0
DA:102,0
DA:108,0
DA:109,0
DA:110,0
DA:111,0
DA:113,0
DA:114,0
DA:115,0
DA:116,0
DA:117,0
DA:118,0
DA:121,0
DA:122,0
DA:123,0
DA:124,0
DA:125,0
DA:126,0
DA:127,0
DA:128,0
DA:129,0
DA:131,0
DA:132,0
DA:135,0
DA:136,0
DA:139,0
DA:140,0
DA:147,0
DA:148,0
DA:149,0
DA:151,0
DA:152,0
DA:153,0
DA:154,0
DA:155,0
DA:157,0
DA:158,0
DA:159,0
DA:161,0
DA:162,0
DA:163,0
DA:166,0
DA:167,0
DA:168,0
DA:169,0
DA:172,0
DA:173,0
DA:175,0
DA:183,0
DA:184,0
DA:185,0
DA:193,0
DA:194,0
DA:195,0
DA:196,0
DA:197,0
DA:198,0
DA:200,0
DA:201,0
DA:202,0
DA:203,0
DA:206,0
DA:212,0
DA:213,0
DA:220,0
DA:221,0
DA:222,0
DA:224,0
DA:231,0
DA:232,0
DA:240,0
DA:242,0
DA:243,0
DA:244,0
DA:245,0
DA:247,0
DA:248,0
DA:250,0
DA:252,0
DA:253,0
DA:254,0
DA:261,0
DA:262,0
DA:263,0
LF:130
LH:0
BRDA:55,0,0,0
BRDA:55,0,1,0
BRDA:62,1,0,0
BRDA:62,1,1,0
BRDA:63,2,0,0
BRDA:63,2,1,0
BRDA:64,3,0,0
BRDA:64,3,1,0
BRDA:75,4,0,0
BRDA:75,4,1,0
BRDA:76,5,0,0
BRDA:76,5,1,0
BRDA:96,6,0,0
BRDA:96,6,1,0
BRDA:103,7,0,0
BRDA:103,7,1,0
BRDA:104,8,0,0
BRDA:104,8,1,0
BRDA:105,9,0,0
BRDA:105,9,1,0
BRDA:116,10,0,0
BRDA:116,10,1,0
BRDA:117,11,0,0
BRDA:117,11,1,0
BRDA:122,12,0,0
BRDA:122,12,1,0
BRDA:126,13,0,0
BRDA:126,13,1,0
BRDA:153,14,0,0
BRDA:153,14,1,0
BRDA:154,15,0,0
BRDA:154,15,1,0
BRDA:196,16,0,0
BRDA:196,16,1,0
BRDA:197,17,0,0
BRDA:197,17,1,0
BRDA:244,18,0,0
BRDA:244,18,1,0
BRDA:245,19,0,0
BRDA:245,19,1,0
BRDA:247,20,0,0
BRDA:247,20,1,0
BRDA:252,21,0,0
BRDA:252,21,1,0
BRDA:252,22,0,0
BRDA:252,22,1,0
BRF:46
BRH:0
end_of_record
TN:
SF:services/Scene3DMaterial.ts
FN:4,(anonymous_9)
FN:14,(anonymous_10)
FN:19,(anonymous_11)
FN:52,(anonymous_12)
FN:56,(anonymous_13)
FN:125,(anonymous_14)
FN:129,(anonymous_15)
FN:133,(anonymous_16)
FN:137,(anonymous_17)
FN:138,(anonymous_18)
FN:139,(anonymous_19)
FN:140,(anonymous_20)
FNF:12
FNH:0
FNDA:0,(anonymous_9)
FNDA:0,(anonymous_10)
FNDA:0,(anonymous_11)
FNDA:0,(anonymous_12)
FNDA:0,(anonymous_13)
FNDA:0,(anonymous_14)
FNDA:0,(anonymous_15)
FNDA:0,(anonymous_16)
FNDA:0,(anonymous_17)
FNDA:0,(anonymous_18)
FNDA:0,(anonymous_19)
FNDA:0,(anonymous_20)
DA:1,0
DA:2,0
DA:4,0
DA:5,0
DA:8,0
DA:9,0
DA:10,0
DA:11,0
DA:12,0
DA:15,0
DA:16,0
DA:21,0
DA:28,0
DA:31,0
DA:39,0
DA:42,0
DA:49,0
DA:53,0
DA:57,0
DA:58,0
DA:60,0
DA:61,0
DA:63,0
DA:64,0
DA:65,0
DA:66,0
DA:67,0
DA:68,0
DA:69,0
DA:70,0
DA:71,0
DA:72,0
DA:74,0
DA:75,0
DA:76,0
DA:77,0
DA:78,0
DA:79,0
DA:80,0
DA:81,0
DA:82,0
DA:83,0
DA:84,0
DA:85,0
DA:86,0
DA:88,0
DA:89,0
DA:90,0
DA:91,0
DA:92,0
DA:96,0
DA:97,0
DA:98,0
DA:99,0
DA:100,0
DA:101,0
DA:102,0
DA:103,0
DA:106,0
DA:109,0
DA:120,0
DA:122,0
DA:126,0
DA:130,0
DA:134,0
DA:138,0
DA:139,0
DA:140,0
DA:141,0
DA:142,0
DA:143,0
LF:71
LH:0
BRDA:5,0,0,0
BRDA:5,0,1,0
BRDA:5,0,2,0
BRDA:15,1,0,0
BRDA:15,1,1,0
BRDA:57,2,0,0
BRDA:57,2,1,0
BRDA:60,3,0,0
BRDA:60,3,1,0
BRDA:63,4,0,0
BRDA:63,4,1,0
BRDA:65,5,0,0
BRDA:65,5,1,0
BRDA:70,6,0,0
BRDA:70,6,1,0
BRDA:71,7,0,0
BRDA:71,7,1,0
BRDA:74,8,0,0
BRDA:74,8,1,0
BRDA:76,9,0,0
BRDA:76,9,1,0
BRDA:89,10,0,0
BRDA:89,10,1,0
BRDA:91,11,0,0
BRDA:91,11,1,0
BRDA:97,12,0,0
BRDA:97,12,1,0
BRDA:106,13,0,0
BRDA:106,13,1,0
BRF:29
BRH:0
end_of_record
TN:
SF:services/Scene3DMesh.ts
FN:8,(anonymous_9)
FN:15,(anonymous_10)
FN:16,(anonymous_11)
FN:22,(anonymous_12)
FN:37,(anonymous_13)
FN:59,(anonymous_14)
FN:80,(anonymous_15)
FN:103,(anonymous_16)
FN:131,(anonymous_17)
FN:132,(anonymous_18)
FNF:10
FNH:0
FNDA:0,(anonymous_9)
FNDA:0,(anonymous_10)
FNDA:0,(anonymous_11)
FNDA:0,(anonymous_12)
FNDA:0,(anonymous_13)
FNDA:0,(anonymous_14)
FNDA:0,(anonymous_15)
FNDA:0,(anonymous_16)
FNDA:0,(anonymous_17)
FNDA:0,(anonymous_18)
DA:1,0
DA:2,0
DA:6,0
DA:8,0
DA:15,0
DA:16,0
DA:17,0
DA:18,0
DA:20,0
DA:21,0
DA:22,0
DA:23,0
DA:24,0
DA:27,0
DA:28,0
DA:31,0
DA:34,0
DA:35,0
DA:37,0
DA:41,0
DA:42,0
DA:43,0
DA:44,0
DA:46,0
DA:47,0
DA:50,0
DA:53,0
DA:54,0
DA:55,0
DA:56,0
DA:59,0
DA:60,0
DA:63,0
DA:64,0
DA:65,0
DA:67,0
DA:70,0
DA:71,0
DA:74,0
DA:75,0
DA:76,0
DA:77,0
DA:78,0
DA:80,0
DA:81,0
DA:82,0
DA:83,0
DA:84,0
DA:86,0
DA:87,0
DA:88,0
DA:89,0
DA:91,0
DA:92,0
DA:94,0
DA:97,0
DA:98,0
DA:101,0
DA:102,0
DA:103,0
DA:105,0
DA:106,0
DA:107,0
DA:108,0
DA:109,0
DA:110,0
DA:111,0
DA:112,0
DA:113,0
DA:114,0
DA:115,0
DA:118,0
DA:119,0
DA:120,0
DA:121,0
DA:122,0
DA:123,0
DA:124,0
DA:125,0
DA:131,0
DA:132,0
DA:133,0
LF:82
LH:0
BRDA:15,0,0,0
BRDA:15,0,1,0
BRDA:15,0,2,0
BRDA:15,0,3,0
BRDA:17,1,0,0
BRDA:17,1,1,0
BRDA:17,2,0,0
BRDA:17,2,1,0
BRDA:20,3,0,0
BRDA:20,3,1,0
BRDA:21,4,0,0
BRDA:21,4,1,0
BRDA:23,5,0,0
BRDA:23,5,1,0
BRDA:27,6,0,0
BRDA:27,6,1,0
BRDA:34,7,0,0
BRDA:34,7,1,0
BRDA:42,8,0,0
BRDA:42,8,1,0
BRDA:46,9,0,0
BRDA:46,9,1,0
BRDA:54,10,0,0
BRDA:54,10,1,0
BRDA:63,11,0,0
BRDA:63,11,1,0
BRDA:64,12,0,0
BRDA:64,12,1,0
BRDA:82,13,0,0
BRDA:82,13,1,0
BRDA:83,14,0,0
BRDA:83,14,1,0
BRDA:91,15,0,0
BRDA:91,15,1,0
BRDA:101,16,0,0
BRDA:101,16,1,0
BRDA:106,17,0,0
BRDA:106,17,1,0
BRDA:107,18,0,0
BRDA:107,18,1,0
BRDA:118,19,0,0
BRDA:118,19,1,0
BRF:42
BRH:0
end_of_record
TN:
SF:services/Scene3DRenderer.ts
FN:19,(anonymous_9)
FN:116,(anonymous_10)
FN:131,(anonymous_11)
FNF:3
FNH:0
FNDA:0,(anonymous_9)
FNDA:0,(anonymous_10)
FNDA:0,(anonymous_11)
DA:1,0
DA:2,0
DA:3,0
DA:4,0
DA:19,0
DA:20,0
DA:21,0
DA:22,0
DA:24,0
DA:25,0
DA:26,0
DA:28,0
DA:29,0
DA:31,0
DA:37,0
DA:38,0
DA:39,0
DA:40,0
DA:41,0
DA:42,0
DA:43,0
DA:45,0
DA:47,0
DA:48,0
DA:49,0
DA:50,0
DA:51,0
DA:52,0
DA:53,0
DA:54,0
DA:56,0
DA:57,0
DA:58,0
DA:59,0
DA:60,0
DA:61,0
DA:62,0
DA:64,0
DA:65,0
DA:67,0
DA:68,0
DA:69,0
DA:70,0
DA:71,0
DA:72,0
DA:73,0
DA:74,0
DA:75,0
DA:76,0
DA:77,0
DA:78,0
DA:80,0
DA:81,0
DA:82,0
DA:84,0
DA:85,0
DA:86,0
DA:88,0
DA:89,0
DA:90,0
DA:92,0
DA:93,0
DA:95,0
DA:96,0
DA:98,0
DA:99,0
DA:102,0
DA:116,0
DA:117,0
DA:118,0
DA:119,0
DA:120,0
DA:123,0
DA:124,0
DA:125,0
DA:127,0
DA:128,0
DA:129,0
DA:130,0
DA:131,0
DA:133,0
DA:139,0
DA:140,0
LF:83
LH:0
BRDA:20,0,0,0
BRDA:20,0,1,0
BRDA:39,1,0,0
BRDA:39,1,1,0
BRDA:40,2,0,0
BRDA:40,2,1,0
BRDA:64,3,0,0
BRDA:64,3,1,0
BRDA:67,4,0,0
BRDA:67,4,1,0
BRDA:70,5,0,0
BRDA:70,5,1,0
BRDA:71,6,0,0
BRDA:71,6,1,0
BRDA:88,7,0,0
BRDA:88,7,1,0
BRDA:88,8,0,0
BRDA:88,8,1,0
BRDA:92,9,0,0
BRDA:92,9,1,0
BRDA:96,10,0,0
BRDA:96,10,1,0
BRDA:98,11,0,0
BRDA:98,11,1,0
BRDA:127,12,0,0
BRDA:127,12,1,0
BRDA:128,13,0,0
BRDA:128,13,1,0
BRDA:129,14,0,0
BRDA:129,14,1,0
BRDA:130,15,0,0
BRDA:130,15,1,0
BRDA:139,16,0,0
BRDA:139,16,1,0
BRF:34
BRH:0
end_of_record
TN:
SF:services/aiServiceWithFallback.ts
FN:16,(anonymous_0)
FN:19,(anonymous_1)
FN:31,(anonymous_2)
FN:74,(anonymous_3)
FN:117,(anonymous_4)
FN:141,(anonymous_5)
FN:148,(anonymous_6)
FN:155,(anonymous_7)
FN:166,(anonymous_8)
FN:167,(anonymous_9)
FN:178,(anonymous_10)
FNF:11
FNH:0
FNDA:0,(anonymous_0)
FNDA:0,(anonymous_1)
FNDA:0,(anonymous_2)
FNDA:0,(anonymous_3)
FNDA:0,(anonymous_4)
FNDA:0,(anonymous_5)
FNDA:0,(anonymous_6)
FNDA:0,(anonymous_7)
FNDA:0,(anonymous_8)
FNDA:0,(anonymous_9)
FNDA:0,(anonymous_10)
DA:7,0
DA:17,0
DA:20,0
DA:21,0
DA:22,0
DA:24,0
DA:39,0
DA:40,0
DA:41,0
DA:49,0
DA:51,0
DA:58,0
DA:63,0
DA:75,0
DA:76,0
DA:79,0
DA:80,0
DA:81,0
DA:83,0
DA:85,0
DA:91,0
DA:92,0
DA:93,0
DA:97,0
DA:99,0
DA:101,0
DA:102,0
DA:103,0
DA:104,0
DA:106,0
DA:109,0
DA:110,0
DA:123,0
DA:125,0
DA:126,0
DA:127,0
DA:130,0
DA:131,0
DA:133,0
DA:134,0
DA:142,0
DA:149,0
DA:159,0
DA:160,0
DA:163,0
DA:166,0
DA:167,0
DA:169,0
DA:170,0
DA:173,0
DA:174,0
DA:178,0
DA:179,0
DA:180,0
DA:183,0
DA:184,0
DA:187,0
DA:191,0
LF:58
LH:0
BRDA:21,0,0,0
BRDA:21,0,1,0
BRDA:35,1,0,0
BRDA:36,2,0,0
BRDA:39,3,0,0
BRDA:39,3,1,0
BRDA:75,4,0,0
BRDA:75,4,1,0
BRDA:91,5,0,0
BRDA:91,5,1,0
BRDA:91,6,0,0
BRDA:91,6,1,0
BRDA:97,7,0,0
BRDA:97,7,1,0
BRDA:101,8,0,0
BRDA:101,8,1,0
BRDA:103,9,0,0
BRDA:103,9,1,0
BRDA:123,10,0,0
BRDA:123,10,1,0
BRDA:125,11,0,0
BRDA:125,11,1,0
BRDA:126,12,0,0
BRDA:126,12,1,0
BRDA:159,13,0,0
BRDA:159,13,1,0
BRDA:169,14,0,0
BRDA:169,14,1,0
BRDA:173,15,0,0
BRDA:173,15,1,0
BRDA:179,16,0,0
BRDA:179,16,1,0
BRDA:183,17,0,0
BRDA:183,17,1,0
BRF:34
BRH:0
end_of_record
TN:
SF:services/geminiService.ts
FN:136,(anonymous_0)
FN:140,(anonymous_1)
FN:144,(anonymous_2)
FN:149,(anonymous_3)
FN:155,(anonymous_4)
FN:171,(anonymous_5)
FN:175,(anonymous_6)
FN:181,(anonymous_7)
FN:184,(anonymous_8)
FN:193,(anonymous_9)
FN:208,(anonymous_10)
FN:212,(anonymous_11)
FN:230,(anonymous_12)
FN:262,(anonymous_13)
FN:269,(anonymous_14)
FN:271,(anonymous_15)
FN:286,(anonymous_16)
FN:355,(anonymous_17)
FN:357,(anonymous_18)
FN:393,(anonymous_19)
FN:409,(anonymous_20)
FN:443,(anonymous_21)
FN:444,(anonymous_22)
FN:451,(anonymous_23)
FN:487,(anonymous_24)
FN:510,(anonymous_25)
FN:523,(anonymous_26)
FN:524,(anonymous_27)
FN:526,(anonymous_28)
FN:569,(anonymous_29)
FN:570,(anonymous_30)
FN:585,(anonymous_31)
FN:588,(anonymous_32)
FN:589,(anonymous_33)
FN:604,(anonymous_34)
FN:612,(anonymous_35)
FN:633,(anonymous_36)
FN:637,(anonymous_37)
FN:640,(anonymous_38)
FN:652,(anonymous_39)
FN:653,(anonymous_40)
FN:687,(anonymous_41)
FN:728,(anonymous_42)
FN:729,(anonymous_43)
FN:730,(anonymous_44)
FN:732,(anonymous_45)
FN:738,(anonymous_46)
FN:768,(anonymous_47)
FN:799,(anonymous_48)
FN:817,(anonymous_49)
FN:838,(anonymous_50)
FN:843,(anonymous_51)
FN:847,(anonymous_52)
FN:851,(anonymous_53)
FN:858,(anonymous_54)
FN:862,(anonymous_55)
FN:866,(anonymous_56)
FN:870,(anonymous_57)
FNF:58
FNH:0
FNDA:0,(anonymous_0)
FNDA:0,(anonymous_1)
FNDA:0,(anonymous_2)
FNDA:0,(anonymous_3)
FNDA:0,(anonymous_4)
FNDA:0,(anonymous_5)
FNDA:0,(anonymous_6)
FNDA:0,(anonymous_7)
FNDA:0,(anonymous_8)
FNDA:0,(anonymous_9)
FNDA:0,(anonymous_10)
FNDA:0,(anonymous_11)
FNDA:0,(anonymous_12)
FNDA:0,(anonymous_13)
FNDA:0,(anonymous_14)
FNDA:0,(anonymous_15)
FNDA:0,(anonymous_16)
FNDA:0,(anonymous_17)
FNDA:0,(anonymous_18)
FNDA:0,(anonymous_19)
FNDA:0,(anonymous_20)
FNDA:0,(anonymous_21)
FNDA:0,(anonymous_22)
FNDA:0,(anonymous_23)
FNDA:0,(anonymous_24)
FNDA:0,(anonymous_25)
FNDA:0,(anonymous_26)
FNDA:0,(anonymous_27)
FNDA:0,(anonymous_28)
FNDA:0,(anonymous_29)
FNDA:0,(anonymous_30)
FNDA:0,(anonymous_31)
FNDA:0,(anonymous_32)
FNDA:0,(anonymous_33)
FNDA:0,(anonymous_34)
FNDA:0,(anonymous_35)
FNDA:0,(anonymous_36)
FNDA:0,(anonymous_37)
FNDA:0,(anonymous_38)
FNDA:0,(anonymous_39)
FNDA:0,(anonymous_40)
FNDA:0,(anonymous_41)
FNDA:0,(anonymous_42)
FNDA:0,(anonymous_43)
FNDA:0,(anonymous_44)
FNDA:0,(anonymous_45)
FNDA:0,(anonymous_46)
FNDA:0,(anonymous_47)
FNDA:0,(anonymous_48)
FNDA:0,(anonymous_49)
FNDA:0,(anonymous_50)
FNDA:0,(anonymous_51)
FNDA:0,(anonymous_52)
FNDA:0,(anonymous_53)
FNDA:0,(anonymous_54)
FNDA:0,(anonymous_55)
FNDA:0,(anonymous_56)
FNDA:0,(anonymous_57)
DA:2,0
DA:3,0
DA:9,0
DA:40,0
DA:137,0
DA:138,0
DA:141,0
DA:142,0
DA:143,0
DA:144,0
DA:145,0
DA:147,0
DA:149,0
DA:150,0
DA:152,0
DA:156,0
DA:157,0
DA:158,0
DA:159,0
DA:163,0
DA:168,0
DA:172,0
DA:176,0
DA:177,0
DA:182,0
DA:185,0
DA:186,0
DA:187,0
DA:188,0
DA:190,0
DA:194,0
DA:196,0
DA:197,0
DA:198,0
DA:202,0
DA:209,0
DA:213,0
DA:230,0
DA:231,0
DA:232,0
DA:235,0
DA:236,0
DA:237,0
DA:241,0
DA:242,0
DA:244,0
DA:245,0
DA:248,0
DA:262,0
DA:267,0
DA:270,0
DA:271,0
DA:286,0
DA:287,0
DA:288,0
DA:291,0
DA:292,0
DA:302,0
DA:303,0
DA:313,0
DA:314,0
DA:324,0
DA:325,0
DA:335,0
DA:336,0
DA:346,0
DA:355,0
DA:357,0
DA:358,0
DA:359,0
DA:360,0
DA:361,0
DA:363,0
DA:364,0
DA:365,0
DA:367,0
DA:381,0
DA:394,0
DA:395,0
DA:396,0
DA:397,0
DA:410,0
DA:411,0
DA:417,0
DA:418,0
DA:420,0
DA:421,0
DA:422,0
DA:423,0
DA:426,0
DA:430,0
DA:431,0
DA:432,0
DA:433,0
DA:437,0
DA:444,0
DA:445,0
DA:455,0
DA:457,0
DA:458,0
DA:459,0
DA:460,0
DA:461,0
DA:462,0
DA:464,0
DA:468,0
DA:469,0
DA:470,0
DA:471,0
DA:473,0
DA:474,0
DA:477,0
DA:478,0
DA:481,0
DA:488,0
DA:492,0
DA:511,0
DA:524,0
DA:525,0
DA:526,0
DA:529,0
DA:536,0
DA:538,0
DA:544,0
DA:545,0
DA:546,0
DA:549,0
DA:552,0
DA:553,0
DA:555,0
DA:556,0
DA:559,0
DA:560,0
DA:562,0
DA:570,0
DA:571,0
DA:572,0
DA:573,0
DA:578,0
DA:586,0
DA:588,0
DA:589,0
DA:590,0
DA:591,0
DA:596,0
DA:608,0
DA:609,0
DA:612,0
DA:613,0
DA:614,0
DA:616,0
DA:617,0
DA:618,0
DA:619,0
DA:620,0
DA:621,0
DA:625,0
DA:634,0
DA:637,0
DA:638,0
DA:640,0
DA:641,0
DA:644,0
DA:649,0
DA:650,0
DA:652,0
DA:653,0
DA:656,0
DA:657,0
DA:658,0
DA:661,0
DA:662,0
DA:663,0
DA:665,0
DA:668,0
DA:669,0
DA:672,0
DA:673,0
DA:675,0
DA:676,0
DA:681,0
DA:689,0
DA:690,0
DA:692,0
DA:693,0
DA:694,0
DA:697,0
DA:698,0
DA:699,0
DA:700,0
DA:701,0
DA:702,0
DA:703,0
DA:704,0
DA:708,0
DA:709,0
DA:712,0
DA:714,0
DA:715,0
DA:716,0
DA:717,0
DA:719,0
DA:720,0
DA:721,0
DA:723,0
DA:724,0
DA:729,0
DA:730,0
DA:732,0
DA:738,0
DA:742,0
DA:771,0
DA:772,0
DA:773,0
DA:775,0
DA:776,0
DA:777,0
DA:779,0
DA:780,0
DA:784,0
DA:785,0
DA:789,0
DA:790,0
DA:795,0
DA:796,0
DA:797,0
DA:799,0
DA:802,0
DA:810,0
DA:817,0
DA:818,0
DA:819,0
DA:820,0
DA:823,0
DA:824,0
DA:825,0
DA:828,0
DA:829,0
DA:830,0
DA:831,0
DA:833,0
DA:834,0
DA:838,0
DA:839,0
DA:840,0
DA:843,0
DA:844,0
DA:847,0
DA:848,0
DA:851,0
DA:855,0
DA:858,0
DA:859,0
DA:862,0
DA:863,0
DA:866,0
DA:867,0
DA:870,0
DA:871,0
DA:873,0
DA:876,0
LF:261
LH:0
BRDA:142,0,0,0
BRDA:142,0,1,0
BRDA:142,1,0,0
BRDA:142,1,1,0
BRDA:147,2,0,0
BRDA:147,2,1,0
BRDA:156,3,0,0
BRDA:156,3,1,0
BRDA:158,4,0,0
BRDA:158,4,1,0
BRDA:186,5,0,0
BRDA:186,5,1,0
BRDA:186,6,0,0
BRDA:186,6,1,0
BRDA:194,7,0,0
BRDA:194,7,1,0
BRDA:197,8,0,0
BRDA:197,8,1,0
BRDA:231,9,0,0
BRDA:231,9,1,0
BRDA:236,10,0,0
BRDA:236,10,1,0
BRDA:236,11,0,0
BRDA:236,11,1,0
BRDA:244,12,0,0
BRDA:244,12,1,0
BRDA:244,13,0,0
BRDA:244,13,1,0
BRDA:265,14,0,0
BRDA:287,15,0,0
BRDA:287,15,1,0
BRDA:288,16,0,0
BRDA:288,16,1,0
BRDA:291,17,0,0
BRDA:291,17,1,0
BRDA:291,18,0,0
BRDA:291,18,1,0
BRDA:291,18,2,0
BRDA:302,19,0,0
BRDA:302,19,1,0
BRDA:302,20,0,0
BRDA:302,20,1,0
BRDA:302,20,2,0
BRDA:302,20,3,0
BRDA:313,21,0,0
BRDA:313,21,1,0
BRDA:313,22,0,0
BRDA:313,22,1,0
BRDA:313,22,2,0
BRDA:313,22,3,0
BRDA:324,23,0,0
BRDA:324,23,1,0
BRDA:335,24,0,0
BRDA:335,24,1,0
BRDA:335,25,0,0
BRDA:335,25,1,0
BRDA:335,25,2,0
BRDA:335,25,3,0
BRDA:359,26,0,0
BRDA:359,26,1,0
BRDA:360,27,0,0
BRDA:360,27,1,0
BRDA:364,28,0,0
BRDA:364,28,1,0
BRDA:365,29,0,0
BRDA:365,29,1,0
BRDA:410,30,0,0
BRDA:410,30,1,0
BRDA:420,31,0,0
BRDA:420,31,1,0
BRDA:422,32,0,0
BRDA:422,32,1,0
BRDA:432,33,0,0
BRDA:432,33,1,0
BRDA:444,34,0,0
BRDA:444,34,1,0
BRDA:457,35,0,0
BRDA:457,35,1,0
BRDA:459,36,0,0
BRDA:459,36,1,0
BRDA:461,37,0,0
BRDA:461,37,1,0
BRDA:473,38,0,0
BRDA:473,38,1,0
BRDA:477,39,0,0
BRDA:477,39,1,0
BRDA:488,40,0,0
BRDA:488,40,1,0
BRDA:495,41,0,0
BRDA:495,41,1,0
BRDA:498,42,0,0
BRDA:498,42,1,0
BRDA:501,43,0,0
BRDA:501,43,1,0
BRDA:544,44,0,0
BRDA:544,44,1,0
BRDA:544,44,2,0
BRDA:545,45,0,0
BRDA:545,45,1,0
BRDA:559,46,0,0
BRDA:559,46,1,0
BRDA:559,47,0,0
BRDA:559,47,1,0
BRDA:578,48,0,0
BRDA:578,48,1,0
BRDA:578,48,2,0
BRDA:596,49,0,0
BRDA:596,49,1,0
BRDA:596,49,2,0
BRDA:608,50,0,0
BRDA:608,50,1,0
BRDA:608,51,0,0
BRDA:608,51,1,0
BRDA:618,52,0,0
BRDA:618,52,1,0
BRDA:619,53,0,0
BRDA:619,53,1,0
BRDA:625,54,0,0
BRDA:625,54,1,0
BRDA:633,55,0,0
BRDA:638,56,0,0
BRDA:638,56,1,0
BRDA:652,57,0,0
BRDA:652,57,1,0
BRDA:653,58,0,0
BRDA:653,58,1,0
BRDA:653,58,2,0
BRDA:658,59,0,0
BRDA:658,59,1,0
BRDA:665,60,0,0
BRDA:665,60,1,0
BRDA:668,61,0,0
BRDA:668,61,1,0
BRDA:669,62,0,0
BRDA:669,62,1,0
BRDA:675,63,0,0
BRDA:675,63,1,0
BRDA:675,64,0,0
BRDA:675,64,1,0
BRDA:697,65,0,0
BRDA:697,65,1,0
BRDA:700,66,0,0
BRDA:700,66,1,0
BRDA:712,67,0,0
BRDA:712,67,1,0
BRDA:714,68,0,0
BRDA:714,68,1,0
BRDA:717,69,0,0
BRDA:717,69,1,0
BRDA:719,70,0,0
BRDA:719,70,1,0
BRDA:729,71,0,0
BRDA:729,71,1,0
BRDA:729,71,2,0
BRDA:730,72,0,0
BRDA:730,72,1,0
BRDA:739,73,0,0
BRDA:739,73,1,0
BRDA:752,74,0,0
BRDA:752,74,1,0
BRDA:753,75,0,0
BRDA:753,75,1,0
BRDA:779,76,0,0
BRDA:779,76,1,0
BRDA:784,77,0,0
BRDA:784,77,1,0
BRDA:789,78,0,0
BRDA:789,78,1,0
BRDA:818,79,0,0
BRDA:818,79,1,0
BRDA:818,80,0,0
BRDA:818,80,1,0
BRDA:818,80,2,0
BRDA:823,81,0,0
BRDA:823,81,1,0
BRDA:823,82,0,0
BRDA:823,82,1,0
BRDA:823,82,2,0
BRDA:839,83,0,0
BRDA:839,83,1,0
BRDA:870,84,0,0
BRDA:871,85,0,0
BRDA:871,85,1,0
BRF:183
BRH:0
end_of_record
TN:
SF:services/hardwareUtils.ts
FN:120,(anonymous_0)
FN:126,(anonymous_1)
FN:151,(anonymous_2)
FN:190,(anonymous_3)
FN:211,(anonymous_4)
FN:234,(anonymous_5)
FN:261,(anonymous_6)
FN:270,(anonymous_7)
FN:308,(anonymous_8)
FN:326,(anonymous_9)
FN:331,(anonymous_10)
FN:345,(anonymous_11)
FN:353,(anonymous_12)
FN:376,(anonymous_13)
FN:395,(anonymous_14)
FN:417,(anonymous_15)
FN:438,(anonymous_16)
FNF:17
FNH:0
FNDA:0,(anonymous_0)
FNDA:0,(anonymous_1)
FNDA:0,(anonymous_2)
FNDA:0,(anonymous_3)
FNDA:0,(anonymous_4)
FNDA:0,(anonymous_5)
FNDA:0,(anonymous_6)
FNDA:0,(anonymous_7)
FNDA:0,(anonymous_8)
FNDA:0,(anonymous_9)
FNDA:0,(anonymous_10)
FNDA:0,(anonymous_11)
FNDA:0,(anonymous_12)
FNDA:0,(anonymous_13)
FNDA:0,(anonymous_14)
FNDA:0,(anonymous_15)
FNDA:0,(anonymous_16)
DA:59,0
DA:120,0
DA:124,0
DA:126,0
DA:127,0
DA:128,0
DA:130,0
DA:131,0
DA:134,0
DA:141,0
DA:142,0
DA:151,0
DA:152,0
DA:154,0
DA:155,0
DA:156,0
DA:166,0
DA:167,0
DA:176,0
DA:190,0
DA:192,0
DA:193,0
DA:194,0
DA:195,0
DA:199,0
DA:200,0
DA:201,0
DA:202,0
DA:205,0
DA:211,0
DA:217,0
DA:220,0
DA:223,0
DA:226,0
DA:234,0
DA:240,0
DA:241,0
DA:243,0
DA:244,0
DA:246,0
DA:254,0
DA:255,0
DA:261,0
DA:262,0
DA:270,0
DA:275,0
DA:277,0
DA:279,0
DA:281,0
DA:282,0
DA:283,0
DA:284,0
DA:286,0
DA:287,0
DA:290,0
DA:293,0
DA:308,0
DA:309,0
DA:317,0
DA:326,0
DA:327,0
DA:328,0
DA:329,0
DA:331,0
DA:332,0
DA:333,0
DA:337,0
DA:345,0
DA:346,0
DA:347,0
DA:353,0
DA:354,0
DA:356,0
DA:358,0
DA:361,0
DA:363,0
DA:365,0
DA:367,0
DA:369,0
DA:376,0
DA:377,0
DA:387,0
DA:395,0
DA:399,0
DA:402,0
DA:404,0
DA:406,0
DA:408,0
DA:410,0
DA:417,0
DA:421,0
DA:422,0
DA:424,0
DA:425,0
DA:426,0
DA:429,0
DA:430,0
DA:432,0
DA:433,0
DA:438,0
DA:439,0
DA:442,0
LF:102
LH:0
BRDA:128,0,0,0
BRDA:128,0,1,0
BRDA:128,1,0,0
BRDA:128,1,1,0
BRDA:130,2,0,0
BRDA:130,2,1,0
BRDA:131,3,0,0
BRDA:131,3,1,0
BRDA:141,4,0,0
BRDA:141,4,1,0
BRDA:152,5,0,0
BRDA:152,5,1,0
BRDA:155,6,0,0
BRDA:155,6,1,0
BRDA:166,7,0,0
BRDA:166,7,1,0
BRDA:166,8,0,0
BRDA:166,8,1,0
BRDA:166,8,2,0
BRDA:166,8,3,0
BRDA:192,9,0,0
BRDA:192,9,1,0
BRDA:193,10,0,0
BRDA:193,10,1,0
BRDA:194,11,0,0
BRDA:194,11,1,0
BRDA:199,12,0,0
BRDA:199,12,1,0
BRDA:200,13,0,0
BRDA:200,13,1,0
BRDA:201,14,0,0
BRDA:201,14,1,0
BRDA:217,15,0,0
BRDA:217,15,1,0
BRDA:217,16,0,0
BRDA:217,16,1,0
BRDA:220,17,0,0
BRDA:220,17,1,0
BRDA:220,18,0,0
BRDA:220,18,1,0
BRDA:223,19,0,0
BRDA:223,19,1,0
BRDA:237,20,0,0
BRDA:241,21,0,0
BRDA:241,21,1,0
BRDA:241,22,0,0
BRDA:241,22,1,0
BRDA:243,23,0,0
BRDA:243,23,1,0
BRDA:243,23,2,0
BRDA:254,24,0,0
BRDA:254,24,1,0
BRDA:254,25,0,0
BRDA:254,25,1,0
BRDA:262,26,0,0
BRDA:262,26,1,0
BRDA:262,26,2,0
BRDA:262,26,3,0
BRDA:273,27,0,0
BRDA:277,28,0,0
BRDA:277,28,1,0
BRDA:279,29,0,0
BRDA:279,29,1,0
BRDA:284,30,0,0
BRDA:284,30,1,0
BRDA:332,31,0,0
BRDA:332,31,1,0
BRDA:333,32,0,0
BRDA:333,32,1,0
BRDA:347,33,0,0
BRDA:347,33,1,0
BRDA:356,34,0,0
BRDA:356,34,1,0
BRDA:356,34,2,0
BRDA:356,34,3,0
BRDA:356,34,4,0
BRDA:356,34,5,0
BRDA:356,34,6,0
BRDA:387,35,0,0
BRDA:387,35,1,0
BRDA:397,36,0,0
BRDA:404,37,0,0
BRDA:404,37,1,0
BRDA:404,37,2,0
BRDA:425,38,0,0
BRDA:425,38,1,0
BRDA:432,39,0,0
BRDA:432,39,1,0
BRDA:438,40,0,0
BRDA:438,40,1,0
BRDA:438,41,0,0
BRDA:438,41,1,0
BRDA:438,42,0,0
BRDA:438,42,1,0
BRF:94
BRH:0
end_of_record
TN:
SF:services/localModelService.ts
FN:18,(anonymous_0)
FN:23,(anonymous_1)
FN:28,(anonymous_2)
FN:47,(anonymous_3)
FN:57,(anonymous_4)
FN:90,(anonymous_5)
FN:131,(anonymous_6)
FN:189,(anonymous_7)
FN:207,(anonymous_8)
FNF:9
FNH:0
FNDA:0,(anonymous_0)
FNDA:0,(anonymous_1)
FNDA:0,(anonymous_2)
FNDA:0,(anonymous_3)
FNDA:0,(anonymous_4)
FNDA:0,(anonymous_5)
FNDA:0,(anonymous_6)
FNDA:0,(anonymous_7)
FNDA:0,(anonymous_8)
DA:19,0
DA:20,0
DA:21,0
DA:24,0
DA:26,0
DA:27,0
DA:28,0
DA:30,0
DA:34,0
DA:36,0
DA:37,0
DA:38,0
DA:39,0
DA:41,0
DA:42,0
DA:43,0
DA:48,0
DA:49,0
DA:51,0
DA:62,0
DA:63,0
DA:66,0
DA:67,0
DA:79,0
DA:80,0
DA:82,0
DA:83,0
DA:97,0
DA:98,0
DA:101,0
DA:102,0
DA:120,0
DA:121,0
DA:123,0
DA:124,0
DA:138,0
DA:139,0
DA:142,0
DA:143,0
DA:154,0
DA:157,0
DA:158,0
DA:159,0
DA:162,0
DA:163,0
DA:166,0
DA:167,0
DA:170,0
DA:171,0
DA:174,0
DA:181,0
DA:182,0
DA:190,0
DA:191,0
DA:194,0
DA:195,0
DA:196,0
DA:197,0
DA:199,0
DA:200,0
DA:212,0
DA:214,0
DA:216,0
DA:217,0
DA:220,0
DA:221,0
DA:224,0
DA:228,0
LF:68
LH:0
BRDA:24,0,0,0
BRDA:24,0,1,0
BRDA:48,1,0,0
BRDA:48,1,1,0
BRDA:62,2,0,0
BRDA:62,2,1,0
BRDA:79,3,0,0
BRDA:79,3,1,0
BRDA:94,4,0,0
BRDA:95,5,0,0
BRDA:97,6,0,0
BRDA:97,6,1,0
BRDA:120,7,0,0
BRDA:120,7,1,0
BRDA:138,8,0,0
BRDA:138,8,1,0
BRDA:157,9,0,0
BRDA:157,9,1,0
BRDA:157,10,0,0
BRDA:157,10,1,0
BRDA:162,11,0,0
BRDA:162,11,1,0
BRDA:166,12,0,0
BRDA:166,12,1,0
BRDA:170,13,0,0
BRDA:170,13,1,0
BRDA:170,14,0,0
BRDA:170,14,1,0
BRDA:178,15,0,0
BRDA:178,15,1,0
BRDA:190,16,0,0
BRDA:190,16,1,0
BRDA:196,17,0,0
BRDA:196,17,1,0
BRDA:214,18,0,0
BRDA:214,18,1,0
BRDA:216,19,0,0
BRDA:216,19,1,0
BRDA:220,20,0,0
BRDA:220,20,1,0
BRDA:220,21,0,0
BRDA:220,21,1,0
BRF:42
BRH:0
end_of_record
TN:
SF:services/storageService.ts
FN:12,(anonymous_0)
FN:22,(anonymous_1)
FN:25,(anonymous_2)
FN:28,(anonymous_3)
FN:31,(anonymous_4)
FN:40,(anonymous_5)
FN:45,(anonymous_6)
FN:63,(anonymous_7)
FN:65,(anonymous_8)
FN:75,(anonymous_9)
FN:76,(anonymous_10)
FN:84,(anonymous_11)
FN:101,(anonymous_12)
FN:103,(anonymous_13)
FN:113,(anonymous_14)
FN:116,(anonymous_15)
FN:127,(anonymous_16)
FN:135,(anonymous_17)
FN:152,(anonymous_18)
FN:154,(anonymous_19)
FN:164,(anonymous_20)
FN:165,(anonymous_21)
FN:173,(anonymous_22)
FN:190,(anonymous_23)
FN:192,(anonymous_24)
FN:202,(anonymous_25)
FN:203,(anonymous_26)
FN:211,(anonymous_27)
FNF:28
FNH:0
FNDA:0,(anonymous_0)
FNDA:0,(anonymous_1)
FNDA:0,(anonymous_2)
FNDA:0,(anonymous_3)
FNDA:0,(anonymous_4)
FNDA:0,(anonymous_5)
FNDA:0,(anonymous_6)
FNDA:0,(anonymous_7)
FNDA:0,(anonymous_8)
FNDA:0,(anonymous_9)
FNDA:0,(anonymous_10)
FNDA:0,(anonymous_11)
FNDA:0,(anonymous_12)
FNDA:0,(anonymous_13)
FNDA:0,(anonymous_14)
FNDA:0,(anonymous_15)
FNDA:0,(anonymous_16)
FNDA:0,(anonymous_17)
FNDA:0,(anonymous_18)
FNDA:0,(anonymous_19)
FNDA:0,(anonymous_20)
FNDA:0,(anonymous_21)
FNDA:0,(anonymous_22)
FNDA:0,(anonymous_23)
FNDA:0,(anonymous_24)
FNDA:0,(anonymous_25)
FNDA:0,(anonymous_26)
FNDA:0,(anonymous_27)
DA:4,0
DA:5,0
DA:6,0
DA:14,0
DA:15,0
DA:17,0
DA:18,0
DA:23,0
DA:26,0
DA:28,0
DA:29,0
DA:31,0
DA:32,0
DA:33,0
DA:40,0
DA:41,0
DA:42,0
DA:45,0
DA:46,0
DA:47,0
DA:48,0
DA:49,0
DA:50,0
DA:53,0
DA:64,0
DA:65,0
DA:66,0
DA:67,0
DA:70,0
DA:71,0
DA:72,0
DA:73,0
DA:75,0
DA:76,0
DA:77,0
DA:84,0
DA:85,0
DA:92,0
DA:102,0
DA:103,0
DA:104,0
DA:105,0
DA:108,0
DA:109,0
DA:110,0
DA:111,0
DA:113,0
DA:114,0
DA:115,0
DA:116,0
DA:117,0
DA:119,0
DA:127,0
DA:128,0
DA:135,0
DA:136,0
DA:143,0
DA:153,0
DA:154,0
DA:155,0
DA:156,0
DA:159,0
DA:160,0
DA:161,0
DA:162,0
DA:164,0
DA:165,0
DA:166,0
DA:173,0
DA:174,0
DA:181,0
DA:191,0
DA:192,0
DA:193,0
DA:194,0
DA:197,0
DA:198,0
DA:199,0
DA:200,0
DA:202,0
DA:203,0
DA:204,0
DA:211,0
DA:212,0
DA:219,0
DA:229,0
LF:86
LH:0
BRDA:26,0,0,0
BRDA:26,0,1,0
BRDA:34,1,0,0
BRDA:34,1,1,0
BRDA:48,2,0,0
BRDA:48,2,1,0
BRDA:56,3,0,0
BRDA:56,3,1,0
BRDA:66,4,0,0
BRDA:66,4,1,0
BRDA:95,5,0,0
BRDA:95,5,1,0
BRDA:104,6,0,0
BRDA:104,6,1,0
BRDA:122,7,0,0
BRDA:122,7,1,0
BRDA:146,8,0,0
BRDA:146,8,1,0
BRDA:155,9,0,0
BRDA:155,9,1,0
BRDA:184,10,0,0
BRDA:184,10,1,0
BRDA:193,11,0,0
BRDA:193,11,1,0
BRDA:222,12,0,0
BRDA:222,12,1,0
BRF:26
BRH:0
end_of_record
